{"numTotalTestSuites":75,"numPassedTestSuites":75,"numFailedTestSuites":0,"numPendingTestSuites":0,"numTotalTests":211,"numPassedTests":211,"numFailedTests":0,"numPendingTests":0,"numTodoTests":0,"snapshot":{"added":0,"failure":false,"filesAdded":0,"filesRemoved":0,"filesRemovedList":[],"filesUnmatched":0,"filesUpdated":0,"matched":0,"total":0,"unchecked":0,"uncheckedKeysByFile":[],"unmatched":0,"updated":0,"didUpdate":false},"startTime":1776928952484,"success":true,"testResults":[{"assertionResults":[{"ancestorTitles":["useAnimationSettings"],"fullName":"useAnimationSettings returns enabled=true and 1x multiplier","status":"passed","title":"returns enabled=true and 1x multiplier","duration":40.26170000000002,"failureMessages":[],"meta":{}},{"ancestorTitles":["useAnimationSettings"],"fullName":"useAnimationSettings has all required duration keys","status":"passed","title":"has all required duration keys","duration":4.5353000000000065,"failureMessages":[],"meta":{}}],"startTime":1776928969906,"endTime":1776928969951.5354,"status":"passed","message":"","name":"C:/MATLAB/Claude/Tichu/code/packages/client/tests/hooks/useAnimationSettings.test.ts"},{"assertionResults":[{"ancestorTitles":["useCardSelection"],"fullName":"useCardSelection returns all cards selectable when nothing selected and leading","status":"passed","title":"returns all cards selectable when nothing selected and leading","duration":26.264100000000326,"failureMessages":[],"meta":{}},{"ancestorTitles":["useCardSelection"],"fullName":"useCardSelection computes disabled cards when some are selected","status":"passed","title":"computes disabled cards when some are selected","duration":4.9539999999997235,"failureMessages":[],"meta":{}},{"ancestorTitles":["useCardSelection"],"fullName":"useCardSelection REQ-F-HV06: canPlay is true when a valid combination is selected","status":"passed","title":"REQ-F-HV06: canPlay is true when a valid combination is selected","duration":2.994499999999789,"failureMessages":[],"meta":{}},{"ancestorTitles":["useCardSelection"],"fullName":"useCardSelection REQ-F-PH10: canPlay is true when Phoenix needs choice (2+2+Phoenix full house)","status":"passed","title":"REQ-F-PH10: canPlay is true when Phoenix needs choice (2+2+Phoenix full house)","duration":3.19800000000032,"failureMessages":[],"meta":{}},{"ancestorTitles":["useCardSelection"],"fullName":"useCardSelection REQ-F-PH10: canPlay is true for JJ+AA+Phoenix over an active full-house trick","status":"passed","title":"REQ-F-PH10: canPlay is true for JJ+AA+Phoenix over an active full-house trick","duration":3.0708999999997104,"failureMessages":[],"meta":{}},{"ancestorTitles":["useCardSelection"],"fullName":"useCardSelection REQ-F-PH12: canPlay is false when phoenixResolution is invalid","status":"passed","title":"REQ-F-PH12: canPlay is false when phoenixResolution is invalid","duration":12.031500000000051,"failureMessages":[],"meta":{}},{"ancestorTitles":["useCardSelection"],"fullName":"useCardSelection REQ-F-HV07: toggleCard allows free selection of any card","status":"passed","title":"REQ-F-HV07: toggleCard allows free selection of any card","duration":34.01150000000007,"failureMessages":[],"meta":{}},{"ancestorTitles":["useCardSelection"],"fullName":"useCardSelection canPass is true when following a trick","status":"passed","title":"canPass is true when following a trick","duration":2.888800000000174,"failureMessages":[],"meta":{}},{"ancestorTitles":["useCardSelection"],"fullName":"useCardSelection canPass is false when leading","status":"passed","title":"canPass is false when leading","duration":29.179999999999836,"failureMessages":[],"meta":{}},{"ancestorTitles":["useCardSelection"],"fullName":"useCardSelection REQ-F-HV09: disabled cards have correct IDs","status":"passed","title":"REQ-F-HV09: disabled cards have correct IDs","duration":4.623000000000047,"failureMessages":[],"meta":{}},{"ancestorTitles":["useCardSelection"],"fullName":"useCardSelection phoenixResolution returns not_present when no Phoenix selected","status":"passed","title":"phoenixResolution returns not_present when no Phoenix selected","duration":17.66210000000001,"failureMessages":[],"meta":{}},{"ancestorTitles":["useCardSelection"],"fullName":"useCardSelection phoenixResolution auto-resolves for pair","status":"passed","title":"phoenixResolution auto-resolves for pair","duration":2.0385999999998603,"failureMessages":[],"meta":{}},{"ancestorTitles":["useCardSelection"],"fullName":"useCardSelection clearSelection delegates to onClearSelection","status":"passed","title":"clearSelection delegates to onClearSelection","duration":13.919800000000123,"failureMessages":[],"meta":{}},{"ancestorTitles":["useCardSelection"],"fullName":"useCardSelection REQ-F-HV03: Dog disabled when trick is active","status":"passed","title":"REQ-F-HV03: Dog disabled when trick is active","duration":2.55619999999999,"failureMessages":[],"meta":{}}],"startTime":1776928969827,"endTime":1776928969986.5562,"status":"passed","message":"","name":"C:/MATLAB/Claude/Tichu/code/packages/client/tests/hooks/useCardSelection.test.ts"},{"assertionResults":[{"ancestorTitles":["useWebSocket"],"fullName":"useWebSocket connects on mount and calls onStatusChange","status":"passed","title":"connects on mount and calls onStatusChange","duration":35.47109999999975,"failureMessages":[],"meta":{}},{"ancestorTitles":["useWebSocket"],"fullName":"useWebSocket parses and validates incoming messages with Zod","status":"passed","title":"parses and validates incoming messages with Zod","duration":8.430900000000292,"failureMessages":[],"meta":{}},{"ancestorTitles":["useWebSocket"],"fullName":"useWebSocket rejects invalid messages","status":"passed","title":"rejects invalid messages","duration":6.38970000000063,"failureMessages":[],"meta":{}},{"ancestorTitles":["useWebSocket"],"fullName":"useWebSocket rejects non-JSON messages","status":"passed","title":"rejects non-JSON messages","duration":4.162699999999859,"failureMessages":[],"meta":{}},{"ancestorTitles":["useWebSocket"],"fullName":"useWebSocket sends typed messages","status":"passed","title":"sends typed messages","duration":4.688299999999799,"failureMessages":[],"meta":{}},{"ancestorTitles":["useWebSocket"],"fullName":"useWebSocket does not send when disconnected","status":"passed","title":"does not send when disconnected","duration":4.048099999999977,"failureMessages":[],"meta":{}},{"ancestorTitles":["useWebSocket"],"fullName":"useWebSocket disconnects on unmount","status":"passed","title":"disconnects on unmount","duration":3.857100000000173,"failureMessages":[],"meta":{}},{"ancestorTitles":["useWebSocket"],"fullName":"useWebSocket reconnects with exponential backoff","status":"passed","title":"reconnects with exponential backoff","duration":5.57549999999992,"failureMessages":[],"meta":{}},{"ancestorTitles":["useWebSocket"],"fullName":"useWebSocket stops reconnecting after maxRetries","status":"passed","title":"stops reconnecting after maxRetries","duration":4.8746000000001,"failureMessages":[],"meta":{}},{"ancestorTitles":["useWebSocket"],"fullName":"useWebSocket does not reconnect when autoReconnect is false","status":"passed","title":"does not reconnect when autoReconnect is false","duration":4.023199999999633,"failureMessages":[],"meta":{}},{"ancestorTitles":["useWebSocket"],"fullName":"useWebSocket returns correct status","status":"passed","title":"returns correct status","duration":8.303400000000693,"failureMessages":[],"meta":{}}],"startTime":1776928969677,"endTime":1776928969766.3035,"status":"passed","message":"","name":"C:/MATLAB/Claude/Tichu/code/packages/client/tests/hooks/useWebSocket.test.ts"},{"assertionResults":[{"ancestorTitles":["gameStore","applyGameState"],"fullName":"gameStore applyGameState sets all fields from ClientGameView","status":"passed","title":"sets all fields from ClientGameView","duration":4.370899999999892,"failureMessages":[],"meta":{}},{"ancestorTitles":["gameStore","applyGameState"],"fullName":"gameStore applyGameState stores grandTichuDecided from view","status":"passed","title":"stores grandTichuDecided from view","duration":1.472099999999955,"failureMessages":[],"meta":{}},{"ancestorTitles":["gameStore","applyGameState"],"fullName":"gameStore applyGameState resets grandTichuDecided to empty array when view has empty array (new round)","status":"passed","title":"resets grandTichuDecided to empty array when view has empty array (new round)","duration":0.7844000000000051,"failureMessages":[],"meta":{}},{"ancestorTitles":["gameStore","applyServerMessage"],"fullName":"gameStore applyServerMessage handles TURN_CHANGE","status":"passed","title":"handles TURN_CHANGE","duration":0.7678999999998268,"failureMessages":[],"meta":{}},{"ancestorTitles":["gameStore","applyServerMessage"],"fullName":"gameStore applyServerMessage handles WISH_DECLARED","status":"passed","title":"handles WISH_DECLARED","duration":0.35170000000016444,"failureMessages":[],"meta":{}},{"ancestorTitles":["gameStore","applyServerMessage"],"fullName":"gameStore applyServerMessage handles WISH_FULFILLED","status":"passed","title":"handles WISH_FULFILLED","duration":0.24049999999988358,"failureMessages":[],"meta":{}},{"ancestorTitles":["gameStore","applyServerMessage"],"fullName":"gameStore applyServerMessage handles DRAGON_GIFT_REQUIRED and DRAGON_GIFTED","status":"passed","title":"handles DRAGON_GIFT_REQUIRED and DRAGON_GIFTED","duration":0.40659999999979846,"failureMessages":[],"meta":{}},{"ancestorTitles":["gameStore","applyServerMessage"],"fullName":"gameStore applyServerMessage handles TRICK_WON (clears trick)","status":"passed","title":"handles TRICK_WON (clears trick)","duration":0.35359999999991487,"failureMessages":[],"meta":{}},{"ancestorTitles":["gameStore","applyServerMessage"],"fullName":"gameStore applyServerMessage handles PLAYER_FINISHED","status":"passed","title":"handles PLAYER_FINISHED","duration":1.0424000000002707,"failureMessages":[],"meta":{}},{"ancestorTitles":["gameStore","applyServerMessage"],"fullName":"gameStore applyServerMessage handles TICHU_CALLED for self","status":"passed","title":"handles TICHU_CALLED for self","duration":0.33999999999969077,"failureMessages":[],"meta":{}},{"ancestorTitles":["gameStore","applyServerMessage"],"fullName":"gameStore applyServerMessage handles TICHU_CALLED for other player","status":"passed","title":"handles TICHU_CALLED for other player","duration":0.3344999999999345,"failureMessages":[],"meta":{}},{"ancestorTitles":["gameStore","applyServerMessage"],"fullName":"gameStore applyServerMessage handles ROUND_SCORED","status":"passed","title":"handles ROUND_SCORED","duration":0.3427000000001499,"failureMessages":[],"meta":{}},{"ancestorTitles":["gameStore","applyServerMessage"],"fullName":"gameStore applyServerMessage handles unknown message type gracefully","status":"passed","title":"handles unknown message type gracefully","duration":0.141399999999976,"failureMessages":[],"meta":{}},{"ancestorTitles":["gameStore","reset"],"fullName":"gameStore reset resets all state to initial values","status":"passed","title":"resets all state to initial values","duration":0.893800000000283,"failureMessages":[],"meta":{}},{"ancestorTitles":["gameStore","reset"],"fullName":"gameStore reset clears grandTichuDecided on reset","status":"passed","title":"clears grandTichuDecided on reset","duration":0.45859999999993306,"failureMessages":[],"meta":{}}],"startTime":1776928971228,"endTime":1776928971240.4585,"status":"passed","message":"","name":"C:/MATLAB/Claude/Tichu/code/packages/client/tests/stores/gameStore.test.ts"},{"assertionResults":[{"ancestorTitles":["uiStore — Dragon Gift Animation (REQ-F-DRA02)"],"fullName":"uiStore — Dragon Gift Animation (REQ-F-DRA02) initialises dragonGiftAnimation as null","status":"passed","title":"initialises dragonGiftAnimation as null","duration":2.439100000000053,"failureMessages":[],"meta":{}},{"ancestorTitles":["uiStore — Dragon Gift Animation (REQ-F-DRA02)"],"fullName":"uiStore — Dragon Gift Animation (REQ-F-DRA02) startDragonGiftAnimation sets recipient and trick","status":"passed","title":"startDragonGiftAnimation sets recipient and trick","duration":1.0509999999999309,"failureMessages":[],"meta":{}},{"ancestorTitles":["uiStore — Dragon Gift Animation (REQ-F-DRA02)"],"fullName":"uiStore — Dragon Gift Animation (REQ-F-DRA02) clearDragonGiftAnimation resets to null","status":"passed","title":"clearDragonGiftAnimation resets to null","duration":0.6498999999998887,"failureMessages":[],"meta":{}},{"ancestorTitles":["uiStore — Dragon Gift Animation (REQ-F-DRA02)"],"fullName":"uiStore — Dragon Gift Animation (REQ-F-DRA02) can overwrite an existing animation with a new one","status":"passed","title":"can overwrite an existing animation with a new one","duration":0.5958999999998014,"failureMessages":[],"meta":{}}],"startTime":1776928973752,"endTime":1776928973756.65,"status":"passed","message":"","name":"C:/MATLAB/Claude/Tichu/code/packages/client/tests/stores/uiStore-dragonGift.test.ts"},{"assertionResults":[{"ancestorTitles":["uiStore — M15 features","chat (REQ-F-MP07)"],"fullName":"uiStore — M15 features chat (REQ-F-MP07) toggleChat opens and clears unread","status":"passed","title":"toggleChat opens and clears unread","duration":3.0297999999997955,"failureMessages":[],"meta":{}},{"ancestorTitles":["uiStore — M15 features","chat (REQ-F-MP07)"],"fullName":"uiStore — M15 features chat (REQ-F-MP07) addChatMessage appends and increments unread when closed","status":"passed","title":"addChatMessage appends and increments unread when closed","duration":1.8808999999996558,"failureMessages":[],"meta":{}},{"ancestorTitles":["uiStore — M15 features","chat (REQ-F-MP07)"],"fullName":"uiStore — M15 features chat (REQ-F-MP07) addChatMessage does not increment unread when chat is open","status":"passed","title":"addChatMessage does not increment unread when chat is open","duration":0.8809000000001106,"failureMessages":[],"meta":{}},{"ancestorTitles":["uiStore — M15 features","chat (REQ-F-MP07)"],"fullName":"uiStore — M15 features chat (REQ-F-MP07) toggleChat closes when already open","status":"passed","title":"toggleChat closes when already open","duration":0.4248999999999796,"failureMessages":[],"meta":{}},{"ancestorTitles":["uiStore — M15 features","disconnect (REQ-F-ES04)"],"fullName":"uiStore — M15 features disconnect (REQ-F-ES04) addDisconnectedSeat stores the seat","status":"passed","title":"addDisconnectedSeat stores the seat","duration":1.4809000000000196,"failureMessages":[],"meta":{}},{"ancestorTitles":["uiStore — M15 features","disconnect (REQ-F-ES04)"],"fullName":"uiStore — M15 features disconnect (REQ-F-ES04) addDisconnectedSeat supports multiple seats","status":"passed","title":"addDisconnectedSeat supports multiple seats","duration":0.5226999999999862,"failureMessages":[],"meta":{}},{"ancestorTitles":["uiStore — M15 features","disconnect (REQ-F-ES04)"],"fullName":"uiStore — M15 features disconnect (REQ-F-ES04) addDisconnectedSeat does not duplicate","status":"passed","title":"addDisconnectedSeat does not duplicate","duration":0.4920000000001892,"failureMessages":[],"meta":{}},{"ancestorTitles":["uiStore — M15 features","disconnect (REQ-F-ES04)"],"fullName":"uiStore — M15 features disconnect (REQ-F-ES04) setDisconnectVoteRequired enables voting","status":"passed","title":"setDisconnectVoteRequired enables voting","duration":0.4321999999997388,"failureMessages":[],"meta":{}},{"ancestorTitles":["uiStore — M15 features","disconnect (REQ-F-ES04)"],"fullName":"uiStore — M15 features disconnect (REQ-F-ES04) setDisconnectCountdown updates countdown","status":"passed","title":"setDisconnectCountdown updates countdown","duration":0.5911999999998443,"failureMessages":[],"meta":{}},{"ancestorTitles":["uiStore — M15 features","disconnect (REQ-F-ES04)"],"fullName":"uiStore — M15 features disconnect (REQ-F-ES04) setReconnected clears disconnect state for that seat","status":"passed","title":"setReconnected clears disconnect state for that seat","duration":2.5113000000001193,"failureMessages":[],"meta":{}},{"ancestorTitles":["uiStore — M15 features","disconnect (REQ-F-ES04)"],"fullName":"uiStore — M15 features disconnect (REQ-F-ES04) clearDisconnectState resets all disconnect fields","status":"passed","title":"clearDisconnectState resets all disconnect fields","duration":0.8015000000000327,"failureMessages":[],"meta":{}},{"ancestorTitles":["uiStore — M15 features","tichu banner (REQ-NF-U02)"],"fullName":"uiStore — M15 features tichu banner (REQ-NF-U02) setTichuEvent stores the event","status":"passed","title":"setTichuEvent stores the event","duration":0.47430000000031214,"failureMessages":[],"meta":{}},{"ancestorTitles":["uiStore — M15 features","tichu banner (REQ-NF-U02)"],"fullName":"uiStore — M15 features tichu banner (REQ-NF-U02) setTichuEvent can clear the event","status":"passed","title":"setTichuEvent can clear the event","duration":0.4780000000000655,"failureMessages":[],"meta":{}}],"startTime":1776928969951,"endTime":1776928969965.478,"status":"passed","message":"","name":"C:/MATLAB/Claude/Tichu/code/packages/client/tests/stores/uiStore-m15.test.ts"},{"assertionResults":[{"ancestorTitles":["uiStore seatClaimRejection slice (REQ-F-SJ07)"],"fullName":"uiStore seatClaimRejection slice (REQ-F-SJ07) starts null","status":"passed","title":"starts null","duration":2.5956999999998516,"failureMessages":[],"meta":{}},{"ancestorTitles":["uiStore seatClaimRejection slice (REQ-F-SJ07)"],"fullName":"uiStore seatClaimRejection slice (REQ-F-SJ07) setSeatClaimRejection stores the server payload verbatim","status":"passed","title":"setSeatClaimRejection stores the server payload verbatim","duration":1.324500000000171,"failureMessages":[],"meta":{}},{"ancestorTitles":["uiStore seatClaimRejection slice (REQ-F-SJ07)"],"fullName":"uiStore seatClaimRejection slice (REQ-F-SJ07) clearSeatClaimRejection resets to null","status":"passed","title":"clearSeatClaimRejection resets to null","duration":0.7796000000003005,"failureMessages":[],"meta":{}},{"ancestorTitles":["uiStore seatClaimRejection slice (REQ-F-SJ07)"],"fullName":"uiStore seatClaimRejection slice (REQ-F-SJ07) a subsequent setSeatClaimRejection call replaces the prior payload","status":"passed","title":"a subsequent setSeatClaimRejection call replaces the prior payload","duration":1.057299999999941,"failureMessages":[],"meta":{}}],"startTime":1776928973466,"endTime":1776928973472.0574,"status":"passed","message":"","name":"C:/MATLAB/Claude/Tichu/code/packages/client/tests/stores/uiStore-seatClaimRejection.test.ts"},{"assertionResults":[{"ancestorTitles":["uiStore","card selection"],"fullName":"uiStore card selection selectCard adds a card","status":"passed","title":"selectCard adds a card","duration":15.92470000000003,"failureMessages":[],"meta":{}},{"ancestorTitles":["uiStore","card selection"],"fullName":"uiStore card selection deselectCard removes a card","status":"passed","title":"deselectCard removes a card","duration":0.6777999999999338,"failureMessages":[],"meta":{}},{"ancestorTitles":["uiStore","card selection"],"fullName":"uiStore card selection toggleCard adds then removes","status":"passed","title":"toggleCard adds then removes","duration":0.7726999999999862,"failureMessages":[],"meta":{}},{"ancestorTitles":["uiStore","card selection"],"fullName":"uiStore card selection clearSelection empties the set","status":"passed","title":"clearSelection empties the set","duration":0.6810999999997875,"failureMessages":[],"meta":{}},{"ancestorTitles":["uiStore","card selection"],"fullName":"uiStore card selection multiple cards can be selected","status":"passed","title":"multiple cards can be selected","duration":0.5239999999998872,"failureMessages":[],"meta":{}},{"ancestorTitles":["uiStore","phoenix picker"],"fullName":"uiStore phoenix picker showPhoenixPicker sets options","status":"passed","title":"showPhoenixPicker sets options","duration":1.304700000000139,"failureMessages":[],"meta":{}},{"ancestorTitles":["uiStore","phoenix picker"],"fullName":"uiStore phoenix picker hidePhoenixPicker clears options","status":"passed","title":"hidePhoenixPicker clears options","duration":0.4806000000003223,"failureMessages":[],"meta":{}},{"ancestorTitles":["uiStore","connection status"],"fullName":"uiStore connection status setConnectionStatus updates status","status":"passed","title":"setConnectionStatus updates status","duration":0.37980000000015934,"failureMessages":[],"meta":{}}],"startTime":1776928973733,"endTime":1776928973754.4807,"status":"passed","message":"","name":"C:/MATLAB/Claude/Tichu/code/packages/client/tests/stores/uiStore.test.ts"},{"assertionResults":[{"ancestorTitles":["card-utils","SUIT_SYMBOLS"],"fullName":"card-utils SUIT_SYMBOLS has symbols for all 4 suits","status":"passed","title":"has symbols for all 4 suits","duration":3.819300000000112,"failureMessages":[],"meta":{}},{"ancestorTitles":["card-utils","SUIT_LABELS"],"fullName":"card-utils SUIT_LABELS has single-char labels for all 4 suits","status":"passed","title":"has single-char labels for all 4 suits","duration":1.1575000000002547,"failureMessages":[],"meta":{}},{"ancestorTitles":["card-utils","RANK_LABELS"],"fullName":"card-utils RANK_LABELS has labels for all 13 ranks","status":"passed","title":"has labels for all 13 ranks","duration":0.9558000000001812,"failureMessages":[],"meta":{}},{"ancestorTitles":["card-utils","RANK_LABELS"],"fullName":"card-utils RANK_LABELS uses J, Q, K, A for face cards","status":"passed","title":"uses J, Q, K, A for face cards","duration":0.6109000000001288,"failureMessages":[],"meta":{}},{"ancestorTitles":["card-utils","SPECIAL_LABELS"],"fullName":"card-utils SPECIAL_LABELS has labels for all 4 special cards","status":"passed","title":"has labels for all 4 special cards","duration":0.39049999999997453,"failureMessages":[],"meta":{}},{"ancestorTitles":["card-utils","SPECIAL_NAMES"],"fullName":"card-utils SPECIAL_NAMES has full names for all 4 special cards","status":"passed","title":"has full names for all 4 special cards","duration":0.5363000000002103,"failureMessages":[],"meta":{}},{"ancestorTitles":["card-utils","suitColor"],"fullName":"card-utils suitColor returns CSS variable for each suit","status":"passed","title":"returns CSS variable for each suit","duration":0.27719999999999345,"failureMessages":[],"meta":{}},{"ancestorTitles":["card-utils","specialColor"],"fullName":"card-utils specialColor returns CSS variable for each special card","status":"passed","title":"returns CSS variable for each special card","duration":0.22280000000000655,"failureMessages":[],"meta":{}},{"ancestorTitles":["card-utils","cardAriaLabel"],"fullName":"card-utils cardAriaLabel returns readable label for standard card","status":"passed","title":"returns readable label for standard card","duration":0.2829999999999018,"failureMessages":[],"meta":{}},{"ancestorTitles":["card-utils","cardAriaLabel"],"fullName":"card-utils cardAriaLabel returns name for special cards","status":"passed","title":"returns name for special cards","duration":0.4016999999998916,"failureMessages":[],"meta":{}},{"ancestorTitles":["card-utils","cardSortKey"],"fullName":"card-utils cardSortKey sorts dog leftmost (lowest key)","status":"passed","title":"sorts dog leftmost (lowest key)","duration":0.507600000000366,"failureMessages":[],"meta":{}},{"ancestorTitles":["card-utils","cardSortKey"],"fullName":"card-utils cardSortKey sorts mahjong after dog, before 2s","status":"passed","title":"sorts mahjong after dog, before 2s","duration":0.32070000000021537,"failureMessages":[],"meta":{}},{"ancestorTitles":["card-utils","cardSortKey"],"fullName":"card-utils cardSortKey sorts phoenix after aces, before dragon","status":"passed","title":"sorts phoenix after aces, before dragon","duration":0.24119999999993524,"failureMessages":[],"meta":{}},{"ancestorTitles":["card-utils","cardSortKey"],"fullName":"card-utils cardSortKey sorts dragon rightmost (highest key)","status":"passed","title":"sorts dragon rightmost (highest key)","duration":0.5218999999997322,"failureMessages":[],"meta":{}},{"ancestorTitles":["card-utils","cardSortKey"],"fullName":"card-utils cardSortKey sorts standard cards by rank ascending (low ranks left, high ranks right)","status":"passed","title":"sorts standard cards by rank ascending (low ranks left, high ranks right)","duration":0.3989000000001397,"failureMessages":[],"meta":{}},{"ancestorTitles":["card-utils","cardSortKey"],"fullName":"card-utils cardSortKey does not group by suit — same rank different suits are adjacent","status":"passed","title":"does not group by suit — same rank different suits are adjacent","duration":0.37849999999980355,"failureMessages":[],"meta":{}}],"startTime":1776928973179,"endTime":1776928973191.3784,"status":"passed","message":"","name":"C:/MATLAB/Claude/Tichu/code/packages/client/tests/components/cards/card-utils.test.ts"},{"assertionResults":[{"ancestorTitles":["Card component","rendering"],"fullName":"Card component rendering renders a standard card with rank and suit","status":"passed","title":"renders a standard card with rank and suit","duration":397.45939999999973,"failureMessages":[],"meta":{}},{"ancestorTitles":["Card component","rendering"],"fullName":"Card component rendering renders all special cards","status":"passed","title":"renders all special cards","duration":24.743599999999788,"failureMessages":[],"meta":{}},{"ancestorTitles":["Card component","rendering"],"fullName":"Card component rendering renders face-down card when no gameCard provided","status":"passed","title":"renders face-down card when no gameCard provided","duration":6.662299999999959,"failureMessages":[],"meta":{}},{"ancestorTitles":["Card component","rendering"],"fullName":"Card component rendering renders face-down when state is faceDown","status":"passed","title":"renders face-down when state is faceDown","duration":98.65490000000045,"failureMessages":[],"meta":{}},{"ancestorTitles":["Card component","states"],"fullName":"Card component states applies selected state with aria-pressed","status":"passed","title":"applies selected state with aria-pressed","duration":55.23319999999967,"failureMessages":[],"meta":{}},{"ancestorTitles":["Card component","states"],"fullName":"Card component states disabled card has disabled attribute","status":"passed","title":"disabled card has disabled attribute","duration":45.6237000000001,"failureMessages":[],"meta":{}},{"ancestorTitles":["Card component","states"],"fullName":"Card component states normal card is not disabled","status":"passed","title":"normal card is not disabled","duration":34.037600000000566,"failureMessages":[],"meta":{}},{"ancestorTitles":["Card component","interaction"],"fullName":"Card component interaction calls onClick when clicked","status":"passed","title":"calls onClick when clicked","duration":127.76829999999973,"failureMessages":[],"meta":{}},{"ancestorTitles":["Card component","interaction"],"fullName":"Card component interaction does not call onClick when disabled","status":"passed","title":"does not call onClick when disabled","duration":109.1927999999998,"failureMessages":[],"meta":{}},{"ancestorTitles":["Card component","all 56 cards render"],"fullName":"Card component all 56 cards render renders all 52 standard cards","status":"passed","title":"renders all 52 standard cards","duration":1682.8659000000007,"failureMessages":[],"meta":{}},{"ancestorTitles":["Card component","all 56 cards render"],"fullName":"Card component all 56 cards render renders all 4 special cards","status":"passed","title":"renders all 4 special cards","duration":197.13400000000001,"failureMessages":[],"meta":{}}],"startTime":1776928959178,"endTime":1776928961958.134,"status":"passed","message":"","name":"C:/MATLAB/Claude/Tichu/code/packages/client/tests/components/cards/Card.test.tsx"},{"assertionResults":[{"ancestorTitles":["CardHand"],"fullName":"CardHand renders all cards in hand","status":"passed","title":"renders all cards in hand","duration":570.8653999999988,"failureMessages":[],"meta":{}},{"ancestorTitles":["CardHand"],"fullName":"CardHand renders cards sorted by sort key","status":"passed","title":"renders cards sorted by sort key","duration":105.96180000000095,"failureMessages":[],"meta":{}},{"ancestorTitles":["CardHand"],"fullName":"CardHand marks selected cards","status":"passed","title":"marks selected cards","duration":98.34180000000015,"failureMessages":[],"meta":{}},{"ancestorTitles":["CardHand"],"fullName":"CardHand does not disable any cards (no greying out)","status":"passed","title":"does not disable any cards (no greying out)","duration":84.6867999999995,"failureMessages":[],"meta":{}},{"ancestorTitles":["CardHand"],"fullName":"CardHand calls onCardClick with card id","status":"passed","title":"calls onCardClick with card id","duration":243.01900000000023,"failureMessages":[],"meta":{}},{"ancestorTitles":["CardHand"],"fullName":"CardHand renders face-down cards when faceDown is true","status":"passed","title":"renders face-down cards when faceDown is true","duration":198.91949999999997,"failureMessages":[],"meta":{}},{"ancestorTitles":["CardHand"],"fullName":"CardHand renders 14-card hand correctly","status":"passed","title":"renders 14-card hand correctly","duration":486.1250999999993,"failureMessages":[],"meta":{}},{"ancestorTitles":["CardHand"],"fullName":"CardHand has aria-label on hand container","status":"passed","title":"has aria-label on hand container","duration":37.379000000000815,"failureMessages":[],"meta":{}}],"startTime":1776928960315,"endTime":1776928962140.379,"status":"passed","message":"","name":"C:/MATLAB/Claude/Tichu/code/packages/client/tests/components/cards/CardHand.test.tsx"},{"assertionResults":[{"ancestorTitles":["PhoenixValuePicker"],"fullName":"PhoenixValuePicker renders dialog with correct title","status":"passed","title":"renders dialog with correct title","duration":404.59130000000005,"failureMessages":[],"meta":{}},{"ancestorTitles":["PhoenixValuePicker"],"fullName":"PhoenixValuePicker renders a button for each option","status":"passed","title":"renders a button for each option","duration":189.45740000000023,"failureMessages":[],"meta":{}},{"ancestorTitles":["PhoenixValuePicker"],"fullName":"PhoenixValuePicker calls onSelect with the chosen rank","status":"passed","title":"calls onSelect with the chosen rank","duration":243.20589999999993,"failureMessages":[],"meta":{}},{"ancestorTitles":["PhoenixValuePicker"],"fullName":"PhoenixValuePicker calls onCancel when Cancel button clicked","status":"passed","title":"calls onCancel when Cancel button clicked","duration":98.97909999999956,"failureMessages":[],"meta":{}},{"ancestorTitles":["PhoenixValuePicker"],"fullName":"PhoenixValuePicker calls onCancel when overlay clicked","status":"passed","title":"calls onCancel when overlay clicked","duration":104.50380000000041,"failureMessages":[],"meta":{}},{"ancestorTitles":["PhoenixValuePicker"],"fullName":"PhoenixValuePicker renders face card labels (J, Q, K, A)","status":"passed","title":"renders face card labels (J, Q, K, A)","duration":139.47750000000087,"failureMessages":[],"meta":{}},{"ancestorTitles":["PhoenixValuePicker"],"fullName":"PhoenixValuePicker renders subtitle text","status":"passed","title":"renders subtitle text","duration":5.669200000000274,"failureMessages":[],"meta":{}}],"startTime":1776928958799,"endTime":1776928959984.6692,"status":"passed","message":"","name":"C:/MATLAB/Claude/Tichu/code/packages/client/tests/components/cards/PhoenixValuePicker.test.tsx"},{"assertionResults":[{"ancestorTitles":["ActionBar"],"fullName":"ActionBar renders Play and Pass buttons when it is my turn and playing","status":"passed","title":"renders Play and Pass buttons when it is my turn and playing","duration":515.8446000000004,"failureMessages":[],"meta":{}},{"ancestorTitles":["ActionBar"],"fullName":"ActionBar hides Play/Pass when not my turn","status":"passed","title":"hides Play/Pass when not my turn","duration":4.61239999999998,"failureMessages":[],"meta":{}},{"ancestorTitles":["ActionBar"],"fullName":"ActionBar disables Play when canPlay is false","status":"passed","title":"disables Play when canPlay is false","duration":86.19130000000041,"failureMessages":[],"meta":{}},{"ancestorTitles":["ActionBar"],"fullName":"ActionBar enables Play when canPlay is true","status":"passed","title":"enables Play when canPlay is true","duration":83.90279999999984,"failureMessages":[],"meta":{}},{"ancestorTitles":["ActionBar"],"fullName":"ActionBar disables Pass when canPass is false","status":"passed","title":"disables Pass when canPass is false","duration":49.35779999999977,"failureMessages":[],"meta":{}},{"ancestorTitles":["ActionBar"],"fullName":"ActionBar enables Pass when canPass is true","status":"passed","title":"enables Pass when canPass is true","duration":100.33230000000003,"failureMessages":[],"meta":{}},{"ancestorTitles":["ActionBar"],"fullName":"ActionBar calls onPlay when Play is clicked","status":"passed","title":"calls onPlay when Play is clicked","duration":188.66939999999977,"failureMessages":[],"meta":{}},{"ancestorTitles":["ActionBar"],"fullName":"ActionBar calls onPass when Pass is clicked","status":"passed","title":"calls onPass when Pass is clicked","duration":156.45390000000043,"failureMessages":[],"meta":{}},{"ancestorTitles":["ActionBar"],"fullName":"ActionBar Tichu button moved to card hand area (not in ActionBar)","status":"passed","title":"Tichu button moved to card hand area (not in ActionBar)","duration":45.24759999999969,"failureMessages":[],"meta":{}},{"ancestorTitles":["ActionBar"],"fullName":"ActionBar has toolbar role","status":"passed","title":"has toolbar role","duration":26.67739999999958,"failureMessages":[],"meta":{}},{"ancestorTitles":["ActionBar","Auto-pass toggle"],"fullName":"ActionBar Auto-pass toggle is not rendered when showAutoPass is false (default)","status":"passed","title":"is not rendered when showAutoPass is false (default)","duration":4.547899999999572,"failureMessages":[],"meta":{}},{"ancestorTitles":["ActionBar","Auto-pass toggle"],"fullName":"ActionBar Auto-pass toggle is rendered when showAutoPass is true and not my turn","status":"passed","title":"is rendered when showAutoPass is true and not my turn","duration":63.67399999999998,"failureMessages":[],"meta":{}},{"ancestorTitles":["ActionBar","Auto-pass toggle"],"fullName":"ActionBar Auto-pass toggle shows Pass button instead of toggle when my turn and auto-pass off","status":"passed","title":"shows Pass button instead of toggle when my turn and auto-pass off","duration":47.19380000000001,"failureMessages":[],"meta":{}},{"ancestorTitles":["ActionBar","Auto-pass toggle"],"fullName":"ActionBar Auto-pass toggle shows toggle instead of Pass when my turn and auto-pass on","status":"passed","title":"shows toggle instead of Pass when my turn and auto-pass on","duration":60.737600000000384,"failureMessages":[],"meta":{}},{"ancestorTitles":["ActionBar","Auto-pass toggle"],"fullName":"ActionBar Auto-pass toggle is unchecked by default","status":"passed","title":"is unchecked by default","duration":73.43910000000051,"failureMessages":[],"meta":{}},{"ancestorTitles":["ActionBar","Auto-pass toggle"],"fullName":"ActionBar Auto-pass toggle calls onAutoPassToggle when clicked","status":"passed","title":"calls onAutoPassToggle when clicked","duration":99.14279999999962,"failureMessages":[],"meta":{}},{"ancestorTitles":["ActionBar","Auto-pass toggle"],"fullName":"ActionBar Auto-pass toggle does not suppress bomb button when auto-pass is enabled","status":"passed","title":"does not suppress bomb button when auto-pass is enabled","duration":61.472999999999956,"failureMessages":[],"meta":{}}],"startTime":1776928958803,"endTime":1776928960471.473,"status":"passed","message":"","name":"C:/MATLAB/Claude/Tichu/code/packages/client/tests/components/game/ActionBar.test.tsx"},{"assertionResults":[{"ancestorTitles":["AnimatedScore (REQ-NF-U02)"],"fullName":"AnimatedScore (REQ-NF-U02) renders the initial value immediately","status":"passed","title":"renders the initial value immediately","duration":44.59989999999971,"failureMessages":[],"meta":{}},{"ancestorTitles":["AnimatedScore (REQ-NF-U02)"],"fullName":"AnimatedScore (REQ-NF-U02) renders zero","status":"passed","title":"renders zero","duration":6.16840000000002,"failureMessages":[],"meta":{}},{"ancestorTitles":["AnimatedScore (REQ-NF-U02)"],"fullName":"AnimatedScore (REQ-NF-U02) renders negative values","status":"passed","title":"renders negative values","duration":4.183300000000145,"failureMessages":[],"meta":{}},{"ancestorTitles":["AnimatedScore (REQ-NF-U02)"],"fullName":"AnimatedScore (REQ-NF-U02) applies custom className","status":"passed","title":"applies custom className","duration":11.81269999999995,"failureMessages":[],"meta":{}}],"startTime":1776928968968,"endTime":1776928969034.8127,"status":"passed","message":"","name":"C:/MATLAB/Claude/Tichu/code/packages/client/tests/components/game/AnimatedScore.test.tsx"},{"assertionResults":[{"ancestorTitles":["ChatPanel (REQ-F-MP07)"],"fullName":"ChatPanel (REQ-F-MP07) renders toggle button when closed","status":"passed","title":"renders toggle button when closed","duration":56.19409999999971,"failureMessages":[],"meta":{}},{"ancestorTitles":["ChatPanel (REQ-F-MP07)"],"fullName":"ChatPanel (REQ-F-MP07) shows unread badge when there are unread messages","status":"passed","title":"shows unread badge when there are unread messages","duration":13.900000000000091,"failureMessages":[],"meta":{}},{"ancestorTitles":["ChatPanel (REQ-F-MP07)"],"fullName":"ChatPanel (REQ-F-MP07) renders chat panel when open","status":"passed","title":"renders chat panel when open","duration":49.447999999999865,"failureMessages":[],"meta":{}},{"ancestorTitles":["ChatPanel (REQ-F-MP07)"],"fullName":"ChatPanel (REQ-F-MP07) shows empty state when no messages","status":"passed","title":"shows empty state when no messages","duration":8.019199999999728,"failureMessages":[],"meta":{}},{"ancestorTitles":["ChatPanel (REQ-F-MP07)"],"fullName":"ChatPanel (REQ-F-MP07) calls onSend when submitting a message","status":"passed","title":"calls onSend when submitting a message","duration":24.610200000000077,"failureMessages":[],"meta":{}},{"ancestorTitles":["ChatPanel (REQ-F-MP07)"],"fullName":"ChatPanel (REQ-F-MP07) does not send empty messages","status":"passed","title":"does not send empty messages","duration":7.576199999999972,"failureMessages":[],"meta":{}},{"ancestorTitles":["ChatPanel (REQ-F-MP07)"],"fullName":"ChatPanel (REQ-F-MP07) calls onToggle when close button clicked","status":"passed","title":"calls onToggle when close button clicked","duration":7.9987999999998465,"failureMessages":[],"meta":{}},{"ancestorTitles":["ChatPanel (REQ-F-MP07)"],"fullName":"ChatPanel (REQ-F-MP07) send button is disabled when input is empty","status":"passed","title":"send button is disabled when input is empty","duration":53.35909999999967,"failureMessages":[],"meta":{}}],"startTime":1776928966099,"endTime":1776928966321.3591,"status":"passed","message":"","name":"C:/MATLAB/Claude/Tichu/code/packages/client/tests/components/game/ChatPanel.test.tsx"},{"assertionResults":[{"ancestorTitles":["GameTable"],"fullName":"GameTable renders game table with opponent and partner seats","status":"passed","title":"renders game table with opponent and partner seats","duration":114.77400000000034,"failureMessages":[],"meta":{}},{"ancestorTitles":["GameTable"],"fullName":"GameTable shows trick area","status":"passed","title":"shows trick area","duration":36.54749999999967,"failureMessages":[],"meta":{}},{"ancestorTitles":["GameTable"],"fullName":"GameTable positions opponents correctly when mySeat changes","status":"passed","title":"positions opponents correctly when mySeat changes","duration":28.008499999999913,"failureMessages":[],"meta":{}},{"ancestorTitles":["GameTable"],"fullName":"GameTable shows Tichu call on opponent","status":"passed","title":"shows Tichu call on opponent","duration":21.515699999999924,"failureMessages":[],"meta":{}}],"startTime":1776928967070,"endTime":1776928967272.5156,"status":"passed","message":"","name":"C:/MATLAB/Claude/Tichu/code/packages/client/tests/components/game/GameTable.test.tsx"},{"assertionResults":[{"ancestorTitles":["PlayerSeat"],"fullName":"PlayerSeat renders seat with name and card count","status":"passed","title":"renders seat with name and card count","duration":94.51709999999912,"failureMessages":[],"meta":{}},{"ancestorTitles":["PlayerSeat"],"fullName":"PlayerSeat renders text card count for own seat","status":"passed","title":"renders text card count for own seat","duration":4.644400000000132,"failureMessages":[],"meta":{}},{"ancestorTitles":["PlayerSeat"],"fullName":"PlayerSeat renders custom display name","status":"passed","title":"renders custom display name","duration":10.014799999999923,"failureMessages":[],"meta":{}},{"ancestorTitles":["PlayerSeat"],"fullName":"PlayerSeat shows Tichu banner when called","status":"passed","title":"shows Tichu banner when called","duration":13.797500000000582,"failureMessages":[],"meta":{}},{"ancestorTitles":["PlayerSeat"],"fullName":"PlayerSeat shows Grand Tichu banner when called","status":"passed","title":"shows Grand Tichu banner when called","duration":19.881199999999808,"failureMessages":[],"meta":{}},{"ancestorTitles":["PlayerSeat"],"fullName":"PlayerSeat shows pass indicator","status":"passed","title":"shows pass indicator","duration":13.744500000000698,"failureMessages":[],"meta":{}},{"ancestorTitles":["PlayerSeat"],"fullName":"PlayerSeat shows finish order badge","status":"passed","title":"shows finish order badge","duration":9.673499999999876,"failureMessages":[],"meta":{}},{"ancestorTitles":["PlayerSeat"],"fullName":"PlayerSeat highlights current turn","status":"passed","title":"highlights current turn","duration":15.836100000000442,"failureMessages":[],"meta":{}},{"ancestorTitles":["PlayerSeat"],"fullName":"PlayerSeat highlights own seat","status":"passed","title":"highlights own seat","duration":4.98279999999977,"failureMessages":[],"meta":{}},{"ancestorTitles":["PlayerSeat"],"fullName":"PlayerSeat shows initial when no finish order","status":"passed","title":"shows initial when no finish order","duration":7.759399999999914,"failureMessages":[],"meta":{}}],"startTime":1776928965153,"endTime":1776928965348.7595,"status":"passed","message":"","name":"C:/MATLAB/Claude/Tichu/code/packages/client/tests/components/game/PlayerSeat.test.tsx"},{"assertionResults":[{"ancestorTitles":["ScorePanel"],"fullName":"ScorePanel REQ-F-DI05: renders current scores","status":"passed","title":"REQ-F-DI05: renders current scores","duration":68.14720000000034,"failureMessages":[],"meta":{}},{"ancestorTitles":["ScorePanel"],"fullName":"ScorePanel renders player names in team layout","status":"passed","title":"renders player names in team layout","duration":16.290899999999965,"failureMessages":[],"meta":{}},{"ancestorTitles":["ScorePanel"],"fullName":"ScorePanel renders target score","status":"passed","title":"renders target score","duration":10.235400000000482,"failureMessages":[],"meta":{}},{"ancestorTitles":["ScorePanel"],"fullName":"ScorePanel REQ-F-DI04: shows tichu call badges","status":"passed","title":"REQ-F-DI04: shows tichu call badges","duration":7.523799999999937,"failureMessages":[],"meta":{}},{"ancestorTitles":["ScorePanel"],"fullName":"ScorePanel hides tichu calls when none active","status":"passed","title":"hides tichu calls when none active","duration":5.906500000000051,"failureMessages":[],"meta":{}},{"ancestorTitles":["ScorePanel"],"fullName":"ScorePanel shows history toggle button when rounds exist","status":"passed","title":"shows history toggle button when rounds exist","duration":7.739300000000185,"failureMessages":[],"meta":{}},{"ancestorTitles":["ScorePanel"],"fullName":"ScorePanel expands round history on toggle click","status":"passed","title":"expands round history on toggle click","duration":470.7462999999998,"failureMessages":[],"meta":{}},{"ancestorTitles":["ScorePanel"],"fullName":"ScorePanel hides history toggle when no rounds","status":"passed","title":"hides history toggle when no rounds","duration":5.158399999999347,"failureMessages":[],"meta":{}},{"ancestorTitles":["ScorePanel"],"fullName":"ScorePanel has score panel aria-label","status":"passed","title":"has score panel aria-label","duration":6.009799999999814,"failureMessages":[],"meta":{}}],"startTime":1776928964809,"endTime":1776928965407.0098,"status":"passed","message":"","name":"C:/MATLAB/Claude/Tichu/code/packages/client/tests/components/game/ScorePanel.test.tsx"},{"assertionResults":[{"ancestorTitles":["SeatClaimRejectedDialog (REQ-F-SJ07)"],"fullName":"SeatClaimRejectedDialog (REQ-F-SJ07) renders nothing when rejection is null","status":"passed","title":"renders nothing when rejection is null","duration":34.44959999999992,"failureMessages":[],"meta":{}},{"ancestorTitles":["SeatClaimRejectedDialog (REQ-F-SJ07)"],"fullName":"SeatClaimRejectedDialog (REQ-F-SJ07) displays the server-provided reason text","status":"passed","title":"displays the server-provided reason text","duration":560.9129999999996,"failureMessages":[],"meta":{}},{"ancestorTitles":["SeatClaimRejectedDialog (REQ-F-SJ07)"],"fullName":"SeatClaimRejectedDialog (REQ-F-SJ07) shows the \"Claim {originalSeat} instead\" button when offerClaimOriginal is true","status":"passed","title":"shows the \"Claim {originalSeat} instead\" button when offerClaimOriginal is true","duration":304.59919999999966,"failureMessages":[],"meta":{}},{"ancestorTitles":["SeatClaimRejectedDialog (REQ-F-SJ07)"],"fullName":"SeatClaimRejectedDialog (REQ-F-SJ07) hides the \"Claim {originalSeat} instead\" button when offerClaimOriginal is false","status":"passed","title":"hides the \"Claim {originalSeat} instead\" button when offerClaimOriginal is false","duration":131.84079999999994,"failureMessages":[],"meta":{}},{"ancestorTitles":["SeatClaimRejectedDialog (REQ-F-SJ07)"],"fullName":"SeatClaimRejectedDialog (REQ-F-SJ07) clicking \"Claim {originalSeat} instead\" invokes onClaimOriginal with originalSeat + closes","status":"passed","title":"clicking \"Claim {originalSeat} instead\" invokes onClaimOriginal with originalSeat + closes","duration":190.04210000000057,"failureMessages":[],"meta":{}},{"ancestorTitles":["SeatClaimRejectedDialog (REQ-F-SJ07)"],"fullName":"SeatClaimRejectedDialog (REQ-F-SJ07) clicking Close invokes onClose without onClaimOriginal","status":"passed","title":"clicking Close invokes onClose without onClaimOriginal","duration":196.6815999999999,"failureMessages":[],"meta":{}},{"ancestorTitles":["SeatClaimRejectedDialog (REQ-F-SJ07)"],"fullName":"SeatClaimRejectedDialog (REQ-F-SJ07) clicking the backdrop dismisses via onClose (bubble from overlay, not inner panel)","status":"passed","title":"clicking the backdrop dismisses via onClose (bubble from overlay, not inner panel)","duration":85.78670000000056,"failureMessages":[],"meta":{}},{"ancestorTitles":["SeatClaimRejectedDialog (REQ-F-SJ07)"],"fullName":"SeatClaimRejectedDialog (REQ-F-SJ07) clicking inside the inner panel does NOT dismiss (stopPropagation)","status":"passed","title":"clicking inside the inner panel does NOT dismiss (stopPropagation)","duration":117.07349999999951,"failureMessages":[],"meta":{}},{"ancestorTitles":["SeatClaimRejectedDialog (REQ-F-SJ07)"],"fullName":"SeatClaimRejectedDialog (REQ-F-SJ07) updates content when the rejection prop changes between renders","status":"passed","title":"updates content when the rejection prop changes between renders","duration":255.72350000000006,"failureMessages":[],"meta":{}}],"startTime":1776928958826,"endTime":1776928960703.7234,"status":"passed","message":"","name":"C:/MATLAB/Claude/Tichu/code/packages/client/tests/components/game/SeatClaimRejectedDialog.test.tsx"},{"assertionResults":[{"ancestorTitles":["TichuBanner (REQ-NF-U02)"],"fullName":"TichuBanner (REQ-NF-U02) renders nothing when no tichu event","status":"passed","title":"renders nothing when no tichu event","duration":28.556000000000495,"failureMessages":[],"meta":{}},{"ancestorTitles":["TichuBanner (REQ-NF-U02)"],"fullName":"TichuBanner (REQ-NF-U02) renders regular tichu banner","status":"passed","title":"renders regular tichu banner","duration":73.3726999999999,"failureMessages":[],"meta":{}},{"ancestorTitles":["TichuBanner (REQ-NF-U02)"],"fullName":"TichuBanner (REQ-NF-U02) renders grand tichu banner","status":"passed","title":"renders grand tichu banner","duration":12.67489999999998,"failureMessages":[],"meta":{}},{"ancestorTitles":["TichuBanner (REQ-NF-U02)"],"fullName":"TichuBanner (REQ-NF-U02) does not render for none level","status":"passed","title":"does not render for none level","duration":8.765600000000632,"failureMessages":[],"meta":{}},{"ancestorTitles":["TichuBanner (REQ-NF-U02)"],"fullName":"TichuBanner (REQ-NF-U02) has alert role for accessibility","status":"passed","title":"has alert role for accessibility","duration":269.8710999999994,"failureMessages":[],"meta":{}}],"startTime":1776928965450,"endTime":1776928965843.871,"status":"passed","message":"","name":"C:/MATLAB/Claude/Tichu/code/packages/client/tests/components/game/TichuBanner.test.tsx"},{"assertionResults":[{"ancestorTitles":["TrickDisplay — Dragon Gift Animation (M3)"],"fullName":"TrickDisplay — Dragon Gift Animation (M3) renders the trick when dragonGiftPending and trick is present","status":"passed","title":"renders the trick when dragonGiftPending and trick is present","duration":93.63160000000062,"failureMessages":[],"meta":{}},{"ancestorTitles":["TrickDisplay — Dragon Gift Animation (M3)"],"fullName":"TrickDisplay — Dragon Gift Animation (M3) renders dragonGiftAnimation trick when store trick is null","status":"passed","title":"renders dragonGiftAnimation trick when store trick is null","duration":17.355100000000675,"failureMessages":[],"meta":{}},{"ancestorTitles":["TrickDisplay — Dragon Gift Animation (M3)"],"fullName":"TrickDisplay — Dragon Gift Animation (M3) shows empty play area when both trick and dragonGiftAnimation are null","status":"passed","title":"shows empty play area when both trick and dragonGiftAnimation are null","duration":6.748499999999694,"failureMessages":[],"meta":{}},{"ancestorTitles":["TrickDisplay — Dragon Gift Animation (M3)"],"fullName":"TrickDisplay — Dragon Gift Animation (M3) renders normally without dragonGiftAnimation prop","status":"passed","title":"renders normally without dragonGiftAnimation prop","duration":12.42950000000019,"failureMessages":[],"meta":{}},{"ancestorTitles":["TrickDisplay — Dragon Gift Animation (M3)"],"fullName":"TrickDisplay — Dragon Gift Animation (M3) prefers store trick over dragonGiftAnimation when both exist","status":"passed","title":"prefers store trick over dragonGiftAnimation when both exist","duration":15.882699999999204,"failureMessages":[],"meta":{}}],"startTime":1776928970469,"endTime":1776928970614.8828,"status":"passed","message":"","name":"C:/MATLAB/Claude/Tichu/code/packages/client/tests/components/game/TrickDisplay-dragonGift.test.tsx"},{"assertionResults":[{"ancestorTitles":["TrickDisplay"],"fullName":"TrickDisplay REQ-F-DI06: renders trick area with aria label","status":"passed","title":"REQ-F-DI06: renders trick area with aria label","duration":65.63580000000002,"failureMessages":[],"meta":{}},{"ancestorTitles":["TrickDisplay"],"fullName":"TrickDisplay shows \"Play Area\" box when no trick is active","status":"passed","title":"shows \"Play Area\" box when no trick is active","duration":20.022899999999936,"failureMessages":[],"meta":{}},{"ancestorTitles":["TrickDisplay"],"fullName":"TrickDisplay renders plays when trick has cards","status":"passed","title":"renders plays when trick has cards","duration":51.78160000000025,"failureMessages":[],"meta":{}},{"ancestorTitles":["TrickDisplay"],"fullName":"TrickDisplay REQ-F-DI02: highlights the current winner","status":"passed","title":"REQ-F-DI02: highlights the current winner","duration":16.83259999999973,"failureMessages":[],"meta":{}},{"ancestorTitles":["TrickDisplay"],"fullName":"TrickDisplay pass indicators are handled by PlayerSeat (not in TrickDisplay)","status":"passed","title":"pass indicators are handled by PlayerSeat (not in TrickDisplay)","duration":13.060500000000502,"failureMessages":[],"meta":{}},{"ancestorTitles":["TrickDisplay"],"fullName":"TrickDisplay REQ-F-DI07: shows wish indicator when wish is active","status":"passed","title":"REQ-F-DI07: shows wish indicator when wish is active","duration":10.332300000000032,"failureMessages":[],"meta":{}},{"ancestorTitles":["TrickDisplay"],"fullName":"TrickDisplay hides wish indicator when wish is fulfilled","status":"passed","title":"hides wish indicator when wish is fulfilled","duration":4.5614000000005035,"failureMessages":[],"meta":{}},{"ancestorTitles":["TrickDisplay"],"fullName":"TrickDisplay centers the latest play in the trick area","status":"passed","title":"centers the latest play in the trick area","duration":9.806300000000192,"failureMessages":[],"meta":{}},{"ancestorTitles":["TrickDisplay"],"fullName":"TrickDisplay shows only the latest play in a multi-play trick","status":"passed","title":"shows only the latest play in a multi-play trick","duration":14.526600000000144,"failureMessages":[],"meta":{}}],"startTime":1776928966004,"endTime":1776928966210.5266,"status":"passed","message":"","name":"C:/MATLAB/Claude/Tichu/code/packages/client/tests/components/game/TrickDisplay.test.tsx"},{"assertionResults":[{"ancestorTitles":["WishPicker"],"fullName":"WishPicker renders 13 rank buttons (2-A) plus No Wish","status":"passed","title":"renders 13 rank buttons (2-A) plus No Wish","duration":813.2875000000004,"failureMessages":[],"meta":{}},{"ancestorTitles":["WishPicker"],"fullName":"WishPicker calls onSelect with the chosen rank","status":"passed","title":"calls onSelect with the chosen rank","duration":304.4801000000007,"failureMessages":[],"meta":{}},{"ancestorTitles":["WishPicker"],"fullName":"WishPicker calls onSelect with null when No Wish clicked","status":"passed","title":"calls onSelect with null when No Wish clicked","duration":115.28029999999944,"failureMessages":[],"meta":{}},{"ancestorTitles":["WishPicker"],"fullName":"WishPicker calls onCancel when overlay clicked","status":"passed","title":"calls onCancel when overlay clicked","duration":56.66699999999946,"failureMessages":[],"meta":{}},{"ancestorTitles":["WishPicker"],"fullName":"WishPicker renders dialog with correct title","status":"passed","title":"renders dialog with correct title","duration":39.09090000000015,"failureMessages":[],"meta":{}}],"startTime":1776928958834,"endTime":1776928960163.0908,"status":"passed","message":"","name":"C:/MATLAB/Claude/Tichu/code/packages/client/tests/components/game/WishPicker.test.tsx"},{"assertionResults":[{"ancestorTitles":["GameEndPhase"],"fullName":"GameEndPhase shows game over dialog","status":"passed","title":"shows game over dialog","duration":495.4881000000005,"failureMessages":[],"meta":{}},{"ancestorTitles":["GameEndPhase"],"fullName":"GameEndPhase REQ-F-GS02: shows You won! when on winning team","status":"passed","title":"REQ-F-GS02: shows You won! when on winning team","duration":37.34690000000046,"failureMessages":[],"meta":{}},{"ancestorTitles":["GameEndPhase"],"fullName":"GameEndPhase REQ-F-GS02: shows You lost! when on losing team","status":"passed","title":"REQ-F-GS02: shows You lost! when on losing team","duration":13.251800000000003,"failureMessages":[],"meta":{}},{"ancestorTitles":["GameEndPhase"],"fullName":"GameEndPhase REQ-F-GS08: shows final scores","status":"passed","title":"REQ-F-GS08: shows final scores","duration":27.786799999999857,"failureMessages":[],"meta":{}},{"ancestorTitles":["GameEndPhase"],"fullName":"GameEndPhase REQ-F-GS03: shows 2-column stat layout","status":"passed","title":"REQ-F-GS03: shows 2-column stat layout","duration":14.47400000000016,"failureMessages":[],"meta":{}},{"ancestorTitles":["GameEndPhase"],"fullName":"GameEndPhase REQ-F-GS10: calls onNewGame when Start New Game clicked","status":"passed","title":"REQ-F-GS10: calls onNewGame when Start New Game clicked","duration":143.9348,"failureMessages":[],"meta":{}}],"startTime":1776928964605,"endTime":1776928965336.9348,"status":"passed","message":"","name":"C:/MATLAB/Claude/Tichu/code/packages/client/tests/components/phases/GameEndPhase.test.tsx"},{"assertionResults":[{"ancestorTitles":["PreGamePhase","Grand Tichu Decision"],"fullName":"PreGamePhase Grand Tichu Decision REQ-F-GF09: shows Grand Tichu prompt","status":"passed","title":"REQ-F-GF09: shows Grand Tichu prompt","duration":71.0018,"failureMessages":[],"meta":{}},{"ancestorTitles":["PreGamePhase","Grand Tichu Decision"],"fullName":"PreGamePhase Grand Tichu Decision calls onGrandTichuDecision(true) on call","status":"passed","title":"calls onGrandTichuDecision(true) on call","duration":576.8383999999996,"failureMessages":[],"meta":{}},{"ancestorTitles":["PreGamePhase","Grand Tichu Decision"],"fullName":"PreGamePhase Grand Tichu Decision calls onGrandTichuDecision(false) on pass","status":"passed","title":"calls onGrandTichuDecision(false) on pass","duration":134.2545999999993,"failureMessages":[],"meta":{}},{"ancestorTitles":["PreGamePhase","Grand Tichu Decision"],"fullName":"PreGamePhase Grand Tichu Decision REQ-F-GT04: shows card passing UI after player has decided","status":"passed","title":"REQ-F-GT04: shows card passing UI after player has decided","duration":147.91229999999996,"failureMessages":[],"meta":{}},{"ancestorTitles":["PreGamePhase","Card Passing"],"fullName":"PreGamePhase Card Passing REQ-F-GF02: shows card passing title and instruction","status":"passed","title":"REQ-F-GF02: shows card passing title and instruction","duration":11.028900000000249,"failureMessages":[],"meta":{}},{"ancestorTitles":["PreGamePhase","Card Passing"],"fullName":"PreGamePhase Card Passing shows placeholder slots for all 3 targets","status":"passed","title":"shows placeholder slots for all 3 targets","duration":9.56420000000071,"failureMessages":[],"meta":{}},{"ancestorTitles":["PreGamePhase"],"fullName":"PreGamePhase returns null for unknown phase","status":"passed","title":"returns null for unknown phase","duration":3.1253999999998996,"failureMessages":[],"meta":{}}],"startTime":1776928959185,"endTime":1776928960139.1255,"status":"passed","message":"","name":"C:/MATLAB/Claude/Tichu/code/packages/client/tests/components/phases/PreGamePhase.test.tsx"}]}