{"numTotalTestSuites":359,"numPassedTestSuites":359,"numFailedTestSuites":0,"numPendingTestSuites":0,"numTotalTests":808,"numPassedTests":808,"numFailedTests":0,"numPendingTests":0,"numTodoTests":0,"snapshot":{"added":0,"failure":false,"filesAdded":0,"filesRemoved":0,"filesRemovedList":[],"filesUnmatched":0,"filesUpdated":0,"matched":0,"total":0,"unchecked":0,"uncheckedKeysByFile":[],"unmatched":0,"updated":0,"didUpdate":false},"startTime":1776927330999,"success":true,"testResults":[{"assertionResults":[{"ancestorTitles":["@tichu/server"],"fullName":"@tichu/server smoke test: package loads","status":"passed","title":"smoke test: package loads","duration":2.137899999999945,"failureMessages":[],"meta":{}}],"startTime":1776927340873,"endTime":1776927340875.138,"status":"passed","message":"","name":"C:/MATLAB/Claude/Tichu/code/packages/server/tests/smoke.test.ts"},{"assertionResults":[{"ancestorTitles":["account auth","verifyToken"],"fullName":"account auth verifyToken should verify a valid JWT token","status":"passed","title":"should verify a valid JWT token","duration":8.251099999999951,"failureMessages":[],"meta":{}},{"ancestorTitles":["account auth","verifyToken"],"fullName":"account auth verifyToken should return null for invalid token","status":"passed","title":"should return null for invalid token","duration":0.2579000000000633,"failureMessages":[],"meta":{}},{"ancestorTitles":["account auth","verifyToken"],"fullName":"account auth verifyToken should return null for expired token","status":"passed","title":"should return null for expired token","duration":2.1322000000000116,"failureMessages":[],"meta":{}},{"ancestorTitles":["account auth","verifyToken"],"fullName":"account auth verifyToken should return null for token signed with wrong secret","status":"passed","title":"should return null for token signed with wrong secret","duration":2.080600000000004,"failureMessages":[],"meta":{}},{"ancestorTitles":["account auth","verifyToken"],"fullName":"account auth verifyToken should return null for empty string","status":"passed","title":"should return null for empty string","duration":0.2233000000001084,"failureMessages":[],"meta":{}},{"ancestorTitles":["account auth","validateUsername"],"fullName":"account auth validateUsername should accept valid usernames","status":"passed","title":"should accept valid usernames","duration":1.2819999999999254,"failureMessages":[],"meta":{}},{"ancestorTitles":["account auth","validateUsername"],"fullName":"account auth validateUsername should reject empty username","status":"passed","title":"should reject empty username","duration":0.45260000000007494,"failureMessages":[],"meta":{}},{"ancestorTitles":["account auth","validateUsername"],"fullName":"account auth validateUsername should reject username over 30 chars","status":"passed","title":"should reject username over 30 chars","duration":0.3952999999999065,"failureMessages":[],"meta":{}},{"ancestorTitles":["account auth","validateUsername"],"fullName":"account auth validateUsername should reject username with leading or trailing spaces","status":"passed","title":"should reject username with leading or trailing spaces","duration":0.4574999999999818,"failureMessages":[],"meta":{}},{"ancestorTitles":["account auth","validateUsername"],"fullName":"account auth validateUsername should reject \"bot\" in any case","status":"passed","title":"should reject \"bot\" in any case","duration":0.5334000000000287,"failureMessages":[],"meta":{}},{"ancestorTitles":["account auth","validateUsername"],"fullName":"account auth validateUsername should accept usernames containing \"bot\" as substring","status":"passed","title":"should accept usernames containing \"bot\" as substring","duration":0.26909999999998035,"failureMessages":[],"meta":{}},{"ancestorTitles":["account auth","registerAccount"],"fullName":"account auth registerAccount should register a new user with username","status":"passed","title":"should register a new user with username","duration":221.53700000000003,"failureMessages":[],"meta":{}},{"ancestorTitles":["account auth","registerAccount"],"fullName":"account auth registerAccount should reject duplicate username","status":"passed","title":"should reject duplicate username","duration":2.536999999999807,"failureMessages":[],"meta":{}},{"ancestorTitles":["account auth","registerAccount"],"fullName":"account auth registerAccount should reject duplicate email","status":"passed","title":"should reject duplicate email","duration":1.302299999999832,"failureMessages":[],"meta":{}},{"ancestorTitles":["account auth","registerAccount"],"fullName":"account auth registerAccount should upgrade a guest account","status":"passed","title":"should upgrade a guest account","duration":209.2878999999998,"failureMessages":[],"meta":{}},{"ancestorTitles":["account auth","registerAccount"],"fullName":"account auth registerAccount should reject non-guest upgrade","status":"passed","title":"should reject non-guest upgrade","duration":190.8719000000001,"failureMessages":[],"meta":{}},{"ancestorTitles":["account auth","registerAccount"],"fullName":"account auth registerAccount should reject \"bot\" as username","status":"passed","title":"should reject \"bot\" as username","duration":0.7377000000001317,"failureMessages":[],"meta":{}},{"ancestorTitles":["account auth","registerAccount"],"fullName":"account auth registerAccount should reject username with leading/trailing spaces","status":"passed","title":"should reject username with leading/trailing spaces","duration":0.6372999999998683,"failureMessages":[],"meta":{}},{"ancestorTitles":["account auth","loginAccount"],"fullName":"account auth loginAccount should login with email (contains @)","status":"passed","title":"should login with email (contains @)","duration":384.28189999999995,"failureMessages":[],"meta":{}},{"ancestorTitles":["account auth","loginAccount"],"fullName":"account auth loginAccount should login with username (no @)","status":"passed","title":"should login with username (no @)","duration":403.2587000000003,"failureMessages":[],"meta":{}},{"ancestorTitles":["account auth","loginAccount"],"fullName":"account auth loginAccount should reject wrong password","status":"passed","title":"should reject wrong password","duration":356.12249999999995,"failureMessages":[],"meta":{}},{"ancestorTitles":["account auth","loginAccount"],"fullName":"account auth loginAccount should reject non-existent user","status":"passed","title":"should reject non-existent user","duration":1.2398000000002867,"failureMessages":[],"meta":{}},{"ancestorTitles":["account auth","loginAccount"],"fullName":"account auth loginAccount should reject non-existent username","status":"passed","title":"should reject non-existent username","duration":0.7579000000000633,"failureMessages":[],"meta":{}}],"startTime":1776927332969,"endTime":1776927334760.7578,"status":"passed","message":"","name":"C:/MATLAB/Claude/Tichu/code/packages/server/tests/auth/account.test.ts"},{"assertionResults":[{"ancestorTitles":["auth-routes","POST /api/auth/guest"],"fullName":"auth-routes POST /api/auth/guest should create guest user and return user data","status":"passed","title":"should create guest user and return user data","duration":974.7677000000003,"failureMessages":[],"meta":{}},{"ancestorTitles":["auth-routes","POST /api/auth/guest"],"fullName":"auth-routes POST /api/auth/guest should reject missing userId","status":"passed","title":"should reject missing userId","duration":8.360999999999876,"failureMessages":[],"meta":{}},{"ancestorTitles":["auth-routes","POST /api/auth/guest"],"fullName":"auth-routes POST /api/auth/guest should reject missing displayName","status":"passed","title":"should reject missing displayName","duration":11.81020000000035,"failureMessages":[],"meta":{}},{"ancestorTitles":["auth-routes","POST /api/auth/register"],"fullName":"auth-routes POST /api/auth/register should reject missing username","status":"passed","title":"should reject missing username","duration":11.171600000000126,"failureMessages":[],"meta":{}},{"ancestorTitles":["auth-routes","POST /api/auth/register"],"fullName":"auth-routes POST /api/auth/register should reject missing email","status":"passed","title":"should reject missing email","duration":42.572299999999814,"failureMessages":[],"meta":{}},{"ancestorTitles":["auth-routes","POST /api/auth/register"],"fullName":"auth-routes POST /api/auth/register should reject missing password","status":"passed","title":"should reject missing password","duration":40.922199999999975,"failureMessages":[],"meta":{}},{"ancestorTitles":["auth-routes","POST /api/auth/register"],"fullName":"auth-routes POST /api/auth/register should register a new user and return token and userId","status":"passed","title":"should register a new user and return token and userId","duration":290.4649000000004,"failureMessages":[],"meta":{}},{"ancestorTitles":["auth-routes","POST /api/auth/login"],"fullName":"auth-routes POST /api/auth/login should reject missing identifier","status":"passed","title":"should reject missing identifier","duration":6.6302999999998065,"failureMessages":[],"meta":{}},{"ancestorTitles":["auth-routes","POST /api/auth/login"],"fullName":"auth-routes POST /api/auth/login should reject missing password","status":"passed","title":"should reject missing password","duration":51.72830000000022,"failureMessages":[],"meta":{}},{"ancestorTitles":["auth-routes","POST /api/auth/login"],"fullName":"auth-routes POST /api/auth/login should return 401 for non-existent user","status":"passed","title":"should return 401 for non-existent user","duration":10.5608000000002,"failureMessages":[],"meta":{}},{"ancestorTitles":["auth-routes","POST /api/auth/login"],"fullName":"auth-routes POST /api/auth/login should login with email and return token, userId, username","status":"passed","title":"should login with email and return token, userId, username","duration":358.8771999999999,"failureMessages":[],"meta":{}},{"ancestorTitles":["auth-routes","POST /api/auth/login"],"fullName":"auth-routes POST /api/auth/login should login with username and return token","status":"passed","title":"should login with username and return token","duration":261.52000000000044,"failureMessages":[],"meta":{}},{"ancestorTitles":["auth-routes","GET /api/auth/me"],"fullName":"auth-routes GET /api/auth/me should reject request without Authorization header","status":"passed","title":"should reject request without Authorization header","duration":7.241300000000592,"failureMessages":[],"meta":{}},{"ancestorTitles":["auth-routes","GET /api/auth/me"],"fullName":"auth-routes GET /api/auth/me should reject invalid token","status":"passed","title":"should reject invalid token","duration":7.114399999999478,"failureMessages":[],"meta":{}},{"ancestorTitles":["auth-routes","GET /api/auth/me"],"fullName":"auth-routes GET /api/auth/me should return 404 if user not found in DB","status":"passed","title":"should return 404 if user not found in DB","duration":35.80159999999978,"failureMessages":[],"meta":{}},{"ancestorTitles":["auth-routes","GET /api/players/:userId/profile"],"fullName":"auth-routes GET /api/players/:userId/profile should return null profile for unknown user","status":"passed","title":"should return null profile for unknown user","duration":6.417999999999665,"failureMessages":[],"meta":{}},{"ancestorTitles":["auth-routes","GET /api/players/:userId/games"],"fullName":"auth-routes GET /api/players/:userId/games should return empty games for unknown user","status":"passed","title":"should return empty games for unknown user","duration":29.715300000000752,"failureMessages":[],"meta":{}},{"ancestorTitles":["auth-routes","GET /api/players/:userId/games"],"fullName":"auth-routes GET /api/players/:userId/games should respect limit parameter","status":"passed","title":"should respect limit parameter","duration":20.328099999999722,"failureMessages":[],"meta":{}},{"ancestorTitles":["auth-routes","GET /api/games/:gameId/rounds"],"fullName":"auth-routes GET /api/games/:gameId/rounds should return empty rounds for non-existent game","status":"passed","title":"should return empty rounds for non-existent game","duration":8.95510000000013,"failureMessages":[],"meta":{}},{"ancestorTitles":["auth-routes","GET /api/games/:gameId/rounds"],"fullName":"auth-routes GET /api/games/:gameId/rounds should return 400 for NaN gameId","status":"passed","title":"should return 400 for NaN gameId","duration":8.72820000000047,"failureMessages":[],"meta":{}},{"ancestorTitles":["auth-routes","GET /api/leaderboard"],"fullName":"auth-routes GET /api/leaderboard should return empty leaderboard","status":"passed","title":"should return empty leaderboard","duration":32.63730000000032,"failureMessages":[],"meta":{}},{"ancestorTitles":["auth-routes","GET /api/leaderboard"],"fullName":"auth-routes GET /api/leaderboard should accept limit and minGames params","status":"passed","title":"should accept limit and minGames params","duration":6.660100000000057,"failureMessages":[],"meta":{}},{"ancestorTitles":["auth-routes","GET /api/leaderboard"],"fullName":"auth-routes GET /api/leaderboard should return 400 for NaN limit","status":"passed","title":"should return 400 for NaN limit","duration":12.268799999999828,"failureMessages":[],"meta":{}},{"ancestorTitles":["auth-routes","GET /api/games/recent"],"fullName":"auth-routes GET /api/games/recent should return empty recent games","status":"passed","title":"should return empty recent games","duration":13.879100000000108,"failureMessages":[],"meta":{}},{"ancestorTitles":["auth-routes","GET /api/games/recent"],"fullName":"auth-routes GET /api/games/recent should accept limit param","status":"passed","title":"should accept limit param","duration":7.537399999999252,"failureMessages":[],"meta":{}}],"startTime":1776927333313,"endTime":1776927335581.5374,"status":"passed","message":"","name":"C:/MATLAB/Claude/Tichu/code/packages/server/tests/auth/auth-routes.test.ts"},{"assertionResults":[{"ancestorTitles":["guest auth","ensureGuestUser"],"fullName":"guest auth ensureGuestUser should create a new guest user when not found","status":"passed","title":"should create a new guest user when not found","duration":5.894900000000007,"failureMessages":[],"meta":{}},{"ancestorTitles":["guest auth","ensureGuestUser"],"fullName":"guest auth ensureGuestUser should update existing user and return passed-in displayName","status":"passed","title":"should update existing user and return passed-in displayName","duration":1.9389999999999645,"failureMessages":[],"meta":{}},{"ancestorTitles":["guest auth","ensureGuestUser"],"fullName":"guest auth ensureGuestUser should call db.update with the correct displayName when updating","status":"passed","title":"should call db.update with the correct displayName when updating","duration":1.5334000000000287,"failureMessages":[],"meta":{}},{"ancestorTitles":["guest auth","ensureGuestUser"],"fullName":"guest auth ensureGuestUser should call db.insert when user does not exist","status":"passed","title":"should call db.insert when user does not exist","duration":0.9637000000000171,"failureMessages":[],"meta":{}},{"ancestorTitles":["guest auth","getUserById"],"fullName":"guest auth getUserById should return undefined for non-existent user","status":"passed","title":"should return undefined for non-existent user","duration":0.8290999999999258,"failureMessages":[],"meta":{}},{"ancestorTitles":["guest auth","getUserById"],"fullName":"guest auth getUserById should return user data for existing user","status":"passed","title":"should return user data for existing user","duration":1.0460000000000491,"failureMessages":[],"meta":{}}],"startTime":1776927339574,"endTime":1776927339587.046,"status":"passed","message":"","name":"C:/MATLAB/Claude/Tichu/code/packages/server/tests/auth/guest.test.ts"},{"assertionResults":[{"ancestorTitles":["active-game-persistence"],"fullName":"active-game-persistence saves and loads game snapshots","status":"passed","title":"saves and loads game snapshots","duration":69.55500000000006,"failureMessages":[],"meta":{}},{"ancestorTitles":["active-game-persistence"],"fullName":"active-game-persistence clears all active games","status":"passed","title":"clears all active games","duration":40.21049999999991,"failureMessages":[],"meta":{}},{"ancestorTitles":["active-game-persistence"],"fullName":"active-game-persistence saves and loads room snapshots","status":"passed","title":"saves and loads room snapshots","duration":44.52089999999998,"failureMessages":[],"meta":{}}],"startTime":1776927336713,"endTime":1776927336867.521,"status":"passed","message":"","name":"C:/MATLAB/Claude/Tichu/code/packages/server/tests/db/active-game-persistence.test.ts"},{"assertionResults":[{"ancestorTitles":["createDatabase"],"fullName":"createDatabase should return db, client, and close function","status":"passed","title":"should return db, client, and close function","duration":3.9589999999999463,"failureMessages":[],"meta":{}},{"ancestorTitles":["createDatabase"],"fullName":"createDatabase should call client.close() when close is called","status":"passed","title":"should call client.close() when close is called","duration":1.0814000000000306,"failureMessages":[],"meta":{}},{"ancestorTitles":["createDatabase"],"fullName":"createDatabase should throw when SQLite version is below 3.15","status":"passed","title":"should throw when SQLite version is below 3.15","duration":1.8713999999999942,"failureMessages":[],"meta":{}},{"ancestorTitles":["createDatabase"],"fullName":"createDatabase should throw when SQLite major version is below 3","status":"passed","title":"should throw when SQLite major version is below 3","duration":0.6512000000000171,"failureMessages":[],"meta":{}},{"ancestorTitles":["createDatabase"],"fullName":"createDatabase should accept SQLite version exactly 3.15.0","status":"passed","title":"should accept SQLite version exactly 3.15.0","duration":0.7006999999999834,"failureMessages":[],"meta":{}}],"startTime":1776927340336,"endTime":1776927340344.7007,"status":"passed","message":"","name":"C:/MATLAB/Claude/Tichu/code/packages/server/tests/db/connection.test.ts"},{"assertionResults":[{"ancestorTitles":["Event Persistence","REQ-F-ST03: Batch write at game end"],"fullName":"Event Persistence REQ-F-ST03: Batch write at game end should write all event data in a single transaction","status":"passed","title":"should write all event data in a single transaction","duration":107.10390000000007,"failureMessages":[],"meta":{}},{"ancestorTitles":["Event Persistence","REQ-F-ST03: Batch write at game end"],"fullName":"Event Persistence REQ-F-ST03: Batch write at game end should update game_rounds with score-at-start fields","status":"passed","title":"should update game_rounds with score-at-start fields","duration":64.0604000000003,"failureMessages":[],"meta":{}},{"ancestorTitles":["Event Persistence","REQ-F-ST03: Batch write at game end"],"fullName":"Event Persistence REQ-F-ST03: Batch write at game end should write special events (wish, dragon, dog)","status":"passed","title":"should write special events (wish, dragon, dog)","duration":61.013400000000274,"failureMessages":[],"meta":{}},{"ancestorTitles":["Event Persistence","REQ-F-ST03: Batch write at game end"],"fullName":"Event Persistence REQ-F-ST03: Batch write at game end should write bomb inventory and bomb events","status":"passed","title":"should write bomb inventory and bomb events","duration":50.308899999999994,"failureMessages":[],"meta":{}},{"ancestorTitles":["Event Persistence","REQ-F-ST02: Recovery file serialization"],"fullName":"Event Persistence REQ-F-ST02: Recovery file serialization should write valid JSON recovery file","status":"passed","title":"should write valid JSON recovery file","duration":61.165500000000065,"failureMessages":[],"meta":{}},{"ancestorTitles":["Event Persistence","REQ-F-ST02: Recovery file serialization"],"fullName":"Event Persistence REQ-F-ST02: Recovery file serialization should overwrite on subsequent writes","status":"passed","title":"should overwrite on subsequent writes","duration":58.11230000000023,"failureMessages":[],"meta":{}},{"ancestorTitles":["Event Persistence","REQ-F-ST04: Recovery file cleanup"],"fullName":"Event Persistence REQ-F-ST04: Recovery file cleanup should delete recovery file","status":"passed","title":"should delete recovery file","duration":64.16640000000007,"failureMessages":[],"meta":{}},{"ancestorTitles":["Event Persistence","REQ-F-ST04: Recovery file cleanup"],"fullName":"Event Persistence REQ-F-ST04: Recovery file cleanup should not throw when file does not exist","status":"passed","title":"should not throw when file does not exist","duration":61.7161000000001,"failureMessages":[],"meta":{}},{"ancestorTitles":["Event Persistence","REQ-F-ST05: Server restart recovery"],"fullName":"Event Persistence REQ-F-ST05: Server restart recovery should recover data from crash recovery files","status":"passed","title":"should recover data from crash recovery files","duration":78.41180000000031,"failureMessages":[],"meta":{}},{"ancestorTitles":["Event Persistence","REQ-F-ST05: Server restart recovery"],"fullName":"Event Persistence REQ-F-ST05: Server restart recovery should discard corrupt recovery files without crashing","status":"passed","title":"should discard corrupt recovery files without crashing","duration":92.6831000000002,"failureMessages":[],"meta":{}},{"ancestorTitles":["Event Persistence","REQ-F-ST05: Server restart recovery"],"fullName":"Event Persistence REQ-F-ST05: Server restart recovery should discard recovery files with no rounds","status":"passed","title":"should discard recovery files with no rounds","duration":61.90950000000021,"failureMessages":[],"meta":{}},{"ancestorTitles":["Event Persistence","REQ-F-ST06: Game abandonment handling"],"fullName":"Event Persistence REQ-F-ST06: Game abandonment handling should persist partial data on abandonment","status":"passed","title":"should persist partial data on abandonment","duration":56.50500000000011,"failureMessages":[],"meta":{}},{"ancestorTitles":["Event Persistence","REQ-F-ST06: Game abandonment handling"],"fullName":"Event Persistence REQ-F-ST06: Game abandonment handling should handle empty accumulator gracefully","status":"passed","title":"should handle empty accumulator gracefully","duration":64.34379999999965,"failureMessages":[],"meta":{}},{"ancestorTitles":["Event Persistence","REQ-NF-02: Write latency"],"fullName":"Event Persistence REQ-NF-02: Write latency should write a full game in under 500ms","status":"passed","title":"should write a full game in under 500ms","duration":320.5772000000002,"failureMessages":[],"meta":{}},{"ancestorTitles":["Event Persistence","REQ-NF-03: Recovery file size"],"fullName":"Event Persistence REQ-NF-03: Recovery file size should produce recovery file under 200KB for 8-round game","status":"passed","title":"should produce recovery file under 200KB for 8-round game","duration":78.67070000000012,"failureMessages":[],"meta":{}}],"startTime":1776927333108,"endTime":1776927334390.6707,"status":"passed","message":"","name":"C:/MATLAB/Claude/Tichu/code/packages/server/tests/db/event-persistence.test.ts"},{"assertionResults":[{"ancestorTitles":["game-persistence","saveGameResult"],"fullName":"game-persistence saveGameResult should call transaction on db","status":"passed","title":"should call transaction on db","duration":6.04079999999999,"failureMessages":[],"meta":{}},{"ancestorTitles":["game-persistence","saveGameResult"],"fullName":"game-persistence saveGameResult should insert game record with correct player data","status":"passed","title":"should insert game record with correct player data","duration":2.08420000000001,"failureMessages":[],"meta":{}},{"ancestorTitles":["game-persistence","saveGameResult"],"fullName":"game-persistence saveGameResult should insert round records for each round","status":"passed","title":"should insert round records for each round","duration":2.592899999999986,"failureMessages":[],"meta":{}},{"ancestorTitles":["game-persistence","getPlayerGameHistory"],"fullName":"game-persistence getPlayerGameHistory should call select/from/where/orderBy/limit/offset with correct structure","status":"passed","title":"should call select/from/where/orderBy/limit/offset with correct structure","duration":3.1410999999999376,"failureMessages":[],"meta":{}},{"ancestorTitles":["game-persistence","getPlayerGameHistory"],"fullName":"game-persistence getPlayerGameHistory should return the result from the chain","status":"passed","title":"should return the result from the chain","duration":0.9489999999999554,"failureMessages":[],"meta":{}},{"ancestorTitles":["game-persistence","getGameRounds"],"fullName":"game-persistence getGameRounds should call select/from/where/orderBy","status":"passed","title":"should call select/from/where/orderBy","duration":1.2948999999999842,"failureMessages":[],"meta":{}},{"ancestorTitles":["game-persistence","getGameRounds"],"fullName":"game-persistence getGameRounds should return the result from the chain","status":"passed","title":"should return the result from the chain","duration":0.7423999999999751,"failureMessages":[],"meta":{}}],"startTime":1776927339382,"endTime":1776927339398.7424,"status":"passed","message":"","name":"C:/MATLAB/Claude/Tichu/code/packages/server/tests/db/game-persistence.test.ts"},{"assertionResults":[{"ancestorTitles":["queries","getLeaderboard"],"fullName":"queries getLeaderboard should call db.all with SQL and return typed results","status":"passed","title":"should call db.all with SQL and return typed results","duration":5.04060000000004,"failureMessages":[],"meta":{}},{"ancestorTitles":["queries","getLeaderboard"],"fullName":"queries getLeaderboard should return empty array when no rows","status":"passed","title":"should return empty array when no rows","duration":0.7947000000000344,"failureMessages":[],"meta":{}},{"ancestorTitles":["queries","getLeaderboard"],"fullName":"queries getLeaderboard should return LeaderboardEntry array from rows","status":"passed","title":"should return LeaderboardEntry array from rows","duration":2.695100000000025,"failureMessages":[],"meta":{}},{"ancestorTitles":["queries","getRecentGames"],"fullName":"queries getRecentGames should call select chain and return results","status":"passed","title":"should call select chain and return results","duration":1.3799999999999955,"failureMessages":[],"meta":{}},{"ancestorTitles":["queries","getRecentGames"],"fullName":"queries getRecentGames should pass limit to the chain","status":"passed","title":"should pass limit to the chain","duration":1.3372000000000526,"failureMessages":[],"meta":{}},{"ancestorTitles":["queries","getPlayerProfile"],"fullName":"queries getPlayerProfile should return profile when rows exist","status":"passed","title":"should return profile when rows exist","duration":1.0833999999999833,"failureMessages":[],"meta":{}},{"ancestorTitles":["queries","getPlayerProfile"],"fullName":"queries getPlayerProfile should return undefined when no rows","status":"passed","title":"should return undefined when no rows","duration":0.45309999999994943,"failureMessages":[],"meta":{}}],"startTime":1776927339493,"endTime":1776927339506.4531,"status":"passed","message":"","name":"C:/MATLAB/Claude/Tichu/code/packages/server/tests/db/queries.test.ts"},{"assertionResults":[{"ancestorTitles":["database schema","users table"],"fullName":"database schema users table should have correct table name","status":"passed","title":"should have correct table name","duration":2.157699999999977,"failureMessages":[],"meta":{}},{"ancestorTitles":["database schema","users table"],"fullName":"database schema users table should have all required columns","status":"passed","title":"should have all required columns","duration":2.155899999999974,"failureMessages":[],"meta":{}},{"ancestorTitles":["database schema","games table"],"fullName":"database schema games table should have correct table name","status":"passed","title":"should have correct table name","duration":0.4174000000000433,"failureMessages":[],"meta":{}},{"ancestorTitles":["database schema","games table"],"fullName":"database schema games table should have all required columns","status":"passed","title":"should have all required columns","duration":1.5850000000000364,"failureMessages":[],"meta":{}},{"ancestorTitles":["database schema","gameRounds table"],"fullName":"database schema gameRounds table should have correct table name","status":"passed","title":"should have correct table name","duration":0.2357000000000653,"failureMessages":[],"meta":{}},{"ancestorTitles":["database schema","gameRounds table"],"fullName":"database schema gameRounds table should have all required columns","status":"passed","title":"should have all required columns","duration":0.9366999999999734,"failureMessages":[],"meta":{}},{"ancestorTitles":["database schema","statsCache table"],"fullName":"database schema statsCache table should have correct table name","status":"passed","title":"should have correct table name","duration":0.2843000000000302,"failureMessages":[],"meta":{}},{"ancestorTitles":["database schema","statsCache table"],"fullName":"database schema statsCache table should have core stat columns","status":"passed","title":"should have core stat columns","duration":0.8958999999999833,"failureMessages":[],"meta":{}},{"ancestorTitles":["database schema","relationalStatsCache table"],"fullName":"database schema relationalStatsCache table should have correct table name","status":"passed","title":"should have correct table name","duration":0.3967000000000098,"failureMessages":[],"meta":{}},{"ancestorTitles":["database schema","relationalStatsCache table"],"fullName":"database schema relationalStatsCache table should have all required columns","status":"passed","title":"should have all required columns","duration":0.7441000000000031,"failureMessages":[],"meta":{}}],"startTime":1776927340058,"endTime":1776927340068.7441,"status":"passed","message":"","name":"C:/MATLAB/Claude/Tichu/code/packages/server/tests/db/schema.test.ts"},{"assertionResults":[{"ancestorTitles":["Stats Cache","REQ-F-MC01: V1 cache table"],"fullName":"Stats Cache REQ-F-MC01: V1 cache table should create stats_cache table on database creation","status":"passed","title":"should create stats_cache table on database creation","duration":119.96169999999984,"failureMessages":[],"meta":{}},{"ancestorTitles":["Stats Cache","REQ-F-MC01: V1 cache table"],"fullName":"Stats Cache REQ-F-MC01: V1 cache table should create relational_stats_cache table on database creation","status":"passed","title":"should create relational_stats_cache table on database creation","duration":70.92900000000009,"failureMessages":[],"meta":{}},{"ancestorTitles":["Stats Cache","REQ-F-MC02: Full rebuild from raw events"],"fullName":"Stats Cache REQ-F-MC02: Full rebuild from raw events should rebuild cache with 0 games (empty cache)","status":"passed","title":"should rebuild cache with 0 games (empty cache)","duration":46.182900000000245,"failureMessages":[],"meta":{}},{"ancestorTitles":["Stats Cache","REQ-F-MC02: Full rebuild from raw events"],"fullName":"Stats Cache REQ-F-MC02: Full rebuild from raw events should rebuild cache after a game with basic stats","status":"passed","title":"should rebuild cache after a game with basic stats","duration":68.1233000000002,"failureMessages":[],"meta":{}},{"ancestorTitles":["Stats Cache","REQ-F-MC02: Full rebuild from raw events"],"fullName":"Stats Cache REQ-F-MC02: Full rebuild from raw events should compute win rate correctly across multiple games","status":"passed","title":"should compute win rate correctly across multiple games","duration":85.08629999999994,"failureMessages":[],"meta":{}},{"ancestorTitles":["Stats Cache","REQ-F-MC02: Full rebuild from raw events"],"fullName":"Stats Cache REQ-F-MC02: Full rebuild from raw events should compute tichu call stats from player_rounds","status":"passed","title":"should compute tichu call stats from player_rounds","duration":65.21279999999979,"failureMessages":[],"meta":{}},{"ancestorTitles":["Stats Cache","REQ-F-MC02: Full rebuild from raw events"],"fullName":"Stats Cache REQ-F-MC02: Full rebuild from raw events should compute grand tichu stats","status":"passed","title":"should compute grand tichu stats","duration":76.04389999999967,"failureMessages":[],"meta":{}},{"ancestorTitles":["Stats Cache","REQ-F-MC02: Full rebuild from raw events"],"fullName":"Stats Cache REQ-F-MC02: Full rebuild from raw events should detect dragon in hand after pass","status":"passed","title":"should detect dragon in hand after pass","duration":74.32830000000013,"failureMessages":[],"meta":{}},{"ancestorTitles":["Stats Cache","REQ-F-MC02: Full rebuild from raw events"],"fullName":"Stats Cache REQ-F-MC02: Full rebuild from raw events should detect phoenix in hand after pass","status":"passed","title":"should detect phoenix in hand after pass","duration":79.79080000000022,"failureMessages":[],"meta":{}},{"ancestorTitles":["Stats Cache","REQ-F-MC02: Full rebuild from raw events"],"fullName":"Stats Cache REQ-F-MC02: Full rebuild from raw events should detect dog in hand after pass","status":"passed","title":"should detect dog in hand after pass","duration":65.6896999999999,"failureMessages":[],"meta":{}},{"ancestorTitles":["Stats Cache","REQ-F-MC02: Full rebuild from raw events"],"fullName":"Stats Cache REQ-F-MC02: Full rebuild from raw events should detect last-place finishes","status":"passed","title":"should detect last-place finishes","duration":55.03839999999991,"failureMessages":[],"meta":{}},{"ancestorTitles":["Stats Cache","REQ-F-MC02: Full rebuild from raw events"],"fullName":"Stats Cache REQ-F-MC02: Full rebuild from raw events should compute largest win/loss diff","status":"passed","title":"should compute largest win/loss diff","duration":77.35380000000032,"failureMessages":[],"meta":{}},{"ancestorTitles":["Stats Cache","REQ-F-MC02: Full rebuild from raw events"],"fullName":"Stats Cache REQ-F-MC02: Full rebuild from raw events should produce identical results when called multiple times","status":"passed","title":"should produce identical results when called multiple times","duration":67.60729999999967,"failureMessages":[],"meta":{}},{"ancestorTitles":["Stats Cache","REQ-F-MC03: Incremental update after each game"],"fullName":"Stats Cache REQ-F-MC03: Incremental update after each game should update cache incrementally for players in a game","status":"passed","title":"should update cache incrementally for players in a game","duration":63.30060000000003,"failureMessages":[],"meta":{}},{"ancestorTitles":["Stats Cache","REQ-F-MC03: Incremental update after each game"],"fullName":"Stats Cache REQ-F-MC03: Incremental update after each game should handle game with no human players gracefully","status":"passed","title":"should handle game with no human players gracefully","duration":46.41830000000027,"failureMessages":[],"meta":{}},{"ancestorTitles":["Stats Cache","REQ-F-MC03: Incremental update after each game"],"fullName":"Stats Cache REQ-F-MC03: Incremental update after each game incremental update should match full rebuild results","status":"passed","title":"incremental update should match full rebuild results","duration":69.95119999999997,"failureMessages":[],"meta":{}},{"ancestorTitles":["Stats Cache","REQ-F-MC04: Retroactive stat addition"],"fullName":"Stats Cache REQ-F-MC04: Retroactive stat addition should support per-user cache rebuild","status":"passed","title":"should support per-user cache rebuild","duration":103.06860000000006,"failureMessages":[],"meta":{}},{"ancestorTitles":["Stats Cache","REQ-F-MC05: Cache disposability"],"fullName":"Stats Cache REQ-F-MC05: Cache disposability should restore all stats after dropping and rebuilding cache","status":"passed","title":"should restore all stats after dropping and rebuilding cache","duration":50.82420000000002,"failureMessages":[],"meta":{}},{"ancestorTitles":["Stats Cache","REQ-F-MC05: Cache disposability"],"fullName":"Stats Cache REQ-F-MC05: Cache disposability raw events should be untouched after cache drop","status":"passed","title":"raw events should be untouched after cache drop","duration":60.746399999999994,"failureMessages":[],"meta":{}},{"ancestorTitles":["Stats Cache","Relational stats cache"],"fullName":"Stats Cache Relational stats cache should compute partner relational stats","status":"passed","title":"should compute partner relational stats","duration":60.85179999999991,"failureMessages":[],"meta":{}},{"ancestorTitles":["Stats Cache","Relational stats cache"],"fullName":"Stats Cache Relational stats cache should compute bot relational stats","status":"passed","title":"should compute bot relational stats","duration":99.96169999999984,"failureMessages":[],"meta":{}},{"ancestorTitles":["Stats Cache","Edge cases"],"fullName":"Stats Cache Edge cases should handle non-existent game ID gracefully","status":"passed","title":"should handle non-existent game ID gracefully","duration":54.71360000000004,"failureMessages":[],"meta":{}},{"ancestorTitles":["Stats Cache","Edge cases"],"fullName":"Stats Cache Edge cases should handle user with no games","status":"passed","title":"should handle user with no games","duration":50.678699999999935,"failureMessages":[],"meta":{}},{"ancestorTitles":["Stats Cache","mid-game attribution"],"fullName":"Stats Cache mid-game attribution SA01/SA02/SA12/SA13/SA15: A plays rounds 1-4, B plays 5-8 at same seat, NS wins","status":"passed","title":"SA01/SA02/SA12/SA13/SA15: A plays rounds 1-4, B plays 5-8 at same seat, NS wins","duration":85.71370000000024,"failureMessages":[],"meta":{}},{"ancestorTitles":["Stats Cache","mid-game attribution"],"fullName":"Stats Cache mid-game attribution SA03/SA12: shared seat on losing team — A forfeits, B absorbs loss","status":"passed","title":"SA03/SA12: shared seat on losing team — A forfeits, B absorbs loss","duration":69.27639999999974,"failureMessages":[],"meta":{}},{"ancestorTitles":["Stats Cache","mid-game attribution"],"fullName":"Stats Cache mid-game attribution SA01/SA12: bot replaces A mid-game — A forfeits, no attribution to bot","status":"passed","title":"SA01/SA12: bot replaces A mid-game — A forfeits, no attribution to bot","duration":66.57970000000023,"failureMessages":[],"meta":{}},{"ancestorTitles":["Stats Cache","mid-game attribution"],"fullName":"Stats Cache mid-game attribution SA09: late joiner does not get credit for 1-2 finish in unplayed round","status":"passed","title":"SA09: late joiner does not get credit for 1-2 finish in unplayed round","duration":52.62660000000005,"failureMessages":[],"meta":{}},{"ancestorTitles":["Stats Cache","mid-game attribution"],"fullName":"Stats Cache mid-game attribution SA10: user did not play any tie-break round → no tie-break credit","status":"passed","title":"SA10: user did not play any tie-break round → no tie-break credit","duration":67.2844,"failureMessages":[],"meta":{}},{"ancestorTitles":["Stats Cache","mid-game attribution"],"fullName":"Stats Cache mid-game attribution SA03 regression: clean game with no swaps — final occupant gets all credit","status":"passed","title":"SA03 regression: clean game with no swaps — final occupant gets all credit","duration":51.16080000000011,"failureMessages":[],"meta":{}},{"ancestorTitles":["Stats Cache","mid-game attribution"],"fullName":"Stats Cache mid-game attribution SA15 property sweep: gamesWon and gamesForfeited never both increment","status":"passed","title":"SA15 property sweep: gamesWon and gamesForfeited never both increment","duration":83.30629999999974,"failureMessages":[],"meta":{}},{"ancestorTitles":["Stats Cache","mid-game attribution"],"fullName":"Stats Cache mid-game attribution SA04-SA08: per-event stats attributed by (game, round, seat) tuple, not final occupant","status":"passed","title":"SA04-SA08: per-event stats attributed by (game, round, seat) tuple, not final occupant","duration":57.273699999999735,"failureMessages":[],"meta":{}}],"startTime":1776927333118,"endTime":1776927335266.2737,"status":"passed","message":"","name":"C:/MATLAB/Claude/Tichu/code/packages/server/tests/db/stats-cache.test.ts"},{"assertionResults":[{"ancestorTitles":["Bot Integration — Full Game"],"fullName":"Bot Integration — Full Game should complete a full game with 4 Bots","status":"passed","title":"should complete a full game with 4 Bots","duration":1695.2956000000004,"failureMessages":[],"meta":{}},{"ancestorTitles":["Bot Integration — Full Game"],"fullName":"Bot Integration — Full Game should produce valid scores across rounds","status":"passed","title":"should produce valid scores across rounds","duration":903.8177000000005,"failureMessages":[],"meta":{}},{"ancestorTitles":["Bot Integration — Full Game"],"fullName":"Bot Integration — Full Game should not get stuck (no infinite loops)","status":"passed","title":"should not get stuck (no infinite loops)","duration":831.7907999999998,"failureMessages":[],"meta":{}},{"ancestorTitles":["Bot Integration — Full Game"],"fullName":"Bot Integration — Full Game should handle multiple rounds correctly","status":"passed","title":"should handle multiple rounds correctly","duration":605.4696999999996,"failureMessages":[],"meta":{}},{"ancestorTitles":["Bot Performance — REQ-NF-PERF01","Bot decision time"],"fullName":"Bot Performance — REQ-NF-PERF01 Bot decision time chooseGrandTichu should complete in < 100ms","status":"passed","title":"chooseGrandTichu should complete in < 100ms","duration":2.3658000000004904,"failureMessages":[],"meta":{}},{"ancestorTitles":["Bot Performance — REQ-NF-PERF01","Bot decision time"],"fullName":"Bot Performance — REQ-NF-PERF01 Bot decision time chooseRegularTichu should complete in < 100ms","status":"passed","title":"chooseRegularTichu should complete in < 100ms","duration":6.4320000000006985,"failureMessages":[],"meta":{}},{"ancestorTitles":["Bot Performance — REQ-NF-PERF01","Bot decision time"],"fullName":"Bot Performance — REQ-NF-PERF01 Bot decision time chooseCardsToPass should complete in < 100ms","status":"passed","title":"chooseCardsToPass should complete in < 100ms","duration":5.334899999999834,"failureMessages":[],"meta":{}},{"ancestorTitles":["Bot Performance — REQ-NF-PERF01","Bot decision time"],"fullName":"Bot Performance — REQ-NF-PERF01 Bot decision time chooseMahjongWish should complete in < 100ms","status":"passed","title":"chooseMahjongWish should complete in < 100ms","duration":0.774199999999837,"failureMessages":[],"meta":{}},{"ancestorTitles":["Bot Performance — REQ-NF-PERF01","choosePlay decision time in real game context"],"fullName":"Bot Performance — REQ-NF-PERF01 choosePlay decision time in real game context Bot choosePlay should complete in < 100ms","status":"passed","title":"Bot choosePlay should complete in < 100ms","duration":17.01760000000013,"failureMessages":[],"meta":{}}],"startTime":1776927333531,"endTime":1776927337600.0176,"status":"passed","message":"","name":"C:/MATLAB/Claude/Tichu/code/packages/server/tests/bot/bot-integration.test.ts"},{"assertionResults":[{"ancestorTitles":["BotRunner serialization"],"fullName":"BotRunner serialization serializes all bot states keyed by seat","status":"passed","title":"serializes all bot states keyed by seat","duration":6.719200000000001,"failureMessages":[],"meta":{}},{"ancestorTitles":["BotRunner serialization"],"fullName":"BotRunner serialization round-trips via static restore","status":"passed","title":"round-trips via static restore","duration":2.231800000000021,"failureMessages":[],"meta":{}},{"ancestorTitles":["BotRunner serialization"],"fullName":"BotRunner serialization serialize returns one entry per added bot","status":"passed","title":"serialize returns one entry per added bot","duration":1.055599999999913,"failureMessages":[],"meta":{}},{"ancestorTitles":["BotRunner serialization"],"fullName":"BotRunner serialization restore creates runner with all bot seats","status":"passed","title":"restore creates runner with all bot seats","duration":1.0809000000000424,"failureMessages":[],"meta":{}}],"startTime":1776927340075,"endTime":1776927340086.0808,"status":"passed","message":"","name":"C:/MATLAB/Claude/Tichu/code/packages/server/tests/bot/bot-runner-serialize.test.ts"},{"assertionResults":[{"ancestorTitles":["BotRunner","bot management"],"fullName":"BotRunner bot management should add and track bots","status":"passed","title":"should add and track bots","duration":8.28630000000021,"failureMessages":[],"meta":{}},{"ancestorTitles":["BotRunner","bot management"],"fullName":"BotRunner bot management should return bot seats","status":"passed","title":"should return bot seats","duration":2.6966999999999643,"failureMessages":[],"meta":{}},{"ancestorTitles":["BotRunner","bot management"],"fullName":"BotRunner bot management should remove bots","status":"passed","title":"should remove bots","duration":1.122899999999845,"failureMessages":[],"meta":{}},{"ancestorTitles":["BotRunner","Grand Tichu phase"],"fullName":"BotRunner Grand Tichu phase should make Grand Tichu decisions for all bots","status":"passed","title":"should make Grand Tichu decisions for all bots","duration":23.642500000000382,"failureMessages":[],"meta":{}},{"ancestorTitles":["BotRunner","Grand Tichu phase"],"fullName":"BotRunner Grand Tichu phase should fire Grand Tichu decision at exactly 1000 ms (not random)","status":"passed","title":"should fire Grand Tichu decision at exactly 1000 ms (not random)","duration":2.5165000000001783,"failureMessages":[],"meta":{}},{"ancestorTitles":["BotRunner","Grand Tichu phase"],"fullName":"BotRunner Grand Tichu phase should not schedule a second timer if onStateChange is called again before timer fires","status":"passed","title":"should not schedule a second timer if onStateChange is called again before timer fires","duration":3.375,"failureMessages":[],"meta":{}},{"ancestorTitles":["BotRunner","Regular Tichu phase"],"fullName":"BotRunner Regular Tichu phase should make Regular Tichu decisions for all bots","status":"passed","title":"should make Regular Tichu decisions for all bots","duration":32.0630000000001,"failureMessages":[],"meta":{}},{"ancestorTitles":["BotRunner","Card passing phase"],"fullName":"BotRunner Card passing phase should pass cards for all bots","status":"passed","title":"should pass cards for all bots","duration":21.570100000000366,"failureMessages":[],"meta":{}},{"ancestorTitles":["BotRunner","Playing phase"],"fullName":"BotRunner Playing phase should play when it is a bot's turn","status":"passed","title":"should play when it is a bot's turn","duration":27.971399999999903,"failureMessages":[],"meta":{}},{"ancestorTitles":["BotRunner","Playing phase"],"fullName":"BotRunner Playing phase should not act for human seats","status":"passed","title":"should not act for human seats","duration":8.639400000000023,"failureMessages":[],"meta":{}},{"ancestorTitles":["BotRunner","artificial delay"],"fullName":"BotRunner artificial delay should delay bot actions with default config","status":"passed","title":"should delay bot actions with default config","duration":4.5878999999999905,"failureMessages":[],"meta":{}},{"ancestorTitles":["BotRunner","artificial delay"],"fullName":"BotRunner artificial delay should use instant timing with INSTANT_CONFIG","status":"passed","title":"should use instant timing with INSTANT_CONFIG","duration":24.633100000000013,"failureMessages":[],"meta":{}},{"ancestorTitles":["BotRunner","dispose"],"fullName":"BotRunner dispose should cancel pending timers on dispose","status":"passed","title":"should cancel pending timers on dispose","duration":1.9686999999998989,"failureMessages":[],"meta":{}},{"ancestorTitles":["BotRunner","dispose"],"fullName":"BotRunner dispose should not act after dispose","status":"passed","title":"should not act after dispose","duration":1.522399999999834,"failureMessages":[],"meta":{}},{"ancestorTitles":["BotRunner","custom strategy"],"fullName":"BotRunner custom strategy should invoke custom strategy methods","status":"passed","title":"should invoke custom strategy methods","duration":30.7179000000001,"failureMessages":[],"meta":{}},{"ancestorTitles":["partner tichu call safeguard"],"fullName":"partner tichu call safeguard should send GT pass when bot GT call is rejected due to partner call","status":"passed","title":"should send GT pass when bot GT call is rejected due to partner call","duration":3.0558999999998377,"failureMessages":[],"meta":{}},{"ancestorTitles":["partner tichu call safeguard"],"fullName":"partner tichu call safeguard should silently drop regular Tichu call when rejected due to partner call","status":"passed","title":"should silently drop regular Tichu call when rejected due to partner call","duration":5.70069999999987,"failureMessages":[],"meta":{}},{"ancestorTitles":["BotRunner full game smoke test"],"fullName":"BotRunner full game smoke test should complete a full 4-bot game without errors","status":"passed","title":"should complete a full 4-bot game without errors","duration":1207.2685999999999,"failureMessages":[],"meta":{}}],"startTime":1776927333639,"endTime":1776927335051.2686,"status":"passed","message":"","name":"C:/MATLAB/Claude/Tichu/code/packages/server/tests/bot/bot-runner.test.ts"},{"assertionResults":[{"ancestorTitles":["Bot serialization"],"fullName":"Bot serialization round-trips a fresh bot","status":"passed","title":"round-trips a fresh bot","duration":3.693200000000047,"failureMessages":[],"meta":{}},{"ancestorTitles":["Bot serialization"],"fullName":"Bot serialization preserves seat and strategic state","status":"passed","title":"preserves seat and strategic state","duration":1.0974999999999682,"failureMessages":[],"meta":{}},{"ancestorTitles":["Bot serialization"],"fullName":"Bot serialization preserves card tracker state through bot","status":"passed","title":"preserves card tracker state through bot","duration":0.34399999999993724,"failureMessages":[],"meta":{}}],"startTime":1776927340860,"endTime":1776927340865.344,"status":"passed","message":"","name":"C:/MATLAB/Claude/Tichu/code/packages/server/tests/bot/bot-serialize.test.ts"},{"assertionResults":[{"ancestorTitles":["Hand Evaluation","countTopCards"],"fullName":"Hand Evaluation countTopCards counts Dragon, Phoenix, Aces, and Kings","status":"passed","title":"counts Dragon, Phoenix, Aces, and Kings","duration":2.4220000000000255,"failureMessages":[],"meta":{}},{"ancestorTitles":["Hand Evaluation","countTopCards"],"fullName":"Hand Evaluation countTopCards counts Mahjong and Dog when option enabled","status":"passed","title":"counts Mahjong and Dog when option enabled","duration":0.4995000000000118,"failureMessages":[],"meta":{}},{"ancestorTitles":["Hand Evaluation","countTopCards"],"fullName":"Hand Evaluation countTopCards returns 0 for hand with no top cards","status":"passed","title":"returns 0 for hand with no top cards","duration":0.39580000000000837,"failureMessages":[],"meta":{}},{"ancestorTitles":["Hand Evaluation","countLeadGetters"],"fullName":"Hand Evaluation countLeadGetters counts Aces, Dragon, Dog, and bombs","status":"passed","title":"counts Aces, Dragon, Dog, and bombs","duration":0.9015000000000555,"failureMessages":[],"meta":{}},{"ancestorTitles":["Hand Evaluation","evaluateHandStrength"],"fullName":"Hand Evaluation evaluateHandStrength returns higher score for stronger hands","status":"passed","title":"returns higher score for stronger hands","duration":0.7307000000000698,"failureMessages":[],"meta":{}},{"ancestorTitles":["Hand Evaluation","findBombs"],"fullName":"Hand Evaluation findBombs finds four-of-a-kind bombs","status":"passed","title":"finds four-of-a-kind bombs","duration":0.4633999999999787,"failureMessages":[],"meta":{}},{"ancestorTitles":["Hand Evaluation","findBombs"],"fullName":"Hand Evaluation findBombs returns empty for no bombs","status":"passed","title":"returns empty for no bombs","duration":1.4972999999999956,"failureMessages":[],"meta":{}},{"ancestorTitles":["Hand Evaluation","findBombs"],"fullName":"Hand Evaluation findBombs detects straight-flush bombs (5+ consecutive same suit)","status":"passed","title":"detects straight-flush bombs (5+ consecutive same suit)","duration":0.7345000000000255,"failureMessages":[],"meta":{}},{"ancestorTitles":["Hand Evaluation","findBombs"],"fullName":"Hand Evaluation findBombs does not detect straight of different suits as straight-flush bomb","status":"passed","title":"does not detect straight of different suits as straight-flush bomb","duration":0.5540999999999485,"failureMessages":[],"meta":{}},{"ancestorTitles":["Hand Evaluation","findBombs"],"fullName":"Hand Evaluation findBombs finds both bomb types when both exist","status":"passed","title":"finds both bomb types when both exist","duration":0.614400000000046,"failureMessages":[],"meta":{}},{"ancestorTitles":["Hand Evaluation","findSingletons"],"fullName":"Hand Evaluation findSingletons finds cards with no pair partner","status":"passed","title":"finds cards with no pair partner","duration":0.25649999999996,"failureMessages":[],"meta":{}},{"ancestorTitles":["Card Sorting & Ranking","getCardStrength"],"fullName":"Card Sorting & Ranking getCardStrength assigns correct strengths","status":"passed","title":"assigns correct strengths","duration":0.580600000000004,"failureMessages":[],"meta":{}},{"ancestorTitles":["Card Sorting & Ranking","sortByStrength"],"fullName":"Card Sorting & Ranking sortByStrength sorts weakest first","status":"passed","title":"sorts weakest first","duration":0.39400000000000546,"failureMessages":[],"meta":{}},{"ancestorTitles":["Card Sorting & Ranking","rankCombinationsForLead"],"fullName":"Card Sorting & Ranking rankCombinationsForLead puts Dog first, then low rank, bombs last","status":"passed","title":"puts Dog first, then low rank, bombs last","duration":0.8881999999999834,"failureMessages":[],"meta":{}},{"ancestorTitles":["Card Sorting & Ranking","rankCombinationsForFollow"],"fullName":"Card Sorting & Ranking rankCombinationsForFollow puts non-bombs before bombs, sorted by rank","status":"passed","title":"puts non-bombs before bombs, sorted by rank","duration":0.4395999999999276,"failureMessages":[],"meta":{}},{"ancestorTitles":["Strategic Passing","identifyWeakCards"],"fullName":"Strategic Passing identifyWeakCards returns low singletons (rank <= 8)","status":"passed","title":"returns low singletons (rank <= 8)","duration":0.4673999999999978,"failureMessages":[],"meta":{}},{"ancestorTitles":["Strategic Passing","selectPassCards"],"fullName":"Strategic Passing selectPassCards returns 3 distinct cards for 3 other seats","status":"passed","title":"returns 3 distinct cards for 3 other seats","duration":0.6666000000000167,"failureMessages":[],"meta":{}},{"ancestorTitles":["Play Selection","isPartnerWinning"],"fullName":"Play Selection isPartnerWinning returns true when partner holds the trick","status":"passed","title":"returns true when partner holds the trick","duration":0.28960000000006403,"failureMessages":[],"meta":{}},{"ancestorTitles":["Play Selection","isPartnerWinning"],"fullName":"Play Selection isPartnerWinning returns false when no trick","status":"passed","title":"returns false when no trick","duration":0.13800000000003365,"failureMessages":[],"meta":{}},{"ancestorTitles":["Play Selection","canGoOut"],"fullName":"Play Selection canGoOut returns true when hand size equals play size","status":"passed","title":"returns true when hand size equals play size","duration":0.20479999999997744,"failureMessages":[],"meta":{}},{"ancestorTitles":["Play Selection","canGoOut"],"fullName":"Play Selection canGoOut returns false when hand has more cards","status":"passed","title":"returns false when hand has more cards","duration":0.1651000000000522,"failureMessages":[],"meta":{}},{"ancestorTitles":["Play Selection","isAllWinners"],"fullName":"Play Selection isAllWinners returns true for all Aces/Dragon/Phoenix","status":"passed","title":"returns true for all Aces/Dragon/Phoenix","duration":0.2297999999999547,"failureMessages":[],"meta":{}},{"ancestorTitles":["Play Selection","isAllWinners"],"fullName":"Play Selection isAllWinners returns false with low cards","status":"passed","title":"returns false with low cards","duration":0.1833000000000311,"failureMessages":[],"meta":{}},{"ancestorTitles":["State Analysis","selectMahjongWish"],"fullName":"State Analysis selectMahjongWish wishes for a mid-rank not in hand","status":"passed","title":"wishes for a mid-rank not in hand","duration":0.25900000000001455,"failureMessages":[],"meta":{}},{"ancestorTitles":["State Analysis","selectMahjongWish"],"fullName":"State Analysis selectMahjongWish returns null when all mid-ranks are in hand","status":"passed","title":"returns null when all mid-ranks are in hand","duration":0.19980000000009568,"failureMessages":[],"meta":{}},{"ancestorTitles":["State Analysis","selectDragonRecipient"],"fullName":"State Analysis selectDragonRecipient gives to opponent with most cards","status":"passed","title":"gives to opponent with most cards","duration":0.28480000000001837,"failureMessages":[],"meta":{}},{"ancestorTitles":["State Analysis","getOpponentTichuCallers"],"fullName":"State Analysis getOpponentTichuCallers finds opponents who called Tichu","status":"passed","title":"finds opponents who called Tichu","duration":1.1766999999999825,"failureMessages":[],"meta":{}},{"ancestorTitles":["State Analysis","isEndgame"],"fullName":"State Analysis isEndgame returns true when 2 or fewer active","status":"passed","title":"returns true when 2 or fewer active","duration":0.24300000000005184,"failureMessages":[],"meta":{}},{"ancestorTitles":["State Analysis","isEndgame"],"fullName":"State Analysis isEndgame returns false when 3+ active","status":"passed","title":"returns false when 3+ active","duration":0.16480000000001382,"failureMessages":[],"meta":{}},{"ancestorTitles":["State Analysis","getHandSizes"],"fullName":"State Analysis getHandSizes returns card count per seat","status":"passed","title":"returns card count per seat","duration":0.31740000000002055,"failureMessages":[],"meta":{}},{"ancestorTitles":["Stanford Index Computations","computeGrandTichuIndex"],"fullName":"Stanford Index Computations computeGrandTichuIndex returns 0 for hand with no power cards","status":"passed","title":"returns 0 for hand with no power cards","duration":0.2864000000000715,"failureMessages":[],"meta":{}},{"ancestorTitles":["Stanford Index Computations","computeGrandTichuIndex"],"fullName":"Stanford Index Computations computeGrandTichuIndex counts Dragon as 3","status":"passed","title":"counts Dragon as 3","duration":0.1793999999999869,"failureMessages":[],"meta":{}},{"ancestorTitles":["Stanford Index Computations","computeGrandTichuIndex"],"fullName":"Stanford Index Computations computeGrandTichuIndex counts Phoenix as 3","status":"passed","title":"counts Phoenix as 3","duration":0.28559999999993124,"failureMessages":[],"meta":{}},{"ancestorTitles":["Stanford Index Computations","computeGrandTichuIndex"],"fullName":"Stanford Index Computations computeGrandTichuIndex counts each Ace as 1","status":"passed","title":"counts each Ace as 1","duration":0.18099999999992633,"failureMessages":[],"meta":{}},{"ancestorTitles":["Stanford Index Computations","computeGrandTichuIndex"],"fullName":"Stanford Index Computations computeGrandTichuIndex counts Dragon + Phoenix + Ace correctly","status":"passed","title":"counts Dragon + Phoenix + Ace correctly","duration":0.14440000000001874,"failureMessages":[],"meta":{}},{"ancestorTitles":["Stanford Index Computations","computeGrandTichuIndex"],"fullName":"Stanford Index Computations computeGrandTichuIndex counts four-of-a-kind bomb as 3","status":"passed","title":"counts four-of-a-kind bomb as 3","duration":0.15699999999992542,"failureMessages":[],"meta":{}},{"ancestorTitles":["Stanford Index Computations","computeGrandTichuIndex"],"fullName":"Stanford Index Computations computeGrandTichuIndex does not count Kings, Dog, or Mahjong","status":"passed","title":"does not count Kings, Dog, or Mahjong","duration":0.14649999999994634,"failureMessages":[],"meta":{}},{"ancestorTitles":["Stanford Index Computations","computeTichuIndex"],"fullName":"Stanford Index Computations computeTichuIndex returns 0 for a hand of all low non-consecutive pairs","status":"passed","title":"returns 0 for a hand of all low non-consecutive pairs","duration":0.685799999999972,"failureMessages":[],"meta":{}},{"ancestorTitles":["Stanford Index Computations","computeTichuIndex"],"fullName":"Stanford Index Computations computeTichuIndex weights Dragon at 6","status":"passed","title":"weights Dragon at 6","duration":0.44269999999994525,"failureMessages":[],"meta":{}},{"ancestorTitles":["Stanford Index Computations","computeTichuIndex"],"fullName":"Stanford Index Computations computeTichuIndex weights Dog at -2","status":"passed","title":"weights Dog at -2","duration":0.2656000000000631,"failureMessages":[],"meta":{}},{"ancestorTitles":["Stanford Index Computations","computeTichuIndex"],"fullName":"Stanford Index Computations computeTichuIndex includes straight bonus (+1 per straight of 5+)","status":"passed","title":"includes straight bonus (+1 per straight of 5+)","duration":0.22029999999995198,"failureMessages":[],"meta":{}},{"ancestorTitles":["Stanford Index Computations","computeTichuIndex"],"fullName":"Stanford Index Computations computeTichuIndex penalizes small singletons not in straights (-1 each)","status":"passed","title":"penalizes small singletons not in straights (-1 each)","duration":0.1999999999999318,"failureMessages":[],"meta":{}},{"ancestorTitles":["Stanford Index Computations","computeTichuIndex"],"fullName":"Stanford Index Computations computeTichuIndex computes full index: Dragon + Ace + bomb + straight - Dog - singletons","status":"passed","title":"computes full index: Dragon + Ace + bomb + straight - Dog - singletons","duration":0.22870000000000346,"failureMessages":[],"meta":{}},{"ancestorTitles":["Stanford Index Computations","countStraights"],"fullName":"Stanford Index Computations countStraights returns 0 when no 5+ consecutive ranks","status":"passed","title":"returns 0 when no 5+ consecutive ranks","duration":0.15479999999990923,"failureMessages":[],"meta":{}},{"ancestorTitles":["Stanford Index Computations","countStraights"],"fullName":"Stanford Index Computations countStraights returns 1 for a run of exactly 5","status":"passed","title":"returns 1 for a run of exactly 5","duration":0.12839999999994234,"failureMessages":[],"meta":{}},{"ancestorTitles":["Stanford Index Computations","countStraights"],"fullName":"Stanford Index Computations countStraights counts Mahjong as rank 1","status":"passed","title":"counts Mahjong as rank 1","duration":0.12989999999990687,"failureMessages":[],"meta":{}},{"ancestorTitles":["Stanford Index Computations","countStraights"],"fullName":"Stanford Index Computations countStraights Phoenix fills one gap in a run","status":"passed","title":"Phoenix fills one gap in a run","duration":0.13540000000000418,"failureMessages":[],"meta":{}},{"ancestorTitles":["Stanford Index Computations","countStraights"],"fullName":"Stanford Index Computations countStraights returns 0 when run of 4 with no Phoenix","status":"passed","title":"returns 0 when run of 4 with no Phoenix","duration":0.13649999999995543,"failureMessages":[],"meta":{}},{"ancestorTitles":["Stanford Index Computations","countSmallSingletons"],"fullName":"Stanford Index Computations countSmallSingletons returns 0 when all cards are paired","status":"passed","title":"returns 0 when all cards are paired","duration":1.644100000000094,"failureMessages":[],"meta":{}},{"ancestorTitles":["Stanford Index Computations","countSmallSingletons"],"fullName":"Stanford Index Computations countSmallSingletons counts singletons below rank 12","status":"passed","title":"counts singletons below rank 12","duration":0.20249999999998636,"failureMessages":[],"meta":{}},{"ancestorTitles":["Stanford Index Computations","countSmallSingletons"],"fullName":"Stanford Index Computations countSmallSingletons excludes singletons that are in a 5+ straight","status":"passed","title":"excludes singletons that are in a 5+ straight","duration":0.1756000000000313,"failureMessages":[],"meta":{}},{"ancestorTitles":["Stanford Index Computations","getEndgamePhase"],"fullName":"Stanford Index Computations getEndgamePhase returns 3p-partner-out when partner already went out","status":"passed","title":"returns 3p-partner-out when partner already went out","duration":0.4500000000000455,"failureMessages":[],"meta":{}},{"ancestorTitles":["Stanford Index Computations","getEndgamePhase"],"fullName":"Stanford Index Computations getEndgamePhase returns 3p-partner-in when partner still playing","status":"passed","title":"returns 3p-partner-in when partner still playing","duration":0.262299999999982,"failureMessages":[],"meta":{}},{"ancestorTitles":["Stanford Index Computations","getEndgamePhase"],"fullName":"Stanford Index Computations getEndgamePhase returns 2p when only 2 players remain","status":"passed","title":"returns 2p when only 2 players remain","duration":0.2717999999999847,"failureMessages":[],"meta":{}},{"ancestorTitles":["Stanford Index Computations","getEndgamePhase"],"fullName":"Stanford Index Computations getEndgamePhase returns normal when all 4 players active","status":"passed","title":"returns normal when all 4 players active","duration":0.19039999999995416,"failureMessages":[],"meta":{}},{"ancestorTitles":["Stanford Index Computations","hasStrength"],"fullName":"Stanford Index Computations hasStrength returns true with 2+ power cards (Dragon + Ace)","status":"passed","title":"returns true with 2+ power cards (Dragon + Ace)","duration":0.25130000000001473,"failureMessages":[],"meta":{}},{"ancestorTitles":["Stanford Index Computations","hasStrength"],"fullName":"Stanford Index Computations hasStrength returns true with 2 Aces","status":"passed","title":"returns true with 2 Aces","duration":0.16690000000005512,"failureMessages":[],"meta":{}},{"ancestorTitles":["Stanford Index Computations","hasStrength"],"fullName":"Stanford Index Computations hasStrength returns true with Phoenix + Dragon","status":"passed","title":"returns true with Phoenix + Dragon","duration":0.2502999999999247,"failureMessages":[],"meta":{}},{"ancestorTitles":["Stanford Index Computations","hasStrength"],"fullName":"Stanford Index Computations hasStrength returns false with only 1 power card","status":"passed","title":"returns false with only 1 power card","duration":0.17439999999999145,"failureMessages":[],"meta":{}},{"ancestorTitles":["Stanford Index Computations","hasStrength"],"fullName":"Stanford Index Computations hasStrength returns false with no power cards","status":"passed","title":"returns false with no power cards","duration":0.15660000000002583,"failureMessages":[],"meta":{}},{"ancestorTitles":["Stanford Index Computations","hasStrength"],"fullName":"Stanford Index Computations hasStrength counts Kings as non-power cards","status":"passed","title":"counts Kings as non-power cards","duration":0.1634999999999991,"failureMessages":[],"meta":{}},{"ancestorTitles":["Stanford Index Computations","isCardInMultiCardCombo"],"fullName":"Stanford Index Computations isCardInMultiCardCombo returns true for a card in a pair","status":"passed","title":"returns true for a card in a pair","duration":0.22509999999999764,"failureMessages":[],"meta":{}},{"ancestorTitles":["Stanford Index Computations","isCardInMultiCardCombo"],"fullName":"Stanford Index Computations isCardInMultiCardCombo returns false for a singleton","status":"passed","title":"returns false for a singleton","duration":0.1494000000000142,"failureMessages":[],"meta":{}},{"ancestorTitles":["Stanford Index Computations","isCardInMultiCardCombo"],"fullName":"Stanford Index Computations isCardInMultiCardCombo returns true for a card in a triple","status":"passed","title":"returns true for a card in a triple","duration":0.13279999999997472,"failureMessages":[],"meta":{}},{"ancestorTitles":["Stanford Index Computations","isCardInMultiCardCombo"],"fullName":"Stanford Index Computations isCardInMultiCardCombo returns false for special cards","status":"passed","title":"returns false for special cards","duration":0.13390000000003965,"failureMessages":[],"meta":{}},{"ancestorTitles":["Stanford Index Computations","getThirdWorstNonBreaking"],"fullName":"Stanford Index Computations getThirdWorstNonBreaking returns 3rd weakest singleton when enough singletons exist","status":"passed","title":"returns 3rd weakest singleton when enough singletons exist","duration":0.4278000000000475,"failureMessages":[],"meta":{}},{"ancestorTitles":["Stanford Index Computations","getThirdWorstNonBreaking"],"fullName":"Stanford Index Computations getThirdWorstNonBreaking skips cards in pairs","status":"passed","title":"skips cards in pairs","duration":0.29109999999991487,"failureMessages":[],"meta":{}},{"ancestorTitles":["Stanford Index Computations","getThirdWorstNonBreaking"],"fullName":"Stanford Index Computations getThirdWorstNonBreaking falls back to 3rd weakest overall when fewer than 3 singletons","status":"passed","title":"falls back to 3rd weakest overall when fewer than 3 singletons","duration":0.21199999999998909,"failureMessages":[],"meta":{}},{"ancestorTitles":["Stanford Index Computations","getThirdWorstNonBreaking"],"fullName":"Stanford Index Computations getThirdWorstNonBreaking returns null for empty hand","status":"passed","title":"returns null for empty hand","duration":0.12000000000000455,"failureMessages":[],"meta":{}},{"ancestorTitles":["Stanford Index Computations","getRightOpponent"],"fullName":"Stanford Index Computations getRightOpponent returns west for north (counter-clockwise)","status":"passed","title":"returns west for north (counter-clockwise)","duration":0.14879999999993743,"failureMessages":[],"meta":{}},{"ancestorTitles":["Stanford Index Computations","getRightOpponent"],"fullName":"Stanford Index Computations getRightOpponent returns north for east","status":"passed","title":"returns north for east","duration":0.10869999999999891,"failureMessages":[],"meta":{}},{"ancestorTitles":["Stanford Index Computations","getRightOpponent"],"fullName":"Stanford Index Computations getRightOpponent returns east for south","status":"passed","title":"returns east for south","duration":0.1087999999999738,"failureMessages":[],"meta":{}},{"ancestorTitles":["Stanford Index Computations","getRightOpponent"],"fullName":"Stanford Index Computations getRightOpponent returns south for west","status":"passed","title":"returns south for west","duration":0.09989999999993415,"failureMessages":[],"meta":{}},{"ancestorTitles":["Stanford Index Computations","hasStrongMultiCardHand"],"fullName":"Stanford Index Computations hasStrongMultiCardHand returns true for pair of Jacks (rank 11)","status":"passed","title":"returns true for pair of Jacks (rank 11)","duration":0.2905000000000655,"failureMessages":[],"meta":{}},{"ancestorTitles":["Stanford Index Computations","hasStrongMultiCardHand"],"fullName":"Stanford Index Computations hasStrongMultiCardHand returns true for pair of Kings","status":"passed","title":"returns true for pair of Kings","duration":0.6654999999999518,"failureMessages":[],"meta":{}},{"ancestorTitles":["Stanford Index Computations","hasStrongMultiCardHand"],"fullName":"Stanford Index Computations hasStrongMultiCardHand returns false for pair of 10s (rank = 10, not > 10)","status":"passed","title":"returns false for pair of 10s (rank = 10, not > 10)","duration":0.19910000000004402,"failureMessages":[],"meta":{}},{"ancestorTitles":["Stanford Index Computations","hasStrongMultiCardHand"],"fullName":"Stanford Index Computations hasStrongMultiCardHand returns false when all cards are singletons","status":"passed","title":"returns false when all cards are singletons","duration":0.12989999999990687,"failureMessages":[],"meta":{}},{"ancestorTitles":["Stanford Index Computations","hasStrongMultiCardHand"],"fullName":"Stanford Index Computations hasStrongMultiCardHand returns true for a straight containing high ranks","status":"passed","title":"returns true for a straight containing high ranks","duration":0.14279999999996562,"failureMessages":[],"meta":{}},{"ancestorTitles":["Stanford Index Computations","hasStrongMultiCardHand"],"fullName":"Stanford Index Computations hasStrongMultiCardHand returns false for low straight (5-9)","status":"passed","title":"returns false for low straight (5-9)","duration":0.41219999999998436,"failureMessages":[],"meta":{}}],"startTime":1776927338481,"endTime":1776927338512.412,"status":"passed","message":"","name":"C:/MATLAB/Claude/Tichu/code/packages/server/tests/bot/bot-strategy-utils.test.ts"},{"assertionResults":[{"ancestorTitles":["Bot","chooseGrandTichu"],"fullName":"Bot chooseGrandTichu calls with 3 power cards and a bomb","status":"passed","title":"calls with 3 power cards and a bomb","duration":4.153500000000122,"failureMessages":[],"meta":{}},{"ancestorTitles":["Bot","chooseGrandTichu"],"fullName":"Bot chooseGrandTichu calls with 3 power cards and a strong pair (rank > 10)","status":"passed","title":"calls with 3 power cards and a strong pair (rank > 10)","duration":0.5167999999998756,"failureMessages":[],"meta":{}},{"ancestorTitles":["Bot","chooseGrandTichu"],"fullName":"Bot chooseGrandTichu does not call with only 2 power cards and no strong multi (normal game)","status":"passed","title":"does not call with only 2 power cards and no strong multi (normal game)","duration":0.6568999999999505,"failureMessages":[],"meta":{}},{"ancestorTitles":["Bot","chooseGrandTichu"],"fullName":"Bot chooseGrandTichu never calls with no power cards","status":"passed","title":"never calls with no power cards","duration":0.5177999999998519,"failureMessages":[],"meta":{}},{"ancestorTitles":["Bot","chooseGrandTichu"],"fullName":"Bot chooseGrandTichu does not call with 2 Aces only (no bomb, no strong multi)","status":"passed","title":"does not call with 2 Aces only (no bomb, no strong multi)","duration":0.4520999999999731,"failureMessages":[],"meta":{}},{"ancestorTitles":["Bot","chooseGrandTichu"],"fullName":"Bot chooseGrandTichu calls with 2 power cards + strong multi when opponents near winning","status":"passed","title":"calls with 2 power cards + strong multi when opponents near winning","duration":0.573699999999917,"failureMessages":[],"meta":{}},{"ancestorTitles":["Bot","chooseGrandTichu"],"fullName":"Bot chooseGrandTichu does not call with 2 power + strong multi when opponents not near winning","status":"passed","title":"does not call with 2 power + strong multi when opponents not near winning","duration":0.32159999999998945,"failureMessages":[],"meta":{}},{"ancestorTitles":["Bot","chooseRegularTichu"],"fullName":"Bot chooseRegularTichu calls Tichu with very strong hand (high It)","status":"passed","title":"calls Tichu with very strong hand (high It)","duration":1.1114000000000033,"failureMessages":[],"meta":{}},{"ancestorTitles":["Bot","chooseRegularTichu"],"fullName":"Bot chooseRegularTichu does not call Tichu with weak hand (low It)","status":"passed","title":"does not call Tichu with weak hand (low It)","duration":1.6008999999999105,"failureMessages":[],"meta":{}},{"ancestorTitles":["Bot","chooseRegularTichu"],"fullName":"Bot chooseRegularTichu suppresses Tichu call when team leads by 200+ (threshold 9)","status":"passed","title":"suppresses Tichu call when team leads by 200+ (threshold 9)","duration":0.8511999999998352,"failureMessages":[],"meta":{}},{"ancestorTitles":["Bot","chooseRegularTichu"],"fullName":"Bot chooseRegularTichu is more aggressive when behind by 200+ (threshold 5)","status":"passed","title":"is more aggressive when behind by 200+ (threshold 5)","duration":0.5372999999999593,"failureMessages":[],"meta":{}},{"ancestorTitles":["Bot","chooseRegularTichu"],"fullName":"Bot chooseRegularTichu accounts for straights and small singletons in It index","status":"passed","title":"accounts for straights and small singletons in It index","duration":0.3145999999999276,"failureMessages":[],"meta":{}},{"ancestorTitles":["Bot","chooseCardsToPass"],"fullName":"Bot chooseCardsToPass splits a low pair when no singles below 8 available","status":"passed","title":"splits a low pair when no singles below 8 available","duration":2.1496000000001914,"failureMessages":[],"meta":{}},{"ancestorTitles":["Bot","chooseCardsToPass"],"fullName":"Bot chooseCardsToPass returns cards for all three other seats","status":"passed","title":"returns cards for all three other seats","duration":1.0720000000001164,"failureMessages":[],"meta":{}},{"ancestorTitles":["Bot","chooseCardsToPass"],"fullName":"Bot chooseCardsToPass passes best card to partner from weak hand (strength concentration)","status":"passed","title":"passes best card to partner from weak hand (strength concentration)","duration":0.4522999999999229,"failureMessages":[],"meta":{}},{"ancestorTitles":["Bot","chooseCardsToPass"],"fullName":"Bot chooseCardsToPass passes 3rd-worst to partner from strong hand","status":"passed","title":"passes 3rd-worst to partner from strong hand","duration":0.38960000000020045,"failureMessages":[],"meta":{}},{"ancestorTitles":["Bot","chooseCardsToPass"],"fullName":"Bot chooseCardsToPass applies parity convention: odd to left (east), even to right (west)","status":"passed","title":"applies parity convention: odd to left (east), even to right (west)","duration":0.3193999999998596,"failureMessages":[],"meta":{}},{"ancestorTitles":["Bot","chooseCardsToPass"],"fullName":"Bot chooseCardsToPass never passes Dragon or Phoenix to opponents","status":"passed","title":"never passes Dragon or Phoenix to opponents","duration":1.7195000000001528,"failureMessages":[],"meta":{}},{"ancestorTitles":["Bot","chooseCardsToPass"],"fullName":"Bot chooseCardsToPass passes Dog to partner from strong hand","status":"passed","title":"passes Dog to partner from strong hand","duration":0.5665999999998803,"failureMessages":[],"meta":{}},{"ancestorTitles":["Bot","chooseCardsToPass"],"fullName":"Bot chooseCardsToPass passes Dog to right opponent when strong hand has 3+ lead-getters","status":"passed","title":"passes Dog to right opponent when strong hand has 3+ lead-getters","duration":0.5942999999999756,"failureMessages":[],"meta":{}},{"ancestorTitles":["Bot","chooseCardsToPass"],"fullName":"Bot chooseCardsToPass tracks passedToRight for Mahjong wish","status":"passed","title":"tracks passedToRight for Mahjong wish","duration":0.39160000000015316,"failureMessages":[],"meta":{}},{"ancestorTitles":["Bot","choosePlay"],"fullName":"Bot choosePlay always plays optimally — leads with lowest combination","status":"passed","title":"always plays optimally — leads with lowest combination","duration":2.4519000000000233,"failureMessages":[],"meta":{}},{"ancestorTitles":["Bot","choosePlay"],"fullName":"Bot choosePlay produces deterministic results (no randomness)","status":"passed","title":"produces deterministic results (no randomness)","duration":1.483600000000024,"failureMessages":[],"meta":{}},{"ancestorTitles":["Bot","choosePlay"],"fullName":"Bot choosePlay passes when partner is winning the trick","status":"passed","title":"passes when partner is winning the trick","duration":1.0896000000000186,"failureMessages":[],"meta":{}},{"ancestorTitles":["Bot","choosePlay"],"fullName":"Bot choosePlay plays to go out even when partner is winning","status":"passed","title":"plays to go out even when partner is winning","duration":0.3326999999999316,"failureMessages":[],"meta":{}},{"ancestorTitles":["Bot","choosePlay"],"fullName":"Bot choosePlay passes when no valid plays available","status":"passed","title":"passes when no valid plays available","duration":0.23440000000005057,"failureMessages":[],"meta":{}},{"ancestorTitles":["Bot","choosePlay"],"fullName":"Bot choosePlay plays bomb when opponent has 1-2 card
[...]
"meta":{}},{"ancestorTitles":["GameManager serialize/restore"],"fullName":"GameManager serialize/restore preserves bot seats through serialize/restore","status":"passed","title":"preserves bot seats through serialize/restore","duration":2.9248999999999796,"failureMessages":[],"meta":{}},{"ancestorTitles":["GameManager serialize/restore"],"fullName":"GameManager serialize/restore sets restoredFromSnapshot flag on restore","status":"passed","title":"sets restoredFromSnapshot flag on restore","duration":2.3885999999999967,"failureMessages":[],"meta":{}},{"ancestorTitles":["GameManager serialize/restore"],"fullName":"GameManager serialize/restore preserves endOfTrickBombWindowEndTime through serialize/restore","status":"passed","title":"preserves endOfTrickBombWindowEndTime through serialize/restore","duration":1.362799999999993,"failureMessages":[],"meta":{}},{"ancestorTitles":["GameManager serialize/restore"],"fullName":"GameManager serialize/restore preserves joinedAfterSpectating through serialize/restore","status":"passed","title":"preserves joinedAfterSpectating through serialize/restore","duration":1.2495999999999867,"failureMessages":[],"meta":{}},{"ancestorTitles":["GameManager serialize/restore"],"fullName":"GameManager serialize/restore snapshot is JSON-serializable","status":"passed","title":"snapshot is JSON-serializable","duration":3.127399999999966,"failureMessages":[],"meta":{}}],"startTime":1776927338674,"endTime":1776927338711.1274,"status":"passed","message":"","name":"C:/MATLAB/Claude/Tichu/code/packages/server/tests/game/serialize-restore.test.ts"},{"assertionResults":[{"ancestorTitles":["TurnTimer serialization"],"fullName":"TurnTimer serialization returns null snapshot when timer is disabled","status":"passed","title":"returns null snapshot when timer is disabled","duration":3.0325000000000273,"failureMessages":[],"meta":{}},{"ancestorTitles":["TurnTimer serialization"],"fullName":"TurnTimer serialization returns null snapshot when timer is not active","status":"passed","title":"returns null snapshot when timer is not active","duration":0.47670000000005075,"failureMessages":[],"meta":{}},{"ancestorTitles":["TurnTimer serialization"],"fullName":"TurnTimer serialization captures active timer state","status":"passed","title":"captures active timer state","duration":0.97950000000003,"failureMessages":[],"meta":{}},{"ancestorTitles":["TurnTimer serialization"],"fullName":"TurnTimer serialization restores with correct duration","status":"passed","title":"restores with correct duration","duration":0.4898999999999205,"failureMessages":[],"meta":{}}],"startTime":1776927340787,"endTime":1776927340792.49,"status":"passed","message":"","name":"C:/MATLAB/Claude/Tichu/code/packages/server/tests/game/turn-timer-serialize.test.ts"},{"assertionResults":[{"ancestorTitles":["TurnTimer"],"fullName":"TurnTimer fires timeout callback after configured duration","status":"passed","title":"fires timeout callback after configured duration","duration":9.306500000000028,"failureMessages":[],"meta":{}},{"ancestorTitles":["TurnTimer"],"fullName":"TurnTimer does not fire if stopped before timeout","status":"passed","title":"does not fire if stopped before timeout","duration":1.1797000000000253,"failureMessages":[],"meta":{}},{"ancestorTitles":["TurnTimer"],"fullName":"TurnTimer restarts timer when start is called again","status":"passed","title":"restarts timer when start is called again","duration":1.1426999999999907,"failureMessages":[],"meta":{}},{"ancestorTitles":["TurnTimer"],"fullName":"TurnTimer does nothing when timer is disabled (null duration)","status":"passed","title":"does nothing when timer is disabled (null duration)","duration":1.2705999999999449,"failureMessages":[],"meta":{}},{"ancestorTitles":["TurnTimer"],"fullName":"TurnTimer reports correct current seat","status":"passed","title":"reports correct current seat","duration":0.8397999999999683,"failureMessages":[],"meta":{}},{"ancestorTitles":["TurnTimer"],"fullName":"TurnTimer reports active status correctly","status":"passed","title":"reports active status correctly","duration":0.9647999999999683,"failureMessages":[],"meta":{}},{"ancestorTitles":["TurnTimer"],"fullName":"TurnTimer reports enabled status correctly","status":"passed","title":"reports enabled status correctly","duration":0.9094000000000051,"failureMessages":[],"meta":{}},{"ancestorTitles":["TurnTimer"],"fullName":"TurnTimer reports remaining time","status":"passed","title":"reports remaining time","duration":1.0802999999999656,"failureMessages":[],"meta":{}},{"ancestorTitles":["TurnTimer"],"fullName":"TurnTimer clears seat after timeout fires","status":"passed","title":"clears seat after timeout fires","duration":1.035199999999918,"failureMessages":[],"meta":{}},{"ancestorTitles":["TurnTimer"],"fullName":"TurnTimer dispose stops active timer","status":"passed","title":"dispose stops active timer","duration":0.9211999999999989,"failureMessages":[],"meta":{}}],"startTime":1776927339170,"endTime":1776927339188.9211,"status":"passed","message":"","name":"C:/MATLAB/Claude/Tichu/code/packages/server/tests/game/turn-timer.test.ts"},{"assertionResults":[{"ancestorTitles":["Broadcaster","send"],"fullName":"Broadcaster send sends JSON message to open WebSocket","status":"passed","title":"sends JSON message to open WebSocket","duration":6.541500000000042,"failureMessages":[],"meta":{}},{"ancestorTitles":["Broadcaster","send"],"fullName":"Broadcaster send returns false for closed WebSocket","status":"passed","title":"returns false for closed WebSocket","duration":1.3210000000000264,"failureMessages":[],"meta":{}},{"ancestorTitles":["Broadcaster","sendToPlayer"],"fullName":"Broadcaster sendToPlayer sends message to the client at the specified seat","status":"passed","title":"sends message to the client at the specified seat","duration":1.4192999999999074,"failureMessages":[],"meta":{}},{"ancestorTitles":["Broadcaster","sendToPlayer"],"fullName":"Broadcaster sendToPlayer returns false when no client at that seat","status":"passed","title":"returns false when no client at that seat","duration":0.4379000000000133,"failureMessages":[],"meta":{}},{"ancestorTitles":["Broadcaster","broadcastToRoom"],"fullName":"Broadcaster broadcastToRoom sends message to all clients in a room","status":"passed","title":"sends message to all clients in a room","duration":1.6204999999999927,"failureMessages":[],"meta":{}},{"ancestorTitles":["Broadcaster","broadcastToRoom"],"fullName":"Broadcaster broadcastToRoom returns 0 for an empty room","status":"passed","title":"returns 0 for an empty room","duration":0.3783000000000811,"failureMessages":[],"meta":{}},{"ancestorTitles":["Broadcaster","broadcastGameState"],"fullName":"Broadcaster broadcastGameState sends projected state to each player in a room","status":"passed","title":"sends projected state to each player in a room","duration":2.1032000000000153,"failureMessages":[],"meta":{}},{"ancestorTitles":["Broadcaster","broadcastGameState"],"fullName":"Broadcaster broadcastGameState sends spectator-projected state to clients without seat assignment","status":"passed","title":"sends spectator-projected state to clients without seat assignment","duration":1.6169000000001006,"failureMessages":[],"meta":{}},{"ancestorTitles":["Broadcaster","broadcastToSpectators"],"fullName":"Broadcaster broadcastToSpectators sends message only to clients without a seat","status":"passed","title":"sends message only to clients without a seat","duration":1.181699999999978,"failureMessages":[],"meta":{}},{"ancestorTitles":["Broadcaster","sendError"],"fullName":"Broadcaster sendError sends an ERROR message","status":"passed","title":"sends an ERROR message","duration":0.6820999999999913,"failureMessages":[],"meta":{}}],"startTime":1776927337784,"endTime":1776927337802.6821,"status":"passed","message":"","name":"C:/MATLAB/Claude/Tichu/code/packages/server/tests/ws/broadcaster.test.ts"},{"assertionResults":[{"ancestorTitles":["ConnectionManager","addClient / removeClient"],"fullName":"ConnectionManager addClient / removeClient registers a client and tracks it by userId","status":"passed","title":"registers a client and tracks it by userId","duration":6.525800000000004,"failureMessages":[],"meta":{}},{"ancestorTitles":["ConnectionManager","addClient / removeClient"],"fullName":"ConnectionManager addClient / removeClient removes a client and cleans up indices","status":"passed","title":"removes a client and cleans up indices","duration":1.5570000000000164,"failureMessages":[],"meta":{}},{"ancestorTitles":["ConnectionManager","addClient / removeClient"],"fullName":"ConnectionManager addClient / removeClient returns undefined when removing an unknown WebSocket","status":"passed","title":"returns undefined when removing an unknown WebSocket","duration":0.8192999999999984,"failureMessages":[],"meta":{}},{"ancestorTitles":["ConnectionManager","addClient / removeClient"],"fullName":"ConnectionManager addClient / removeClient replaces existing socket when same userId connects again","status":"passed","title":"replaces existing socket when same userId connects again","duration":1.369799999999941,"failureMessages":[],"meta":{}},{"ancestorTitles":["ConnectionManager","room assignment"],"fullName":"ConnectionManager room assignment assigns and removes a client from a room","status":"passed","title":"assigns and removes a client from a room","duration":0.7883999999999105,"failureMessages":[],"meta":{}},{"ancestorTitles":["ConnectionManager","room assignment"],"fullName":"ConnectionManager room assignment getClientsInRoom returns only clients in that room","status":"passed","title":"getClientsInRoom returns only clients in that room","duration":2.574200000000019,"failureMessages":[],"meta":{}},{"ancestorTitles":["ConnectionManager","room assignment"],"fullName":"ConnectionManager room assignment getClientBySeat finds the right client","status":"passed","title":"getClientBySeat finds the right client","duration":0.6404999999999745,"failureMessages":[],"meta":{}},{"ancestorTitles":["ConnectionManager","room assignment"],"fullName":"ConnectionManager room assignment getClientBySeat returns undefined for empty seat","status":"passed","title":"getClientBySeat returns undefined for empty seat","duration":0.22419999999999618,"failureMessages":[],"meta":{}},{"ancestorTitles":["ConnectionManager","heartbeat"],"fullName":"ConnectionManager heartbeat sends application-level HEARTBEAT_PING during heartbeat","status":"passed","title":"sends application-level HEARTBEAT_PING during heartbeat","duration":5.207499999999982,"failureMessages":[],"meta":{}},{"ancestorTitles":["ConnectionManager","heartbeat"],"fullName":"ConnectionManager heartbeat terminates stale connections","status":"passed","title":"terminates stale connections","duration":3.945699999999988,"failureMessages":[],"meta":{}},{"ancestorTitles":["ConnectionManager","heartbeat"],"fullName":"ConnectionManager heartbeat does not terminate clients that respond with pong","status":"passed","title":"does not terminate clients that respond with pong","duration":1.1950999999999112,"failureMessages":[],"meta":{}},{"ancestorTitles":["ConnectionManager","heartbeat"],"fullName":"ConnectionManager heartbeat startHeartbeat is idempotent","status":"passed","title":"startHeartbeat is idempotent","duration":0.45039999999994507,"failureMessages":[],"meta":{}},{"ancestorTitles":["ConnectionManager","reconnection"],"fullName":"ConnectionManager reconnection canReconnect returns seat when user has active session in room","status":"passed","title":"canReconnect returns seat when user has active session in room","duration":0.7291999999999916,"failureMessages":[],"meta":{}},{"ancestorTitles":["ConnectionManager","reconnection"],"fullName":"ConnectionManager reconnection canReconnect returns null when user has no session","status":"passed","title":"canReconnect returns null when user has no session","duration":0.5422999999999547,"failureMessages":[],"meta":{}},{"ancestorTitles":["ConnectionManager","reconnection"],"fullName":"ConnectionManager reconnection canReconnect returns null when user is in a different room","status":"passed","title":"canReconnect returns null when user is in a different room","duration":0.5849999999999227,"failureMessages":[],"meta":{}},{"ancestorTitles":["ConnectionManager","dispose"],"fullName":"ConnectionManager dispose terminates all connections and clears state","status":"passed","title":"terminates all connections and clears state","duration":0.7658000000000129,"failureMessages":[],"meta":{}}],"startTime":1776927338579,"endTime":1776927338607.7659,"status":"passed","message":"","name":"C:/MATLAB/Claude/Tichu/code/packages/server/tests/ws/connection-manager.test.ts"},{"assertionResults":[{"ancestorTitles":["MessageRouter","JSON parsing"],"fullName":"MessageRouter JSON parsing rejects invalid JSON with INVALID_JSON error","status":"passed","title":"rejects invalid JSON with INVALID_JSON error","duration":7.2234999999999445,"failureMessages":[],"meta":{}},{"ancestorTitles":["MessageRouter","Zod validation"],"fullName":"MessageRouter Zod validation rejects messages that fail schema validation","status":"passed","title":"rejects messages that fail schema validation","duration":2.7397999999999456,"failureMessages":[],"meta":{}},{"ancestorTitles":["MessageRouter","Zod validation"],"fullName":"MessageRouter Zod validation rejects messages with missing required fields","status":"passed","title":"rejects messages with missing required fields","duration":2.9279999999999973,"failureMessages":[],"meta":{}},{"ancestorTitles":["MessageRouter","Zod validation"],"fullName":"MessageRouter Zod validation rejects messages with invalid field types","status":"passed","title":"rejects messages with invalid field types","duration":1.2745000000001028,"failureMessages":[],"meta":{}},{"ancestorTitles":["MessageRouter","authentication check"],"fullName":"MessageRouter authentication check rejects messages from unregistered clients","status":"passed","title":"rejects messages from unregistered clients","duration":1.3011999999999944,"failureMessages":[],"meta":{}},{"ancestorTitles":["MessageRouter","handler routing"],"fullName":"MessageRouter handler routing routes valid messages to the registered handler","status":"passed","title":"routes valid messages to the registered handler","duration":1.9688999999999623,"failureMessages":[],"meta":{}},{"ancestorTitles":["MessageRouter","handler routing"],"fullName":"MessageRouter handler routing routes CREATE_ROOM with payload correctly","status":"passed","title":"routes CREATE_ROOM with payload correctly","duration":0.9610000000000127,"failureMessages":[],"meta":{}},{"ancestorTitles":["MessageRouter","handler routing"],"fullName":"MessageRouter handler routing routes PLAY_CARDS with cardIds and phoenixAs","status":"passed","title":"routes PLAY_CARDS with cardIds and phoenixAs","duration":1.970199999999977,"failureMessages":[],"meta":{}},{"ancestorTitles":["MessageRouter","handler routing"],"fullName":"MessageRouter handler routing sends UNKNOWN_TYPE error when no handler is registered","status":"passed","title":"sends UNKNOWN_TYPE error when no handler is registered","duration":1.0267000000000053,"failureMessages":[],"meta":{}},{"ancestorTitles":["MessageRouter","handler routing"],"fullName":"MessageRouter handler routing sends HANDLER_ERROR when handler throws","status":"passed","title":"sends HANDLER_ERROR when handler throws","duration":1.1307999999999083,"failureMessages":[],"meta":{}},{"ancestorTitles":["MessageRouter","handler routing"],"fullName":"MessageRouter handler routing sends HANDLER_ERROR for async handler rejection","status":"passed","title":"sends HANDLER_ERROR for async handler rejection","duration":0.774599999999964,"failureMessages":[],"meta":{}}],"startTime":1776927339198,"endTime":1776927339221.7747,"status":"passed","message":"","name":"C:/MATLAB/Claude/Tichu/code/packages/server/tests/ws/message-router.test.ts"},{"assertionResults":[{"ancestorTitles":["projectGameState","lobby state (no round)"],"fullName":"projectGameState lobby state (no round) returns base view for lobby with no round data","status":"passed","title":"returns base view for lobby with no round data","duration":5.784899999999993,"failureMessages":[],"meta":{}},{"ancestorTitles":["projectGameState","hand visibility"],"fullName":"projectGameState hand visibility shows requesting player full hand","status":"passed","title":"shows requesting player full hand","duration":1.0872000000000526,"failureMessages":[],"meta":{}},{"ancestorTitles":["projectGameState","hand visibility"],"fullName":"projectGameState hand visibility different seat sees different hand","status":"passed","title":"different seat sees different hand","duration":0.7226000000000568,"failureMessages":[],"meta":{}},{"ancestorTitles":["projectGameState","phase mapping"],"fullName":"projectGameState phase mapping maps grandTichuDecision to GrandTichuDecision phase","status":"passed","title":"maps grandTichuDecision to GrandTichuDecision phase","duration":0.3140000000000782,"failureMessages":[],"meta":{}},{"ancestorTitles":["projectGameState","phase mapping"],"fullName":"projectGameState phase mapping maps cardPassing to CardPassing phase","status":"passed","title":"maps cardPassing to CardPassing phase","duration":0.251700000000028,"failureMessages":[],"meta":{}},{"ancestorTitles":["projectGameState","phase mapping"],"fullName":"projectGameState phase mapping maps awaitingDragonGift to Playing phase (client perspective)","status":"passed","title":"maps awaitingDragonGift to Playing phase (client perspective)","duration":0.2555000000000973,"failureMessages":[],"meta":{}},{"ancestorTitles":["projectGameState","phase mapping"],"fullName":"projectGameState phase mapping maps roundScoring to RoundScoring phase","status":"passed","title":"maps roundScoring to RoundScoring phase","duration":0.2560999999999467,"failureMessages":[],"meta":{}},{"ancestorTitles":["projectGameState","phase mapping"],"fullName":"projectGameState phase mapping maps gameOver to GameOver phase","status":"passed","title":"maps gameOver to GameOver phase","duration":0.22000000000002728,"failureMessages":[],"meta":{}},{"ancestorTitles":["projectGameState","phase mapping"],"fullName":"projectGameState phase mapping maps unknown state to WaitingForPlayers","status":"passed","title":"maps unknown state to WaitingForPlayers","duration":0.39199999999993906,"failureMessages":[],"meta":{}},{"ancestorTitles":["projectGameState","trick state"],"fullName":"projectGameState trick state includes current trick plays when present","status":"passed","title":"includes current trick plays when present","duration":0.8663999999999987,"failureMessages":[],"meta":{}},{"ancestorTitles":["projectGameState","game indicators"],"fullName":"projectGameState game indicators includes scores and round history","status":"passed","title":"includes scores and round history","duration":0.6856000000000222,"failureMessages":[],"meta":{}},{"ancestorTitles":["projectGameState","game indicators"],"fullName":"projectGameState game indicators shows Tichu call for other players","status":"passed","title":"shows Tichu call for other players","duration":0.3593999999999369,"failureMessages":[],"meta":{}},{"ancestorTitles":["projectGameState","game indicators"],"fullName":"projectGameState game indicators shows finish order and dragon gift pending","status":"passed","title":"shows finish order and dragon gift pending","duration":0.43460000000004584,"failureMessages":[],"meta":{}},{"ancestorTitles":["projectGameState","game indicators"],"fullName":"projectGameState game indicators shows mahjong wish state","status":"passed","title":"shows mahjong wish state","duration":0.6367000000000189,"failureMessages":[],"meta":{}}],"startTime":1776927339183,"endTime":1776927339196.6367,"status":"passed","message":"","name":"C:/MATLAB/Claude/Tichu/code/packages/server/tests/ws/state-projection.test.ts"}]}