{"numTotalTestSuites":37,"numPassedTestSuites":37,"numFailedTestSuites":0,"numPendingTestSuites":0,"numTotalTests":113,"numPassedTests":113,"numFailedTests":0,"numPendingTests":0,"numTodoTests":0,"snapshot":{"added":0,"failure":false,"filesAdded":0,"filesRemoved":0,"filesRemovedList":[],"filesUnmatched":0,"filesUpdated":0,"matched":0,"total":0,"unchecked":0,"uncheckedKeysByFile":[],"unmatched":0,"updated":0,"didUpdate":false},"startTime":1773203948069,"success":true,"testResults":[{"assertionResults":[{"ancestorTitles":["getCardPoints"],"fullName":"getCardPoints returns 25 for Dragon","status":"passed","title":"returns 25 for Dragon","duration":3.5529999999999973,"failureMessages":[],"meta":{}},{"ancestorTitles":["getCardPoints"],"fullName":"getCardPoints returns -25 for Phoenix","status":"passed","title":"returns -25 for Phoenix","duration":0.36800000000005184,"failureMessages":[],"meta":{}},{"ancestorTitles":["getCardPoints"],"fullName":"getCardPoints returns 0 for Mahjong","status":"passed","title":"returns 0 for Mahjong","duration":0.25099999999997635,"failureMessages":[],"meta":{}},{"ancestorTitles":["getCardPoints"],"fullName":"getCardPoints returns 0 for Dog","status":"passed","title":"returns 0 for Dog","duration":0.23419999999998709,"failureMessages":[],"meta":{}},{"ancestorTitles":["getCardPoints"],"fullName":"getCardPoints returns 10 for Kings","status":"passed","title":"returns 10 for Kings","duration":0.5090000000000146,"failureMessages":[],"meta":{}},{"ancestorTitles":["getCardPoints"],"fullName":"getCardPoints returns 10 for Tens","status":"passed","title":"returns 10 for Tens","duration":0.4390999999999394,"failureMessages":[],"meta":{}},{"ancestorTitles":["getCardPoints"],"fullName":"getCardPoints returns 5 for Fives","status":"passed","title":"returns 5 for Fives","duration":0.43230000000005475,"failureMessages":[],"meta":{}},{"ancestorTitles":["getCardPoints"],"fullName":"getCardPoints returns 0 for non-scoring standard cards","status":"passed","title":"returns 0 for non-scoring standard cards","duration":0.8608999999999014,"failureMessages":[],"meta":{}},{"ancestorTitles":["getCardPoints"],"fullName":"getCardPoints total deck points sum to 100","status":"passed","title":"total deck points sum to 100","duration":0.6109000000000151,"failureMessages":[],"meta":{}},{"ancestorTitles":["Constants"],"fullName":"Constants DECK_SIZE is 56","status":"passed","title":"DECK_SIZE is 56","duration":0.27080000000000837,"failureMessages":[],"meta":{}},{"ancestorTitles":["Constants"],"fullName":"Constants FIRST_DEAL_SIZE is 8","status":"passed","title":"FIRST_DEAL_SIZE is 8","duration":0.2580000000000382,"failureMessages":[],"meta":{}},{"ancestorTitles":["Constants"],"fullName":"Constants SECOND_DEAL_SIZE is 6","status":"passed","title":"SECOND_DEAL_SIZE is 6","duration":0.25080000000002656,"failureMessages":[],"meta":{}},{"ancestorTitles":["Constants"],"fullName":"Constants CARDS_PER_PLAYER is 14","status":"passed","title":"CARDS_PER_PLAYER is 14","duration":0.21620000000007167,"failureMessages":[],"meta":{}},{"ancestorTitles":["Constants"],"fullName":"Constants NUM_PLAYERS is 4","status":"passed","title":"NUM_PLAYERS is 4","duration":0.2115000000000009,"failureMessages":[],"meta":{}},{"ancestorTitles":["Constants"],"fullName":"Constants RANK_ORDER has 13 ranks","status":"passed","title":"RANK_ORDER has 13 ranks","duration":2.0837999999999965,"failureMessages":[],"meta":{}},{"ancestorTitles":["Constants"],"fullName":"Constants RANK_NAMES has entries for all ranks","status":"passed","title":"RANK_NAMES has entries for all ranks","duration":0.49519999999995434,"failureMessages":[],"meta":{}},{"ancestorTitles":["Constants"],"fullName":"Constants DRAGON_RANK is 25","status":"passed","title":"DRAGON_RANK is 25","duration":0.2579000000000633,"failureMessages":[],"meta":{}},{"ancestorTitles":["Constants"],"fullName":"Constants PHOENIX_SINGLE_VALUE is 1.5","status":"passed","title":"PHOENIX_SINGLE_VALUE is 1.5","duration":0.26320000000009713,"failureMessages":[],"meta":{}},{"ancestorTitles":["Constants"],"fullName":"Constants MAHJONG_RANK is 1","status":"passed","title":"MAHJONG_RANK is 1","duration":0.2716000000000349,"failureMessages":[],"meta":{}}],"startTime":1773203948929,"endTime":1773203948942.2715,"status":"passed","message":"","name":"C:/MATLAB/Claude/Tichu/code/packages/shared/tests/constants.test.ts"},{"assertionResults":[{"ancestorTitles":["@tichu/shared"],"fullName":"@tichu/shared smoke test: package loads","status":"passed","title":"smoke test: package loads","duration":4.635699999999929,"failureMessages":[],"meta":{}}],"startTime":1773203948992,"endTime":1773203948996.6357,"status":"passed","message":"","name":"C:/MATLAB/Claude/Tichu/code/packages/shared/tests/smoke.test.ts"},{"assertionResults":[{"ancestorTitles":["createDeck"],"fullName":"createDeck creates exactly 56 cards","status":"passed","title":"creates exactly 56 cards","duration":5.403599999999983,"failureMessages":[],"meta":{}},{"ancestorTitles":["createDeck"],"fullName":"createDeck assigns unique IDs from 0 to 55","status":"passed","title":"assigns unique IDs from 0 to 55","duration":0.9289999999999736,"failureMessages":[],"meta":{}},{"ancestorTitles":["createDeck"],"fullName":"createDeck contains 52 standard cards (4 suits × 13 ranks)","status":"passed","title":"contains 52 standard cards (4 suits × 13 ranks)","duration":0.5312000000000126,"failureMessages":[],"meta":{}},{"ancestorTitles":["createDeck"],"fullName":"createDeck contains all suit/rank combinations","status":"passed","title":"contains all suit/rank combinations","duration":3.3752999999999247,"failureMessages":[],"meta":{}},{"ancestorTitles":["createDeck"],"fullName":"createDeck contains exactly one of each special card","status":"passed","title":"contains exactly one of each special card","duration":2.116899999999987,"failureMessages":[],"meta":{}},{"ancestorTitles":["createDeck"],"fullName":"createDeck standard cards have IDs 0–51, specials have IDs 52–55","status":"passed","title":"standard cards have IDs 0–51, specials have IDs 52–55","duration":8.254800000000046,"failureMessages":[],"meta":{}},{"ancestorTitles":["shuffleDeck"],"fullName":"shuffleDeck returns the same number of cards","status":"passed","title":"returns the same number of cards","duration":0.5901999999999816,"failureMessages":[],"meta":{}},{"ancestorTitles":["shuffleDeck"],"fullName":"shuffleDeck contains all the same cards (no duplicates, no missing)","status":"passed","title":"contains all the same cards (no duplicates, no missing)","duration":2.3863000000000056,"failureMessages":[],"meta":{}},{"ancestorTitles":["shuffleDeck"],"fullName":"shuffleDeck does not mutate the original deck","status":"passed","title":"does not mutate the original deck","duration":1.3897000000000617,"failureMessages":[],"meta":{}},{"ancestorTitles":["shuffleDeck"],"fullName":"shuffleDeck produces a different order (with very high probability)","status":"passed","title":"produces a different order (with very high probability)","duration":0.8952000000000453,"failureMessages":[],"meta":{}},{"ancestorTitles":["shuffleDeck"],"fullName":"shuffleDeck produces different results on consecutive calls","status":"passed","title":"produces different results on consecutive calls","duration":0.6299999999999955,"failureMessages":[],"meta":{}},{"ancestorTitles":["dealCards"],"fullName":"dealCards deals to all 4 seats","status":"passed","title":"deals to all 4 seats","duration":0.8129999999999882,"failureMessages":[],"meta":{}},{"ancestorTitles":["dealCards"],"fullName":"dealCards deals 8 cards in first deal for each player","status":"passed","title":"deals 8 cards in first deal for each player","duration":0.8663999999999987,"failureMessages":[],"meta":{}},{"ancestorTitles":["dealCards"],"fullName":"dealCards deals 6 cards in second deal for each player","status":"passed","title":"deals 6 cards in second deal for each player","duration":0.8152000000000044,"failureMessages":[],"meta":{}},{"ancestorTitles":["dealCards"],"fullName":"dealCards each player gets 14 unique cards total","status":"passed","title":"each player gets 14 unique cards total","duration":1.3219000000000278,"failureMessages":[],"meta":{}},{"ancestorTitles":["dealCards"],"fullName":"dealCards no duplicates across all players","status":"passed","title":"no duplicates across all players","duration":0.6091999999999871,"failureMessages":[],"meta":{}},{"ancestorTitles":["dealCards"],"fullName":"dealCards throws for wrong deck size","status":"passed","title":"throws for wrong deck size","duration":2.4149000000001024,"failureMessages":[],"meta":{}}],"startTime":1773203948945,"endTime":1773203948980.4148,"status":"passed","message":"","name":"C:/MATLAB/Claude/Tichu/code/packages/shared/tests/engine/deck.test.ts"},{"assertionResults":[{"ancestorTitles":["Card types","Suit enum"],"fullName":"Card types Suit enum has 4 suits","status":"passed","title":"has 4 suits","duration":6.263900000000035,"failureMessages":[],"meta":{}},{"ancestorTitles":["Card types","Suit enum"],"fullName":"Card types Suit enum has correct values","status":"passed","title":"has correct values","duration":0.8469000000000051,"failureMessages":[],"meta":{}},{"ancestorTitles":["Card types","SpecialCardType enum"],"fullName":"Card types SpecialCardType enum has 4 special types","status":"passed","title":"has 4 special types","duration":0.42650000000003274,"failureMessages":[],"meta":{}},{"ancestorTitles":["Card types","SpecialCardType enum"],"fullName":"Card types SpecialCardType enum has correct values","status":"passed","title":"has correct values","duration":0.44650000000001455,"failureMessages":[],"meta":{}},{"ancestorTitles":["Card types","ALL_RANKS"],"fullName":"Card types ALL_RANKS has 13 ranks from 2 to 14","status":"passed","title":"has 13 ranks from 2 to 14","duration":0.5893999999999551,"failureMessages":[],"meta":{}},{"ancestorTitles":["Card types","ALL_SUITS"],"fullName":"Card types ALL_SUITS has 4 suits","status":"passed","title":"has 4 suits","duration":0.40420000000005984,"failureMessages":[],"meta":{}},{"ancestorTitles":["Type guards","isSpecial"],"fullName":"Type guards isSpecial returns false for standard cards","status":"passed","title":"returns false for standard cards","duration":0.2924000000000433,"failureMessages":[],"meta":{}},{"ancestorTitles":["Type guards","isSpecial"],"fullName":"Type guards isSpecial returns true for all special cards","status":"passed","title":"returns true for all special cards","duration":0.7753999999999905,"failureMessages":[],"meta":{}},{"ancestorTitles":["Type guards","isStandard"],"fullName":"Type guards isStandard returns true for standard cards","status":"passed","title":"returns true for standard cards","duration":0.3665999999999485,"failureMessages":[],"meta":{}},{"ancestorTitles":["Type guards","isStandard"],"fullName":"Type guards isStandard returns false for special cards","status":"passed","title":"returns false for special cards","duration":0.419399999999996,"failureMessages":[],"meta":{}},{"ancestorTitles":["Type guards","isDragon"],"fullName":"Type guards isDragon returns true only for Dragon","status":"passed","title":"returns true only for Dragon","duration":0.4276999999999589,"failureMessages":[],"meta":{}},{"ancestorTitles":["Type guards","isPhoenix"],"fullName":"Type guards isPhoenix returns true only for Phoenix","status":"passed","title":"returns true only for Phoenix","duration":0.38830000000007203,"failureMessages":[],"meta":{}},{"ancestorTitles":["Type guards","isMahjong"],"fullName":"Type guards isMahjong returns true only for Mahjong","status":"passed","title":"returns true only for Mahjong","duration":0.3953999999999951,"failureMessages":[],"meta":{}},{"ancestorTitles":["Type guards","isDog"],"fullName":"Type guards isDog returns true only for Dog","status":"passed","title":"returns true only for Dog","duration":0.3927999999999656,"failureMessages":[],"meta":{}},{"ancestorTitles":["getCardRank"],"fullName":"getCardRank returns the rank for standard cards","status":"passed","title":"returns the rank for standard cards","duration":0.30500000000006366,"failureMessages":[],"meta":{}},{"ancestorTitles":["getCardRank"],"fullName":"getCardRank returns 1 for Mahjong","status":"passed","title":"returns 1 for Mahjong","duration":0.21669999999994616,"failureMessages":[],"meta":{}},{"ancestorTitles":["getCardRank"],"fullName":"getCardRank returns 25 for Dragon","status":"passed","title":"returns 25 for Dragon","duration":0.21600000000000819,"failureMessages":[],"meta":{}},{"ancestorTitles":["getCardRank"],"fullName":"getCardRank returns 0 for Phoenix (context-dependent)","status":"passed","title":"returns 0 for Phoenix (context-dependent)","duration":0.19200000000000728,"failureMessages":[],"meta":{}},{"ancestorTitles":["getCardRank"],"fullName":"getCardRank returns 0 for Dog (not comparable)","status":"passed","title":"returns 0 for Dog (not comparable)","duration":0.21010000000001128,"failureMessages":[],"meta":{}},{"ancestorTitles":["getCardSuit"],"fullName":"getCardSuit returns the suit for standard cards","status":"passed","title":"returns the suit for standard cards","duration":0.2865000000000464,"failureMessages":[],"meta":{}},{"ancestorTitles":["getCardSuit"],"fullName":"getCardSuit returns undefined for special cards","status":"passed","title":"returns undefined for special cards","duration":0.4899000000000342,"failureMessages":[],"meta":{}}],"startTime":1773203948932,"endTime":1773203948947.49,"status":"passed","message":"","name":"C:/MATLAB/Claude/Tichu/code/packages/shared/tests/types/card.test.ts"},{"assertionResults":[{"ancestorTitles":["CombinationType enum"],"fullName":"CombinationType enum has all 8 combination types","status":"passed","title":"has all 8 combination types","duration":5.424800000000005,"failureMessages":[],"meta":{}},{"ancestorTitles":["CombinationType enum"],"fullName":"CombinationType enum has correct values","status":"passed","title":"has correct values","duration":1.1323000000001002,"failureMessages":[],"meta":{}}],"startTime":1773203948929,"endTime":1773203948936.1323,"status":"passed","message":"","name":"C:/MATLAB/Claude/Tichu/code/packages/shared/tests/types/combination.test.ts"},{"assertionResults":[{"ancestorTitles":["Seat utilities","SEATS_IN_ORDER"],"fullName":"Seat utilities SEATS_IN_ORDER has 4 seats in clockwise order","status":"passed","title":"has 4 seats in clockwise order","duration":6.25120000000004,"failureMessages":[],"meta":{}},{"ancestorTitles":["Seat utilities","getTeam"],"fullName":"Seat utilities getTeam maps north and south to northSouth","status":"passed","title":"maps north and south to northSouth","duration":0.7561000000000604,"failureMessages":[],"meta":{}},{"ancestorTitles":["Seat utilities","getTeam"],"fullName":"Seat utilities getTeam maps east and west to eastWest","status":"passed","title":"maps east and west to eastWest","duration":0.31130000000007385,"failureMessages":[],"meta":{}},{"ancestorTitles":["Seat utilities","getPartner"],"fullName":"Seat utilities getPartner returns correct partners","status":"passed","title":"returns correct partners","duration":0.6041999999999916,"failureMessages":[],"meta":{}},{"ancestorTitles":["Seat utilities","getNextSeat"],"fullName":"Seat utilities getNextSeat follows clockwise order","status":"passed","title":"follows clockwise order","duration":0.46870000000001255,"failureMessages":[],"meta":{}},{"ancestorTitles":["GamePhase enum"],"fullName":"GamePhase enum has all expected phases","status":"passed","title":"has all expected phases","duration":0.6905000000000427,"failureMessages":[],"meta":{}},{"ancestorTitles":["DEFAULT_GAME_CONFIG"],"fullName":"DEFAULT_GAME_CONFIG has correct defaults","status":"passed","title":"has correct defaults","duration":0.5276999999999816,"failureMessages":[],"meta":{}}],"startTime":1773203948927,"endTime":1773203948937.6904,"status":"passed","message":"","name":"C:/MATLAB/Claude/Tichu/code/packages/shared/tests/types/game.test.ts"},{"assertionResults":[{"ancestorTitles":["clientMessageSchema"],"fullName":"clientMessageSchema validates CREATE_ROOM message","status":"passed","title":"validates CREATE_ROOM message","duration":15.05009999999993,"failureMessages":[],"meta":{}},{"ancestorTitles":["clientMessageSchema"],"fullName":"clientMessageSchema validates JOIN_ROOM message","status":"passed","title":"validates JOIN_ROOM message","duration":0.6479000000000497,"failureMessages":[],"meta":{}},{"ancestorTitles":["clientMessageSchema"],"fullName":"clientMessageSchema validates LEAVE_ROOM message","status":"passed","title":"validates LEAVE_ROOM message","duration":0.3807000000000471,"failureMessages":[],"meta":{}},{"ancestorTitles":["clientMessageSchema"],"fullName":"clientMessageSchema validates START_GAME message","status":"passed","title":"validates START_GAME message","duration":0.3083000000000311,"failureMessages":[],"meta":{}},{"ancestorTitles":["clientMessageSchema"],"fullName":"clientMessageSchema validates GRAND_TICHU_DECISION message","status":"passed","title":"validates GRAND_TICHU_DECISION message","duration":0.4824999999999591,"failureMessages":[],"meta":{}},{"ancestorTitles":["clientMessageSchema"],"fullName":"clientMessageSchema validates TICHU_DECLARATION message","status":"passed","title":"validates TICHU_DECLARATION message","duration":0.2919999999999163,"failureMessages":[],"meta":{}},{"ancestorTitles":["clientMessageSchema"],"fullName":"clientMessageSchema validates PASS_CARDS message","status":"passed","title":"validates PASS_CARDS message","duration":3.3015000000000327,"failureMessages":[],"meta":{}},{"ancestorTitles":["clientMessageSchema"],"fullName":"clientMessageSchema validates PLAY_CARDS message","status":"passed","title":"validates PLAY_CARDS message","duration":0.9694999999999254,"failureMessages":[],"meta":{}},{"ancestorTitles":["clientMessageSchema"],"fullName":"clientMessageSchema validates PLAY_CARDS with phoenixAs","status":"passed","title":"validates PLAY_CARDS with phoenixAs","duration":0.4492000000000189,"failureMessages":[],"meta":{}},{"ancestorTitles":["clientMessageSchema"],"fullName":"clientMessageSchema validates PASS_TURN message","status":"passed","title":"validates PASS_TURN message","duration":4.840400000000045,"failureMessages":[],"meta":{}},{"ancestorTitles":["clientMessageSchema"],"fullName":"clientMessageSchema validates DECLARE_WISH message","status":"passed","title":"validates DECLARE_WISH message","duration":1.404800000000023,"failureMessages":[],"meta":{}},{"ancestorTitles":["clientMessageSchema"],"fullName":"clientMessageSchema validates GIFT_DRAGON message","status":"passed","title":"validates GIFT_DRAGON message","duration":1.6938000000000102,"failureMessages":[],"meta":{}},{"ancestorTitles":["clientMessageSchema"],"fullName":"clientMessageSchema validates DISCONNECT_VOTE message","status":"passed","title":"validates DISCONNECT_VOTE message","duration":0.34140000000002146,"failureMessages":[],"meta":{}},{"ancestorTitles":["clientMessageSchema"],"fullName":"clientMessageSchema validates CHAT_MESSAGE message","status":"passed","title":"validates CHAT_MESSAGE message","duration":6.983899999999949,"failureMessages":[],"meta":{}},{"ancestorTitles":["clientMessageSchema"],"fullName":"clientMessageSchema rejects invalid message type","status":"passed","title":"rejects invalid message type","duration":9.55619999999999,"failureMessages":[],"meta":{}},{"ancestorTitles":["clientMessageSchema"],"fullName":"clientMessageSchema rejects CREATE_ROOM with empty name","status":"passed","title":"rejects CREATE_ROOM with empty name","duration":0.8166999999999689,"failureMessages":[],"meta":{}},{"ancestorTitles":["clientMessageSchema"],"fullName":"clientMessageSchema rejects JOIN_ROOM with wrong code length","status":"passed","title":"rejects JOIN_ROOM with wrong code length","duration":0.5664000000000442,"failureMessages":[],"meta":{}},{"ancestorTitles":["clientMessageSchema"],"fullName":"clientMessageSchema rejects PLAY_CARDS with empty card list","status":"passed","title":"rejects PLAY_CARDS with empty card list","duration":0.5114999999999554,"failureMessages":[],"meta":{}},{"ancestorTitles":["clientMessageSchema"],"fullName":"clientMessageSchema rejects PLAY_CARDS with out-of-range card ID","status":"passed","title":"rejects PLAY_CARDS with out-of-range card ID","duration":0.5609000000000606,"failureMessages":[],"meta":{}},{"ancestorTitles":["clientMessageSchema"],"fullName":"clientMessageSchema rejects CHAT_MESSAGE with empty text","status":"passed","title":"rejects CHAT_MESSAGE with empty text","duration":0.4470999999999776,"failureMessages":[],"meta":{}},{"ancestorTitles":["serverMessageSchema"],"fullName":"serverMessageSchema validates ROOM_CREATED message","status":"passed","title":"validates ROOM_CREATED message","duration":0.3808999999999969,"failureMessages":[],"meta":{}},{"ancestorTitles":["serverMessageSchema"],"fullName":"serverMessageSchema validates ROOM_JOINED message","status":"passed","title":"validates ROOM_JOINED message","duration":0.30110000000001946,"failureMessages":[],"meta":{}},{"ancestorTitles":["serverMessageSchema"],"fullName":"serverMessageSchema validates ROOM_UPDATE message","status":"passed","title":"validates ROOM_UPDATE message","duration":2.41579999999999,"failureMessages":[],"meta":{}},{"ancestorTitles":["serverMessageSchema"],"fullName":"serverMessageSchema validates ROOM_LEFT message","status":"passed","title":"validates ROOM_LEFT message","duration":0.29849999999999,"failureMessages":[],"meta":{}},{"ancestorTitles":["serverMessageSchema"],"fullName":"serverMessageSchema validates GAME_STATE message","status":"passed","title":"validates GAME_STATE message","duration":0.328899999999976,"failureMessages":[],"meta":{}},{"ancestorTitles":["serverMessageSchema"],"fullName":"serverMessageSchema validates DEAL_FIRST_8 message","status":"passed","title":"validates DEAL_FIRST_8 message","duration":1.6081000000000358,"failureMessages":[],"meta":{}},{"ancestorTitles":["serverMessageSchema"],"fullName":"serverMessageSchema validates DEAL_REMAINING_6 message","status":"passed","title":"validates DEAL_REMAINING_6 message","duration":1.3245000000000573,"failureMessages":[],"meta":{}},{"ancestorTitles":["serverMessageSchema"],"fullName":"serverMessageSchema validates CARDS_PASSED message","status":"passed","title":"validates CARDS_PASSED message","duration":0.7160000000000082,"failureMessages":[],"meta":{}},{"ancestorTitles":["serverMessageSchema"],"fullName":"serverMessageSchema validates TICHU_CALLED message","status":"passed","title":"validates TICHU_CALLED message","duration":0.45280000000002474,"failureMessages":[],"meta":{}},{"ancestorTitles":["serverMessageSchema"],"fullName":"serverMessageSchema validates CARDS_PLAYED message","status":"passed","title":"validates CARDS_PLAYED message","duration":0.5725999999999658,"failureMessages":[],"meta":{}},{"ancestorTitles":["serverMessageSchema"],"fullName":"serverMessageSchema validates PLAYER_PASSED message","status":"passed","title":"validates PLAYER_PASSED message","duration":0.28910000000007585,"failureMessages":[],"meta":{}},{"ancestorTitles":["serverMessageSchema"],"fullName":"serverMessageSchema validates TRICK_WON message","status":"passed","title":"validates TRICK_WON message","duration":0.27929999999992106,"failureMessages":[],"meta":{}},{"ancestorTitles":["serverMessageSchema"],"fullName":"serverMessageSchema validates WISH_DECLARED message","status":"passed","title":"validates WISH_DECLARED message","duration":0.4314000000000533,"failureMessages":[],"meta":{}},{"ancestorTitles":["serverMessageSchema"],"fullName":"serverMessageSchema validates WISH_FULFILLED message","status":"passed","title":"validates WISH_FULFILLED message","duration":0.24090000000001055,"failureMessages":[],"meta":{}},{"ancestorTitles":["serverMessageSchema"],"fullName":"serverMessageSchema validates DRAGON_GIFT_REQUIRED message","status":"passed","title":"validates DRAGON_GIFT_REQUIRED message","duration":0.2696000000000822,"failureMessages":[],"meta":{}},{"ancestorTitles":["serverMessageSchema"],"fullName":"serverMessageSchema validates DRAGON_GIFTED message","status":"passed","title":"validates DRAGON_GIFTED message","duration":0.24040000000002237,"failureMessages":[],"meta":{}},{"ancestorTitles":["serverMessageSchema"],"fullName":"serverMessageSchema validates PLAYER_FINISHED message","status":"passed","title":"validates PLAYER_FINISHED message","duration":0.2359000000000151,"failureMessages":[],"meta":{}},{"ancestorTitles":["serverMessageSchema"],"fullName":"serverMessageSchema validates TURN_CHANGE message","status":"passed","title":"validates TURN_CHANGE message","duration":0.20840000000009695,"failureMessages":[],"meta":{}},{"ancestorTitles":["serverMessageSchema"],"fullName":"serverMessageSchema validates ROUND_SCORED message","status":"passed","title":"validates ROUND_SCORED message","duration":0.6005000000000109,"failureMessages":[],"meta":{}},{"ancestorTitles":["serverMessageSchema"],"fullName":"serverMessageSchema validates GAME_OVER message","status":"passed","title":"validates GAME_OVER message","duration":0.3408999999999196,"failureMessages":[],"meta":{}},{"ancestorTitles":["serverMessageSchema"],"fullName":"serverMessageSchema validates PLAYER_DISCONNECTED message","status":"passed","title":"validates PLAYER_DISCONNECTED message","duration":0.25940000000002783,"failureMessages":[],"meta":{}},{"ancestorTitles":["serverMessageSchema"],"fullName":"serverMessageSchema validates PLAYER_RECONNECTED message","status":"passed","title":"validates PLAYER_RECONNECTED message","duration":0.23739999999997963,"failureMessages":[],"meta":{}},{"ancestorTitles":["serverMessageSchema"],"fullName":"serverMessageSchema validates DISCONNECT_VOTE_REQUIRED message","status":"passed","title":"validates DISCONNECT_VOTE_REQUIRED message","duration":0.2376000000000431,"failureMessages":[],"meta":{}},{"ancestorTitles":["serverMessageSchema"],"fullName":"serverMessageSchema validates CHAT_RECEIVED message","status":"passed","title":"validates CHAT_RECEIVED message","duration":0.2542999999999438,"failureMessages":[],"meta":{}},{"ancestorTitles":["serverMessageSchema"],"fullName":"serverMessageSchema validates ERROR message","status":"passed","title":"validates ERROR message","duration":0.3220999999999776,"failureMessages":[],"meta":{}},{"ancestorTitles":["serverMessageSchema"],"fullName":"serverMessageSchema rejects invalid message type","status":"passed","title":"rejects invalid message type","duration":0.5620999999999867,"failureMessages":[],"meta":{}}],"startTime":1773203948956,"endTime":1773203949020.562,"status":"passed","message":"","name":"C:/MATLAB/Claude/Tichu/code/packages/shared/tests/types/protocol.test.ts"}],"coverageMap":{"C:\\MATLAB\\Claude\\Tichu\\code\\packages\\shared\\src\\constants.ts":{"path":"C:\\MATLAB\\Claude\\Tichu\\code\\packages\\shared\\src\\constants.ts","all":false,"statementMap":{"9":{"start":{"line":10,"column":0},"end":{"line":10,"column":51}},"10":{"start":{"line":11,"column":0},"end":{"line":11,"column":22}},"11":{"start":{"line":12,"column":0},"end":{"line":12,"column":18}},"12":{"start":{"line":13,"column":0},"end":{"line":13,"column":16}},"13":{"start":{"line":14,"column":0},"end":{"line":14,"column":19}},"14":{"start":{"line":15,"column":0},"end":{"line":15,"column":17}},"15":{"start":{"line":16,"column":0},"end":{"line":16,"column":19}},"16":{"start":{"line":17,"column":0},"end":{"line":17,"column":15}},"17":{"start":{"line":18,"column":0},"end":{"line":18,"column":15}},"18":{"start":{"line":19,"column":0},"end":{"line":19,"column":20}},"19":{"start":{"line":20,"column":0},"end":{"line":20,"column":46}},"20":{"start":{"line":21,"column":0},"end":{"line":21,"column":45}},"21":{"start":{"line":22,"column":0},"end":{"line":22,"column":46}},"22":{"start":{"line":23,"column":0},"end":{"line":23,"column":15}},"23":{"start":{"line":24,"column":0},"end":{"line":24,"column":3}},"24":{"start":{"line":25,"column":0},"end":{"line":25,"column":1}},"27":{"start":{"line":28,"column":0},"end":{"line":28,"column":37}},"30":{"start":{"line":31,"column":0},"end":{"line":31,"column":28}},"33":{"start":{"line":34,"column":0},"end":{"line":34,"column":33}},"36":{"start":{"line":37,"column":0},"end":{"line":37,"column":34}},"39":{"start":{"line":40,"column":0},"end":{"line":40,"column":35}},"42":{"start":{"line":43,"column":0},"end":{"line":43,"column":29}},"45":{"start":{"line":46,"column":0},"end":{"line":46,"column":97}},"48":{"start":{"line":49,"column":0},"end":{"line":49,"column":49}},"49":{"start":{"line":50,"column":0},"end":{"line":50,"column":9}},"50":{"start":{"line":51,"column":0},"end":{"line":51,"column":9}},"51":{"start":{"line":52,"column":0},"end":{"line":52,"column":9}},"52":{"start":{"line":53,"column":0},"end":{"line":53,"column":9}},"53":{"start":{"line":54,"column":0},"end":{"line":54,"column":9}},"54":{"start":{"line":55,"column":0},"end":{"line":55,"column":9}},"55":{"start":{"line":56,"column":0},"end":{"line":56,"column":9}},"56":{"start":{"line":57,"column":0},"end":{"line":57,"column":9}},"57":{"start":{"line":58,"column":0},"end":{"line":58,"column":11}},"58":{"start":{"line":59,"column":0},"end":{"line":59,"column":13}},"59":{"start":{"line":60,"column":0},"end":{"line":60,"column":14}},"60":{"start":{"line":61,"column":0},"end":{"line":61,"column":13}},"61":{"start":{"line":62,"column":0},"end":{"line":62,"column":12}},"62":{"start":{"line":63,"column":0},"end":{"line":63,"column":2}},"65":{"start":{"line":66,"column":0},"end":{"line":66,"column":30}},"68":{"start":{"line":69,"column":0},"end":{"line":69,"column":40}},"71":{"start":{"line":72,"column":0},"end":{"line":72,"column":30}}},"s":{"9":1,"10":82,"11":82,"12":2,"13":82,"14":2,"15":82,"16":82,"17":4,"18":82,"19":74,"20":74,"21":74,"22":50,"23":82,"24":82,"27":1,"30":1,"33":1,"36":1,"39":1,"42":1,"45":1,"48":1,"49":1,"50":1,"51":1,"52":1,"53":1,"54":1,"55":1,"56":1,"57":1,"58":1,"59":1,"60":1,"61":1,"62":1,"65":1,"68":1,"71":1},"branchMap":{"0":{"type":"branch","line":10,"loc":{"start":{"line":10,"column":7},"end":{"line":25,"column":1}},"locations":[{"start":{"line":10,"column":7},"end":{"line":25,"column":1}}]},"1":{"type":"branch","line":12,"loc":{"start":{"line":12,"column":4},"end":{"line":13,"column":16}},"locations":[{"start":{"line":12,"column":4},"end":{"line":13,"column":16}}]},"2":{"type":"branch","line":14,"loc":{"start":{"line":14,"column":4},"end":{"line":15,"column":17}},"locations":[{"start":{"line":14,"column":4},"end":{"line":15,"column":17}}]},"3":{"type":"branch","line":16,"loc":{"start":{"line":16,"column":4},"end":{"line":16,"column":19}},"locations":[{"start":{"line":16,"column":4},"end":{"line":16,"column":19}}]},"4":{"type":"branch","line":17,"loc":{"start":{"line":17,"column":4},"end":{"line":18,"column":15}},"locations":[{"start":{"line":17,"column":4},"end":{"line":18,"column":15}}]},"5":{"type":"branch","line":19,"loc":{"start":{"line":19,"column":4},"end":{"line":23,"column":15}},"locations":[{"start":{"line":19,"column":4},"end":{"line":23,"column":15}}]},"6":{"type":"branch","line":20,"loc":{"start":{"line":20,"column":28},"end":{"line":20,"column":46}},"locations":[{"start":{"line":20,"column":28},"end":{"line":20,"column":46}}]},"7":{"type":"branch","line":20,"loc":{"start":{"line":20,"column":35},"end":{"line":21,"column":35}},"locations":[{"start":{"line":20,"column":35},"end":{"line":21,"column":35}}]},"8":{"type":"branch","line":21,"loc":{"start":{"line":21,"column":28},"end":{"line":21,"column":45}},"locations":[{"start":{"line":21,"column":28},"end":{"line":21,"column":45}}]},"9":{"type":"branch","line":21,"loc":{"start":{"line":21,"column":35},"end":{"line":22,"column":34}},"locations":[{"start":{"line":21,"column":35},"end":{"line":22,"column":34}}]},"10":{"type":"branch","line":22,"loc":{"start":{"line":22,"column":27},"end":{"line":22,"column":46}},"locations":[{"start":{"line":22,"column":27},"end":{"line":22,"column":46}}]},"11":{"type":"branch","line":22,"loc":{"start":{"line":22,"column":34},"end":{"line":23,"column":15}},"locations":[{"start":{"line":22,"column":34},"end":{"line":23,"column":15}}]}},"b":{"0":[82],"1":[2],"2":[2],"3":[2],"4":[4],"5":[74],"6":[8],"7":[66],"8":[8],"9":[58],"10":[8],"11":[50]},"fnMap":{"0":{"name":"getCardPoints","decl":{"start":{"line":10,"column":7},"end":{"line":25,"column":1}},"loc":{"start":{"line":10,"column":7},"end":{"line":25,"column":1}},"line":10}},"f":{"0":82}},"C:\\MATLAB\\Claude\\Tichu\\code\\packages\\shared\\src\\engine\\deck.ts":{"path":"C:\\MATLAB\\Claude\\Tichu\\code\\packages\\shared\\src\\engine\\deck.ts","all":false,"statementMap":{"5":{"start":{"line":6,"column":0},"end":{"line":6,"column":56}},"7":{"start":{"line":8,"column":0},"end":{"line":8,"column":50}},"8":{"start":{"line":9,"column":0},"end":{"line":9,"column":79}},"15":{"start":{"line":16,"column":0},"end":{"line":16,"column":42}},"16":{"start":{"line":17,"column":0},"end":{"line":17,"column":31}},"17":{"start":{"line":18,"column":0},"end":{"line":18,"column":13}},"20":{"start":{"line":21,"column":0},"end":{"line":21,"column":33}},"21":{"start":{"line":22,"column":0},"end":{"line":22,"column":35}},"22":{"start":{"line":23,"column":0},"end":{"line":23,"column":18}},"23":{"start":{"line":24,"column":0},"end":{"line":24,"column":11}},"24":{"start":{"line":25,"column":0},"end":{"line":25,"column":55}},"25":{"start":{"line":26,"column":0},"end":{"line":26,"column":9}},"26":{"start":{"line":27,"column":0},"end":{"line":27,"column":11}},"27":{"start":{"line":28,"column":0},"end":{"line":28,"column":5}},"28":{"start":{"line":29,"column":0},"end":{"line":29,"column":3}},"31":{"start":{"line":32,"column":0},"end":{"line":32,"column":28}},"32":{"start":{"line":33,"column":0},"end":{"line":33,"column":24}},"33":{"start":{"line":34,"column":0},"end":{"line":34,"column":20}},"34":{"start":{"line":35,"column":0},"end":{"line":35,"column":24}},"35":{"start":{"line":36,"column":0},"end":{"line":36,"column":23}},"36":{"start":{"line":37,"column":0},"end":{"line":37,"column":4}},"38":{"start":{"line":39,"column":0},"end":{"line":39,"column":32}},"39":{"start":{"line":40,"column":0},"end":{"line":40,"column":29}},"40":{"start":{"line":41,"column":0},"end":{"line":41,"column":9}},"41":{"start":{"line":42,"column":0},"end":{"line":42,"column":3}},"43":{"start":{"line":44,"column":0},"end":{"line":44,"column":15}},"44":{"start":{"line":45,"column":0},"end":{"line":45,"column":1}},"51":{"start":{"line":52,"column":0},"end":{"line":52,"column":68}},"52":{"start":{"line":53,"column":0},"end":{"line":53,"column":29}},"53":{"start":{"line":54,"column":0},"end":{"line":54,"column":49}},"54":{"start":{"line":55,"column":0},"end":{"line":55,"column":50}},"55":{"start":{"line":56,"column":0},"end":{"line":56,"column":60}},"56":{"start":{"line":57,"column":0},"end":{"line":57,"column":3}},"57":{"start":{"line":58,"column":0},"end":{"line":58,"column":18}},"58":{"start":{"line":59,"column":0},"end":{"line":59,"column":1}},"71":{"start":{"line":72,"column":0},"end":{"line":72,"column":80}},"72":{"start":{"line":73,"column":0},"end":{"line":73,"column":34}},"73":{"start":{"line":74,"column":0},"end":{"line":74,"column":71}},"74":{"start":{"line":75,"column":0},"end":{"line":75,"column":3}},"76":{"start":{"line":77,"column":0},"end":{"line":77,"column":48}},"79":{"start":{"line":80,"column":0},"end":{"line":80,"column":49}},"80":{"start":{"line":81,"column":0},"end":{"line":81,"column":41}},"81":{"start":{"line":82,"column":0},"end":{"line":82,"column":49}},"82":{"start":{"line":83,"column":0},"end":{"line":83,"column":76}},"84":{"start":{"line":85,"column":0},"end":{"line":85,"column":20}},"85":{"start":{"line":86,"column":0},"end":{"line":86,"column":67}},"86":{"start":{"line":87,"column":0},"end":{"line":87,"column":80}},"87":{"start":{"line":88,"column":0},"end":{"line":88,"column":6}},"88":{"start":{"line":89,"column":0},"end":{"line":89,"column":3}},"90":{"start":{"line":91,"column":0},"end":{"line":91,"column":16}},"91":{"start":{"line":92,"column":0},"end":{"line":92,"column":1}}},"s":{"5":1,"7":1,"8":1,"15":1,"16":3,"17":3,"20":3,"21":12,"22":156,"23":156,"24":156,"25":156,"26":156,"27":156,"28":12,"31":3,"32":3,"33":3,"34":3,"35":3,"36":3,"38":3,"39":12,"40":12,"41":12,"43":3,"44":3,"51":1,"52":7,"53":7,"54":385,"55":385,"56":385,"57":7,"58":7,"71":1,"72":3,"73":2,"74":2,"76":1,"79":3,"80":4,"81":4,"82":4,"84":4,"85":4,"86":4,"87":4,"88":4,"90":1,"91":1},"branchMap":{"0":{"type":"branch","line":16,"loc":{"start":{"line":16,"column":7},"end":{"line":45,"column":1}},"locations":[{"start":{"line":16,"column":7},"end":{"line":45,"column":1}}]},"1":{"type":"branch","line":21,"loc":{"start":{"line":21,"column":32},"end":{"line":29,"column":3}},"locations":[{"start":{"line":21,"column":32},"end":{"line":29,"column":3}}]},"2":{"type":"branch","line":22,"loc":{"start":{"line":22,"column":34},"end":{"line":28,"column":5}},"locations":[{"start":{"line":22,"column":34},"end":{"line":28,"column":5}}]},"3":{"type":"branch","line":39,"loc":{"start":{"line":39,"column":31},"end":{"line":42,"column":3}},"locations":[{"start":{"line":39,"column":31},"end":{"line":42,"column":3}}]},"4":{"type":"branch","line":52,"loc":{"start":{"line":52,"column":7},"end":{"line":59,"column":1}},"locations":[{"start":{"line":52,"column":7},"end":{"line":59,"column":1}}]},"5":{"type":"branch","line":54,"loc":{"start":{"line":54,"column":48},"end":{"line":57,"column":3}},"locations":[{"start":{"line":54,"column":48},"end":{"line":57,"column":3}}]},"6":{"type":"branch","line":72,"loc":{"start":{"line":72,"column":7},"end":{"line":92,"column":1}},"locations":[{"start":{"line":72,"column":7},"end":{"line":92,"column":1}}]},"7":{"type":"branch","line":73,"loc":{"start":{"line":73,"column":33},"end":{"line":75,"column":3}},"locations":[{"start":{"line":73,"column":33},"end":{"line":75,"column":3}}]},"8":{"type":"branch","line":75,"loc":{"start":{"line":75,"column":2},"end":{"line":80,"column":48}},"locations":[{"start":{"line":75,"column":2},"end":{"line":80,"column":48}}]},"9":{"type":"branch","line":80,"loc":{"start":{"line":80,"column":48},"end":{"line":89,"column":3}},"locations":[{"start":{"line":80,"column":48},"end":{"line":89,"column":3}}]},"10":{"type":"branch","line":89,"loc":{"start":{"line":89,"column":2},"end":{"line":92,"column":1}},"locations":[{"start":{"line":89,"column":2},"end":{"line":92,"column":1}}]}},"b":{"0":[3],"1":[12],"2":[156],"3":[12],"4":[7],"5":[385],"6":[3],"7":[2],"8":[1],"9":[4],"10":[1]},"fnMap":{"0":{"name":"createDeck","decl":{"start":{"line":16,"column":7},"end":{"line":45,"column":1}},"loc":{"start":{"line":16,"column":7},"end":{"line":45,"column":1}},"line":16},"1":{"name":"shuffleDeck","decl":{"start":{"line":52,"column":7},"end":{"line":59,"column":1}},"loc":{"start":{"line":52,"column":7},"end":{"line":59,"column":1}},"line":52},"2":{"name":"dealCards","decl":{"start":{"line":72,"column":7},"end":{"line":92,"column":1}},"loc":{"start":{"line":72,"column":7},"end":{"line":92,"column":1}},"line":72}},"f":{"0":3,"1":7,"2":3}},"C:\\MATLAB\\Claude\\Tichu\\code\\packages\\shared\\src\\types\\card.ts":{"path":"C:\\MATLAB\\Claude\\Tichu\\code\\packages\\shared\\src\\types\\card.ts","all":false,"statementMap":{"3":{"start":{"line":4,"column":0},"end":{"line":4,"column":18}},"4":{"start":{"line":5,"column":0},"end":{"line":5,"column":16}},"5":{"start":{"line":6,"column":0},"end":{"line":6,"column":20}},"6":{"start":{"line":7,"column":0},"end":{"line":7,"column":16}},"7":{"start":{"line":8,"column":0},"end":{"line":8,"column":18}},"11":{"start":{"line":12,"column":0},"end":{"line":12,"column":29}},"12":{"start":{"line":13,"column":0},"end":{"line":13,"column":20}},"13":{"start":{"line":14,"column":0},"end":{"line":14,"column":22}},"14":{"start":{"line":15,"column":0},"end":{"line":15,"column":22}},"15":{"start":{"line":16,"column":0},"end":{"line":16,"column":14}},"63":{"start":{"line":64,"column":0},"end":{"line":64,"column":97}},"64":{"start":{"line":65,"column":0},"end":{"line":65,"column":34}},"65":{"start":{"line":66,"column":0},"end":{"line":66,"column":1}},"68":{"start":{"line":69,"column":0},"end":{"line":69,"column":62}},"69":{"start":{"line":70,"column":0},"end":{"line":70,"column":34}},"70":{"start":{"line":71,"column":0},"end":{"line":71,"column":1}},"73":{"start":{"line":74,"column":0},"end":{"line":74,"column":58}},"74":{"start":{"line":75,"column":0},"end":{"line":75,"column":32}},"75":{"start":{"line":76,"column":0},"end":{"line":76,"column":1}},"78":{"start":{"line":79,"column":0},"end":{"line":79,"column":60}},"79":{"start":{"line":80,"column":0},"end":{"line":80,"column":33}},"80":{"start":{"line":81,"column":0},"end":{"line":81,"column":1}},"83":{"start":{"line":84,"column":0},"end":{"line":84,"column":60}},"84":{"start":{"line":85,"column":0},"end":{"line":85,"column":33}},"85":{"start":{"line":86,"column":0},"end":{"line":86,"column":1}},"88":{"start":{"line":89,"column":0},"end":{"line":89,"column":52}},"89":{"start":{"line":90,"column":0},"end":{"line":90,"column":29}},"90":{"start":{"line":91,"column":0},"end":{"line":91,"column":1}},"96":{"start":{"line":97,"column":0},"end":{"line":97,"column":49}},"97":{"start":{"line":98,"column":0},"end":{"line":98,"column":22}},"98":{"start":{"line":99,"column":0},"end":{"line":99,"column":20}},"99":{"start":{"line":100,"column":0},"end":{"line":100,"column":23}},"100":{"start":{"line":101,"column":0},"end":{"line":101,"column":19}},"101":{"start":{"line":102,"column":0},"end":{"line":102,"column":15}},"102":{"start":{"line":103,"column":0},"end":{"line":103,"column":18}},"103":{"start":{"line":104,"column":0},"end":{"line":104,"column":16}},"104":{"start":{"line":105,"column":0},"end":{"line":105,"column":19}},"105":{"start":{"line":106,"column":0},"end":{"line":106,"column":56}},"106":{"start":{"line":107,"column":0},"end":{"line":107,"column":15}},"107":{"start":{"line":108,"column":0},"end":{"line":108,"column":33}},"108":{"start":{"line":109,"column":0},"end":{"line":109,"column":3}},"109":{"start":{"line":110,"column":0},"end":{"line":110,"column":1}},"112":{"start":{"line":113,"column":0},"end":{"line":113,"column":59}},"113":{"start":{"line":114,"column":0},"end":{"line":114,"column":58}},"114":{"start":{"line":115,"column":0},"end":{"line":115,"column":1}},"117":{"start":{"line":118,"column":0},"end":{"line":118,"column":96}},"120":{"start":{"line":121,"column":0},"end":{"line":121,"column":99}}},"s":{"3":1,"4":1,"5":1,"6":1,"7":1,"11":1,"12":1,"13":1,"14":1,"15":1,"63":1,"64":117,"65":117,"68":1,"69":117,"70":117,"73":1,"74":3,"75":3,"78":1,"79":3,"80":3,"83":1,"84":3,"85":3,"88":1,"89":3,"90":3,"96":1,"97":5,"98":5,"99":1,"100":5,"101":1,"102":5,"103":1,"104":5,"105":1,"106":5,"107":1,"108":5,"109":5,"112":1,"113":5,"114":5,"117":1,"120":1},"branchMap":{"0":{"type":"branch","line":4,"loc":{"start":{"line":4,"column":7},"end":{"line":4,"column":18}},"locations":[{"start":{"line":4,"column":7},"end":{"line":4,"column":18}}]},"1":{"type":"branch","line":12,"loc":{"start":{"line":12,"column":7},"end":{"line":12,"column":29}},"locations":[{"start":{"line":12,"column":7},"end":{"line":12,"column":29}}]},"2":{"type":"branch","line":64,"loc":{"start":{"line":64,"column":7},"end":{"line":66,"column":1}},"locations":[{"start":{"line":64,"column":7},"end":{"line":66,"column":1}}]},"3":{"type":"branch","line":69,"loc":{"start":{"line":69,"column":7},"end":{"line":71,"column":1}},"locations":[{"start":{"line":69,"column":7},"end":{"line":71,"column":1}}]},"4":{"type":"branch","line":74,"loc":{"start":{"line":74,"column":7},"end":{"line":76,"column":1}},"locations":[{"start":{"line":74,"column":7},"end":{"line":76,"column":1}}]},"5":{"type":"branch","line":79,"loc":{"start":{"line":79,"column":7},"end":{"line":81,"column":1}},"locations":[{"start":{"line":79,"column":7},"end":{"line":81,"column":1}}]},"6":{"type":"branch","line":84,"loc":{"start":{"line":84,"column":7},"end":{"line":86,"column":1}},"locations":[{"start":{"line":84,"column":7},"end":{"line":86,"column":1}}]},"7":{"type":"branch","line":89,"loc":{"start":{"line":89,"column":7},"end":{"line":91,"column":1}},"locations":[{"start":{"line":89,"column":7},"end":{"line":91,"column":1}}]},"8":{"type":"branch","line":97,"loc":{"start":{"line":97,"column":7},"end":{"line":110,"column":1}},"locations":[{"start":{"line":97,"column":7},"end":{"line":110,"column":1}}]},"9":{"type":"branch","line":99,"loc":{"start":{"line":99,"column":4},"end":{"line":100,"column":23}},"locations":[{"start":{"line":99,"column":4},"end":{"line":100,"column":23}}]},"10":{"type":"branch","line":101,"loc":{"start":{"line":101,"column":4},"end":{"line":102,"column":15}},"locations":[{"start":{"line":101,"column":4},"end":{"line":102,"column":15}}]},"11":{"type":"branch","line":103,"loc":{"start":{"line":103,"column":4},"end":{"line":104,"column":16}},"locations":[{"start":{"line":103,"column":4},"end":{"line":104,"column":16}}]},"12":{"type":"branch","line":105,"loc":{"start":{"line":105,"column":4},"end":{"line":106,"column":56}},"locations":[{"start":{"line":105,"column":4},"end":{"line":106,"column":56}}]},"13":{"type":"branch","line":107,"loc":{"start":{"line":107,"column":4},"end":{"line":108,"column":33}},"locations":[{"start":{"line":107,"column":4},"end":{"line":108,"column":33}}]},"14":{"type":"branch","line":113,"loc":{"start":{"line":113,"column":7},"end":{"line":115,"column":1}},"locations":[{"start":{"line":113,"column":7},"end":{"line":115,"column":1}}]},"15":{"type":"branch","line":114,"loc":{"start":{"line":114,"column":23},"end":{"line":114,"column":48}},"locations":[{"start":{"line":114,"column":23},"end":{"line":114,"column":48}}]},"16":{"type":"branch","line":114,"loc":{"start":{"line":114,"column":41},"end":{"line":114,"column":58}},"locations":[{"start":{"line":114,"column":41},"end":{"line":114,"column":58}}]}},"b":{"0":[3],"1":[3],"2":[117],"3":[117],"4":[3],"5":[3],"6":[3],"7":[3],"8":[5],"9":[1],"10":[1],"11":[1],"12":[1],"13":[1],"14":[5],"15":[1],"16":[4]},"fnMap":{"0":{"name":"isSpecial","decl":{"start":{"line":64,"column":7},"end":{"line":66,"column":1}},"loc":{"start":{"line":64,"column":7},"end":{"line":66,"column":1}},"line":64},"1":{"name":"isStandard","decl":{"start":{"line":69,"column":7},"end":{"line":71,"column":1}},"loc":{"start":{"line":69,"column":7},"end":{"line":71,"column":1}},"line":69},"2":{"name":"isDragon","decl":{"start":{"line":74,"column":7},"end":{"line":76,"column":1}},"loc":{"start":{"line":74,"column":7},"end":{"line":76,"column":1}},"line":74},"3":{"name":"isPhoenix","decl":{"start":{"line":79,"column":7},"end":{"line":81,"column":1}},"loc":{"start":{"line":79,"column":7},"end":{"line":81,"column":1}},"line":79},"4":{"name":"isMahjong","decl":{"start":{"line":84,"column":7},"end":{"line":86,"column":1}},"loc":{"start":{"line":84,"column":7},"end":{"line":86,"column":1}},"line":84},"5":{"name":"isDog","decl":{"start":{"line":89,"column":7},"end":{"line":91,"column":1}},"loc":{"start":{"line":89,"column":7},"end":{"line":91,"column":1}},"line":89},"6":{"name":"getCardRank","decl":{"start":{"line":97,"column":7},"end":{"line":110,"column":1}},"loc":{"start":{"line":97,"column":7},"end":{"line":110,"column":1}},"line":97},"7":{"name":"getCardSuit","decl":{"start":{"line":113,"column":7},"end":{"line":115,"column":1}},"loc":{"start":{"line":113,"column":7},"end":{"line":115,"column":1}},"line":113}},"f":{"0":117,"1":117,"2":3,"3":3,"4":3,"5":3,"6":5,"7":5}},"C:\\MATLAB\\Claude\\Tichu\\code\\packages\\shared\\src\\types\\combination.ts":{"path":"C:\\MATLAB\\Claude\\Tichu\\code\\packages\\shared\\src\\types\\combination.ts","all":false,"statementMap":{"5":{"start":{"line":6,"column":0},"end":{"line":6,"column":29}},"6":{"start":{"line":7,"column":0},"end":{"line":7,"column":20}},"7":{"start":{"line":8,"column":0},"end":{"line":8,"column":16}},"8":{"start":{"line":9,"column":0},"end":{"line":9,"column":20}},"9":{"start":{"line":10,"column":0},"end":{"line":10,"column":26}},"10":{"start":{"line":11,"column":0},"end":{"line":11,"column":24}},"11":{"start":{"line":12,"column":0},"end":{"line":12,"column":32}},"12":{"start":{"line":13,"column":0},"end":{"line":13,"column":24}},"13":{"start":{"line":14,"column":0},"end":{"line":14,"column":42}}},"s":{"5":1,"6":1,"7":1,"8":1,"9":1,"10":1,"11":1,"12":1,"13":1},"branchMap":{"0":{"type":"branch","line":6,"loc":{"start":{"line":6,"column":7},"end":{"line":6,"column":29}},"locations":[{"start":{"line":6,"column":7},"end":{"line":6,"column":29}}]}},"b":{"0":[1]},"fnMap":{},"f":{}},"C:\\MATLAB\\Claude\\Tichu\\code\\packages\\shared\\src\\types\\game.ts":{"path":"C:\\MATLAB\\Claude\\Tichu\\code\\packages\\shared\\src\\types\\game.ts","all":false,"statementMap":{"12":{"start":{"line":13,"column":0},"end":{"line":13,"column":91}},"15":{"start":{"line":16,"column":0},"end":{"line":16,"column":43}},"16":{"start":{"line":17,"column":0},"end":{"line":17,"column":74}},"17":{"start":{"line":18,"column":0},"end":{"line":18,"column":1}},"20":{"start":{"line":21,"column":0},"end":{"line":21,"column":46}},"21":{"start":{"line":22,"column":0},"end":{"line":22,"column":40}},"22":{"start":{"line":23,"column":0},"end":{"line":23,"column":19}},"23":{"start":{"line":24,"column":0},"end":{"line":24,"column":19}},"24":{"start":{"line":25,"column":0},"end":{"line":25,"column":17}},"25":{"start":{"line":26,"column":0},"end":{"line":26,"column":17}},"26":{"start":{"line":27,"column":0},"end":{"line":27,"column":4}},"27":{"start":{"line":28,"column":0},"end":{"line":28,"column":24}},"28":{"start":{"line":29,"column":0},"end":{"line":29,"column":1}},"31":{"start":{"line":32,"column":0},"end":{"line":32,"column":47}},"32":{"start":{"line":33,"column":0},"end":{"line":33,"column":43}},"33":{"start":{"line":34,"column":0},"end":{"line":34,"column":39}},"34":{"start":{"line":35,"column":0},"end":{"line":35,"column":1}},"37":{"start":{"line":38,"column":0},"end":{"line":38,"column":23}},"39":{"start":{"line":40,"column":0},"end":{"line":40,"column":42}},"41":{"start":{"line":42,"column":0},"end":{"line":42,"column":44}},"43":{"start":{"line":44,"column":0},"end":{"line":44,"column":34}},"45":{"start":{"line":46,"column":0},"end":{"line":46,"column":30}},"47":{"start":{"line":48,"column":0},"end":{"line":48,"column":22}},"49":{"start":{"line":50,"column":0},"end":{"line":50,"column":32}},"51":{"start":{"line":52,"column":0},"end":{"line":52,"column":24}},"118":{"start":{"line":119,"column":0},"end":{"line":119,"column":48}},"119":{"start":{"line":120,"column":0},"end":{"line":120,"column":20}},"120":{"start":{"line":121,"column":0},"end":{"line":121,"column":25}},"121":{"start":{"line":122,"column":0},"end":{"line":122,"column":24}},"122":{"start":{"line":123,"column":0},"end":{"line":123,"column":27}},"123":{"start":{"line":124,"column":0},"end":{"line":124,"column":26}},"124":{"start":{"line":125,"column":0},"end":{"line":125,"column":19}},"125":{"start":{"line":126,"column":0},"end":{"line":126,"column":2}}},"s":{"12":1,"15":1,"16":4,"17":4,"20":1,"21":4,"22":4,"23":4,"24":4,"25":4,"26":4,"27":4,"28":4,"31":1,"32":4,"33":4,"34":4,"37":1,"39":1,"41":1,"43":1,"45":1,"47":1,"49":1,"51":1,"118":1,"119":1,"120":1,"121":1,"122":1,"123":1,"124":1,"125":1},"branchMap":{"0":{"type":"branch","line":16,"loc":{"start":{"line":16,"column":7},"end":{"line":18,"column":1}},"locations":[{"start":{"line":16,"column":7},"end":{"line":18,"column":1}}]},"1":{"type":"branch","line":17,"loc":{"start":{"line":17,"column":18},"end":{"line":17,"column":48}},"locations":[{"start":{"line":17,"column":18},"end":{"line":17,"column":48}}]},"2":{"type":"branch","line":17,"loc":{"start":{"line":17,"column":38},"end":{"line":17,"column":63}},"locations":[{"start":{"line":17,"column":38},"end":{"line":17,"column":63}}]},"3":{"type":"branch","line":17,"loc":{"start":{"line":17,"column":48},"end":{"line":17,"column":74}},"locations":[{"start":{"line":17,"column":48},"end":{"line":17,"column":74}}]},"4":{"type":"branch","line":21,"loc":{"start":{"line":21,"column":7},"end":{"line":29,"column":1}},"locations":[{"start":{"line":21,"column":7},"end":{"line":29,"column":1}}]},"5":{"type":"branch","line":32,"loc":{"start":{"line":32,"column":7},"end":{"line":35,"column":1}},"locations":[{"start":{"line":32,"column":7},"end":{"line":35,"column":1}}]},"6":{"type":"branch","line":38,"loc":{"start":{"line":38,"column":7},"end":{"line":38,"column":23}},"locations":[{"start":{"line":38,"column":7},"end":{"line":38,"column":23}}]}},"b":{"0":[4],"1":[3],"2":[2],"3":[2],"4":[4],"5":[4],"6":[2]},"fnMap":{"0":{"name":"getTeam","decl":{"start":{"line":16,"column":7},"end":{"line":18,"column":1}},"loc":{"start":{"line":16,"column":7},"end":{"line":18,"column":1}},"line":16},"1":{"name":"getPartner","decl":{"start":{"line":21,"column":7},"end":{"line":29,"column":1}},"loc":{"start":{"line":21,"column":7},"end":{"line":29,"column":1}},"line":21},"2":{"name":"getNextSeat","decl":{"start":{"line":32,"column":7},"end":{"line":35,"column":1}},"loc":{"start":{"line":32,"column":7},"end":{"line":35,"column":1}},"line":32}},"f":{"0":4,"1":4,"2":4}},"C:\\MATLAB\\Claude\\Tichu\\code\\packages\\shared\\src\\types\\protocol.ts":{"path":"C:\\MATLAB\\Claude\\Tichu\\code\\packages\\shared\\src\\types\\protocol.ts","all":false,"statementMap":{"2":{"start":{"line":3,"column":0},"end":{"line":3,"column":24}},"7":{"start":{"line":8,"column":0},"end":{"line":8,"column":63}},"8":{"start":{"line":9,"column":0},"end":{"line":9,"column":28}},"9":{"start":{"line":10,"column":0},"end":{"line":10,"column":57}},"10":{"start":{"line":11,"column":0},"end":{"line":11,"column":57}},"11":{"start":{"line":12,"column":0},"end":{"line":12,"column":76}},"12":{"start":{"line":13,"column":0},"end":{"line":13,"column":3}},"13":{"start":{"line":14,"column":0},"end":{"line":14,"column":105}},"14":{"start":{"line":15,"column":0},"end":{"line":15,"column":65}},"15":{"start":{"line":16,"column":0},"end":{"line":16,"column":67}},"16":{"start":{"line":17,"column":0},"end":{"line":17,"column":67}},"17":{"start":{"line":18,"column":0},"end":{"line":18,"column":59}},"18":{"start":{"line":19,"column":0},"end":{"line":19,"column":49}},"19":{"start":{"line":20,"column":0},"end":{"line":20,"column":92}},"20":{"start":{"line":21,"column":0},"end":{"line":21,"column":3}},"21":{"start":{"line":22,"column":0},"end":{"line":22,"column":91}},"23":{"start":{"line":24,"column":0},"end":{"line":24,"column":62}},"27":{"start":{"line":28,"column":0},"end":{"line":28,"column":65}},"29":{"start":{"line":30,"column":0},"end":{"line":30,"column":86}},"30":{"start":{"line":31,"column":0},"end":{"line":31,"column":116}},"31":{"start":{"line":32,"column":0},"end":{"line":32,"column":46}},"32":{"start":{"line":33,"column":0},"end":{"line":33,"column":46}},"35":{"start":{"line":36,"column":0},"end":{"line":36,"column":75}},"36":{"start":{"line":37,"column":0},"end":{"line":37,"column":53}},"37":{"start":{"line":38,"column":0},"end":{"line":38,"column":91}},"38":{"start":{"line":39,"column":0},"end":{"line":39,"column":138}},"39":{"start":{"line":40,"column":0},"end":{"line":40,"column":45}},"40":{"start":{"line":41,"column":0},"end":{"line":41,"column":77}},"41":{"start":{"line":42,"column":0},"end":{"line":42,"column":63}},"44":{"start":{"line":45,"column":0},"end":{"line":45,"column":93}},"47":{"start":{"line":48,"column":0},"end":{"line":48,"column":82}},"48":{"start":{"line":49,"column":0},"end":{"line":49,"column":3}},"54":{"start":{"line":55,"column":0},"end":{"line":55,"column":65}},"56":{"start":{"line":57,"column":0},"end":{"line":57,"column":70}},"57":{"start":{"line":58,"column":0},"end":{"line":58,"column":87}},"58":{"start":{"line":59,"column":0},"end":{"line":59,"column":135}},"59":{"start":{"line":60,"column":0},"end":{"line":60,"column":45}},"62":{"start":{"line":63,"column":0},"end":{"line":63,"column":107}},"63":{"start":{"line":64,"column":0},"end":{"line":64,"column":90}},"64":{"start":{"line":65,"column":0},"end":{"line":65,"column":94}},"65":{"start":{"line":66,"column":0},"end":{"line":66,"column":93}},"68":{"start":{"line":69,"column":0},"end":{"line":69,"column":106}},"69":{"start":{"line":70,"column":0},"end":{"line":70,"column":125}},"70":{"start":{"line":71,"column":0},"end":{"line":71,"column":67}},"71":{"start":{"line":72,"column":0},"end":{"line":72,"column":63}},"72":{"start":{"line":73,"column":0},"end":{"line":73,"column":78}},"73":{"start":{"line":74,"column":0},"end":{"line":74,"column":50}},"74":{"start":{"line":75,"column":0},"end":{"line":75,"column":86}},"75":{"start":{"line":76,"column":0},"end":{"line":76,"column":83}},"76":{"start":{"line":77,"column":0},"end":{"line":77,"column":108}},"77":{"start":{"line":78,"column":0},"end":{"line":78,"column":65}},"80":{"start":{"line":81,"column":0},"end":{"line":81,"column":12}},"81":{"start":{"line":82,"column":0},"end":{"line":82,"column":36}},"82":{"start":{"line":83,"column":0},"end":{"line":83,"column":34}},"83":{"start":{"line":84,"column":0},"end":{"line":84,"column":37}},"84":{"start":{"line":85,"column":0},"end":{"line":85,"column":39}},"85":{"start":{"line":86,"column":0},"end":{"line":86,"column":39}},"86":{"start":{"line":87,"column":0},"end":{"line":87,"column":32}},"87":{"start":{"line":88,"column":0},"end":{"line":88,"column":43}},"88":{"start":{"line":89,"column":0},"end":{"line":89,"column":5}},"89":{"start":{"line":90,"column":0},"end":{"line":90,"column":100}},"92":{"start":{"line":93,"column":0},"end":{"line":93,"column":73}},"93":{"start":{"line":94,"column":0},"end":{"line":94,"column":72}},"94":{"start":{"line":95,"column":0},"end":{"line":95,"column":90}},"97":{"start":{"line":98,"column":0},"end":{"line":98,"column":85}},"100":{"start":{"line":101,"column":0},"end":{"line":101,"column":80}},"101":{"start":{"line":102,"column":0},"end":{"line":102,"column":3}}},"s":{"2":1,"7":1,"8":1,"9":1,"10":1,"11":1,"12":1,"13":1,"14":1,"15":1,"16":1,"17":1,"18":1,"19":1,"20":1,"21":1,"23":1,"27":1,"29":1,"30":1,"31":1,"32":1,"35":1,"36":1,"37":1,"38":1,"39":1,"40":1,"41":1,"44":1,"47":1,"48":1,"54":1,"56":1,"57":1,"58":1,"59":1,"62":1,"63":1,"64":1,"65":1,"68":1,"69":1,"70":1,"71":1,"72":1,"73":1,"74":1,"75":1,"76":1,"77":1,"80":1,"81":1,"82":1,"83":1,"84":1,"85":1,"86":1,"87":1,"88":1,"89":1,"92":1,"93":1,"94":1,"97":1,"100":1,"101":1},"branchMap":{},"b":{},"fnMap":{},"f":{}},"C:\\MATLAB\\Claude\\Tichu\\code\\packages\\shared\\src\\types\\room.ts":{"path":"C:\\MATLAB\\Claude\\Tichu\\code\\packages\\shared\\src\\types\\room.ts","all":true,"statementMap":{},"s":{},"branchMap":{"0":{"type":"branch","line":1,"loc":{"start":{"line":1,"column":849},"end":{"line":36,"column":1}},"locations":[{"start":{"line":1,"column":849},"end":{"line":36,"column":1}}]}},"b":{"0":[1]},"fnMap":{"0":{"name":"(empty-report)","decl":{"start":{"line":1,"column":849},"end":{"line":36,"column":1}},"loc":{"start":{"line":1,"column":849},"end":{"line":36,"column":1}},"line":1}},"f":{"0":1}}}}