{"numTotalTestSuites":351,"numPassedTestSuites":351,"numFailedTestSuites":0,"numPendingTestSuites":0,"numTotalTests":782,"numPassedTests":782,"numFailedTests":0,"numPendingTests":0,"numTodoTests":0,"snapshot":{"added":0,"failure":false,"filesAdded":0,"filesRemoved":0,"filesRemovedList":[],"filesUnmatched":0,"filesUpdated":0,"matched":0,"total":0,"unchecked":0,"uncheckedKeysByFile":[],"unmatched":0,"updated":0,"didUpdate":false},"startTime":1776898853450,"success":true,"testResults":[{"assertionResults":[{"ancestorTitles":["@tichu/server"],"fullName":"@tichu/server smoke test: package loads","status":"passed","title":"smoke test: package loads","duration":2.1614000000000715,"failureMessages":[],"meta":{}}],"startTime":1776898864451,"endTime":1776898864453.1614,"status":"passed","message":"","name":"C:/MATLAB/Claude/Tichu/code/packages/server/tests/smoke.test.ts"},{"assertionResults":[{"ancestorTitles":["account auth","verifyToken"],"fullName":"account auth verifyToken should verify a valid JWT token","status":"passed","title":"should verify a valid JWT token","duration":27.729000000000042,"failureMessages":[],"meta":{}},{"ancestorTitles":["account auth","verifyToken"],"fullName":"account auth verifyToken should return null for invalid token","status":"passed","title":"should return null for invalid token","duration":0.3731000000000222,"failureMessages":[],"meta":{}},{"ancestorTitles":["account auth","verifyToken"],"fullName":"account auth verifyToken should return null for expired token","status":"passed","title":"should return null for expired token","duration":2.9746999999999844,"failureMessages":[],"meta":{}},{"ancestorTitles":["account auth","verifyToken"],"fullName":"account auth verifyToken should return null for token signed with wrong secret","status":"passed","title":"should return null for token signed with wrong secret","duration":2.4892999999999574,"failureMessages":[],"meta":{}},{"ancestorTitles":["account auth","verifyToken"],"fullName":"account auth verifyToken should return null for empty string","status":"passed","title":"should return null for empty string","duration":0.24939999999992324,"failureMessages":[],"meta":{}},{"ancestorTitles":["account auth","validateUsername"],"fullName":"account auth validateUsername should accept valid usernames","status":"passed","title":"should accept valid usernames","duration":10.367199999999912,"failureMessages":[],"meta":{}},{"ancestorTitles":["account auth","validateUsername"],"fullName":"account auth validateUsername should reject empty username","status":"passed","title":"should reject empty username","duration":7.055100000000039,"failureMessages":[],"meta":{}},{"ancestorTitles":["account auth","validateUsername"],"fullName":"account auth validateUsername should reject username over 30 chars","status":"passed","title":"should reject username over 30 chars","duration":0.40469999999982065,"failureMessages":[],"meta":{}},{"ancestorTitles":["account auth","validateUsername"],"fullName":"account auth validateUsername should reject username with leading or trailing spaces","status":"passed","title":"should reject username with leading or trailing spaces","duration":0.42859999999996035,"failureMessages":[],"meta":{}},{"ancestorTitles":["account auth","validateUsername"],"fullName":"account auth validateUsername should reject \"bot\" in any case","status":"passed","title":"should reject \"bot\" in any case","duration":0.3889999999998963,"failureMessages":[],"meta":{}},{"ancestorTitles":["account auth","validateUsername"],"fullName":"account auth validateUsername should accept usernames containing \"bot\" as substring","status":"passed","title":"should accept usernames containing \"bot\" as substring","duration":0.2500999999999749,"failureMessages":[],"meta":{}},{"ancestorTitles":["account auth","registerAccount"],"fullName":"account auth registerAccount should register a new user with username","status":"passed","title":"should register a new user with username","duration":257.4184,"failureMessages":[],"meta":{}},{"ancestorTitles":["account auth","registerAccount"],"fullName":"account auth registerAccount should reject duplicate username","status":"passed","title":"should reject duplicate username","duration":2.491700000000037,"failureMessages":[],"meta":{}},{"ancestorTitles":["account auth","registerAccount"],"fullName":"account auth registerAccount should reject duplicate email","status":"passed","title":"should reject duplicate email","duration":17.242999999999938,"failureMessages":[],"meta":{}},{"ancestorTitles":["account auth","registerAccount"],"fullName":"account auth registerAccount should upgrade a guest account","status":"passed","title":"should upgrade a guest account","duration":192.26080000000002,"failureMessages":[],"meta":{}},{"ancestorTitles":["account auth","registerAccount"],"fullName":"account auth registerAccount should reject non-guest upgrade","status":"passed","title":"should reject non-guest upgrade","duration":162.01459999999997,"failureMessages":[],"meta":{}},{"ancestorTitles":["account auth","registerAccount"],"fullName":"account auth registerAccount should reject \"bot\" as username","status":"passed","title":"should reject \"bot\" as username","duration":0.9520000000002256,"failureMessages":[],"meta":{}},{"ancestorTitles":["account auth","registerAccount"],"fullName":"account auth registerAccount should reject username with leading/trailing spaces","status":"passed","title":"should reject username with leading/trailing spaces","duration":0.759900000000016,"failureMessages":[],"meta":{}},{"ancestorTitles":["account auth","loginAccount"],"fullName":"account auth loginAccount should login with email (contains @)","status":"passed","title":"should login with email (contains @)","duration":396.21140000000014,"failureMessages":[],"meta":{}},{"ancestorTitles":["account auth","loginAccount"],"fullName":"account auth loginAccount should login with username (no @)","status":"passed","title":"should login with username (no @)","duration":376.8533000000002,"failureMessages":[],"meta":{}},{"ancestorTitles":["account auth","loginAccount"],"fullName":"account auth loginAccount should reject wrong password","status":"passed","title":"should reject wrong password","duration":349.76279999999997,"failureMessages":[],"meta":{}},{"ancestorTitles":["account auth","loginAccount"],"fullName":"account auth loginAccount should reject non-existent user","status":"passed","title":"should reject non-existent user","duration":0.9732999999996537,"failureMessages":[],"meta":{}},{"ancestorTitles":["account auth","loginAccount"],"fullName":"account auth loginAccount should reject non-existent username","status":"passed","title":"should reject non-existent username","duration":0.8949999999999818,"failureMessages":[],"meta":{}}],"startTime":1776898855419,"endTime":1776898857231.895,"status":"passed","message":"","name":"C:/MATLAB/Claude/Tichu/code/packages/server/tests/auth/account.test.ts"},{"assertionResults":[{"ancestorTitles":["auth-routes","POST /api/auth/guest"],"fullName":"auth-routes POST /api/auth/guest should create guest user and return user data","status":"passed","title":"should create guest user and return user data","duration":622.5092999999997,"failureMessages":[],"meta":{}},{"ancestorTitles":["auth-routes","POST /api/auth/guest"],"fullName":"auth-routes POST /api/auth/guest should reject missing userId","status":"passed","title":"should reject missing userId","duration":10.545900000000074,"failureMessages":[],"meta":{}},{"ancestorTitles":["auth-routes","POST /api/auth/guest"],"fullName":"auth-routes POST /api/auth/guest should reject missing displayName","status":"passed","title":"should reject missing displayName","duration":55.84400000000005,"failureMessages":[],"meta":{}},{"ancestorTitles":["auth-routes","POST /api/auth/register"],"fullName":"auth-routes POST /api/auth/register should reject missing username","status":"passed","title":"should reject missing username","duration":27.27749999999969,"failureMessages":[],"meta":{}},{"ancestorTitles":["auth-routes","POST /api/auth/register"],"fullName":"auth-routes POST /api/auth/register should reject missing email","status":"passed","title":"should reject missing email","duration":6.54989999999998,"failureMessages":[],"meta":{}},{"ancestorTitles":["auth-routes","POST /api/auth/register"],"fullName":"auth-routes POST /api/auth/register should reject missing password","status":"passed","title":"should reject missing password","duration":8.093699999999899,"failureMessages":[],"meta":{}},{"ancestorTitles":["auth-routes","POST /api/auth/register"],"fullName":"auth-routes POST /api/auth/register should register a new user and return token and userId","status":"passed","title":"should register a new user and return token and userId","duration":244.06129999999985,"failureMessages":[],"meta":{}},{"ancestorTitles":["auth-routes","POST /api/auth/login"],"fullName":"auth-routes POST /api/auth/login should reject missing identifier","status":"passed","title":"should reject missing identifier","duration":23.10620000000017,"failureMessages":[],"meta":{}},{"ancestorTitles":["auth-routes","POST /api/auth/login"],"fullName":"auth-routes POST /api/auth/login should reject missing password","status":"passed","title":"should reject missing password","duration":12.557999999999993,"failureMessages":[],"meta":{}},{"ancestorTitles":["auth-routes","POST /api/auth/login"],"fullName":"auth-routes POST /api/auth/login should return 401 for non-existent user","status":"passed","title":"should return 401 for non-existent user","duration":23.286499999999705,"failureMessages":[],"meta":{}},{"ancestorTitles":["auth-routes","POST /api/auth/login"],"fullName":"auth-routes POST /api/auth/login should login with email and return token, userId, username","status":"passed","title":"should login with email and return token, userId, username","duration":344.6736000000001,"failureMessages":[],"meta":{}},{"ancestorTitles":["auth-routes","POST /api/auth/login"],"fullName":"auth-routes POST /api/auth/login should login with username and return token","status":"passed","title":"should login with username and return token","duration":358.8861999999999,"failureMessages":[],"meta":{}},{"ancestorTitles":["auth-routes","GET /api/auth/me"],"fullName":"auth-routes GET /api/auth/me should reject request without Authorization header","status":"passed","title":"should reject request without Authorization header","duration":29.935899999999947,"failureMessages":[],"meta":{}},{"ancestorTitles":["auth-routes","GET /api/auth/me"],"fullName":"auth-routes GET /api/auth/me should reject invalid token","status":"passed","title":"should reject invalid token","duration":25.153400000000147,"failureMessages":[],"meta":{}},{"ancestorTitles":["auth-routes","GET /api/auth/me"],"fullName":"auth-routes GET /api/auth/me should return 404 if user not found in DB","status":"passed","title":"should return 404 if user not found in DB","duration":16.630099999999402,"failureMessages":[],"meta":{}},{"ancestorTitles":["auth-routes","GET /api/players/:userId/profile"],"fullName":"auth-routes GET /api/players/:userId/profile should return null profile for unknown user","status":"passed","title":"should return null profile for unknown user","duration":58.93279999999959,"failureMessages":[],"meta":{}},{"ancestorTitles":["auth-routes","GET /api/players/:userId/games"],"fullName":"auth-routes GET /api/players/:userId/games should return empty games for unknown user","status":"passed","title":"should return empty games for unknown user","duration":9.083400000000438,"failureMessages":[],"meta":{}},{"ancestorTitles":["auth-routes","GET /api/players/:userId/games"],"fullName":"auth-routes GET /api/players/:userId/games should respect limit parameter","status":"passed","title":"should respect limit parameter","duration":27.693199999999706,"failureMessages":[],"meta":{}},{"ancestorTitles":["auth-routes","GET /api/games/:gameId/rounds"],"fullName":"auth-routes GET /api/games/:gameId/rounds should return empty rounds for non-existent game","status":"passed","title":"should return empty rounds for non-existent game","duration":17.50720000000001,"failureMessages":[],"meta":{}},{"ancestorTitles":["auth-routes","GET /api/games/:gameId/rounds"],"fullName":"auth-routes GET /api/games/:gameId/rounds should return 400 for NaN gameId","status":"passed","title":"should return 400 for NaN gameId","duration":27.29399999999987,"failureMessages":[],"meta":{}},{"ancestorTitles":["auth-routes","GET /api/leaderboard"],"fullName":"auth-routes GET /api/leaderboard should return empty leaderboard","status":"passed","title":"should return empty leaderboard","duration":5.261499999999614,"failureMessages":[],"meta":{}},{"ancestorTitles":["auth-routes","GET /api/leaderboard"],"fullName":"auth-routes GET /api/leaderboard should accept limit and minGames params","status":"passed","title":"should accept limit and minGames params","duration":29.618399999999383,"failureMessages":[],"meta":{}},{"ancestorTitles":["auth-routes","GET /api/leaderboard"],"fullName":"auth-routes GET /api/leaderboard should return 400 for NaN limit","status":"passed","title":"should return 400 for NaN limit","duration":10.820399999999609,"failureMessages":[],"meta":{}},{"ancestorTitles":["auth-routes","GET /api/games/recent"],"fullName":"auth-routes GET /api/games/recent should return empty recent games","status":"passed","title":"should return empty recent games","duration":17.97310000000016,"failureMessages":[],"meta":{}},{"ancestorTitles":["auth-routes","GET /api/games/recent"],"fullName":"auth-routes GET /api/games/recent should accept limit param","status":"passed","title":"should accept limit param","duration":8.623100000000704,"failureMessages":[],"meta":{}}],"startTime":1776898855834,"endTime":1776898857860.623,"status":"passed","message":"","name":"C:/MATLAB/Claude/Tichu/code/packages/server/tests/auth/auth-routes.test.ts"},{"assertionResults":[{"ancestorTitles":["guest auth","ensureGuestUser"],"fullName":"guest auth ensureGuestUser should create a new guest user when not found","status":"passed","title":"should create a new guest user when not found","duration":6.447800000000029,"failureMessages":[],"meta":{}},{"ancestorTitles":["guest auth","ensureGuestUser"],"fullName":"guest auth ensureGuestUser should update existing user and return passed-in displayName","status":"passed","title":"should update existing user and return passed-in displayName","duration":1.8695999999999913,"failureMessages":[],"meta":{}},{"ancestorTitles":["guest auth","ensureGuestUser"],"fullName":"guest auth ensureGuestUser should call db.update with the correct displayName when updating","status":"passed","title":"should call db.update with the correct displayName when updating","duration":1.2649000000000115,"failureMessages":[],"meta":{}},{"ancestorTitles":["guest auth","ensureGuestUser"],"fullName":"guest auth ensureGuestUser should call db.insert when user does not exist","status":"passed","title":"should call db.insert when user does not exist","duration":0.917699999999968,"failureMessages":[],"meta":{}},{"ancestorTitles":["guest auth","getUserById"],"fullName":"guest auth getUserById should return undefined for non-existent user","status":"passed","title":"should return undefined for non-existent user","duration":0.8116999999999734,"failureMessages":[],"meta":{}},{"ancestorTitles":["guest auth","getUserById"],"fullName":"guest auth getUserById should return user data for existing user","status":"passed","title":"should return user data for existing user","duration":1.0790000000000646,"failureMessages":[],"meta":{}}],"startTime":1776898863526,"endTime":1776898863539.079,"status":"passed","message":"","name":"C:/MATLAB/Claude/Tichu/code/packages/server/tests/auth/guest.test.ts"},{"assertionResults":[{"ancestorTitles":["Bot Integration — Full Game"],"fullName":"Bot Integration — Full Game should complete a full game with 4 Bots","status":"passed","title":"should complete a full game with 4 Bots","duration":1462.6953000000003,"failureMessages":[],"meta":{}},{"ancestorTitles":["Bot Integration — Full Game"],"fullName":"Bot Integration — Full Game should produce valid scores across rounds","status":"passed","title":"should produce valid scores across rounds","duration":1083.9089000000004,"failureMessages":[],"meta":{}},{"ancestorTitles":["Bot Integration — Full Game"],"fullName":"Bot Integration — Full Game should not get stuck (no infinite loops)","status":"passed","title":"should not get stuck (no infinite loops)","duration":1229.9722999999994,"failureMessages":[],"meta":{}},{"ancestorTitles":["Bot Integration — Full Game"],"fullName":"Bot Integration — Full Game should handle multiple rounds correctly","status":"passed","title":"should handle multiple rounds correctly","duration":754.6845000000003,"failureMessages":[],"meta":{}},{"ancestorTitles":["Bot Performance — REQ-NF-PERF01","Bot decision time"],"fullName":"Bot Performance — REQ-NF-PERF01 Bot decision time chooseGrandTichu should complete in < 100ms","status":"passed","title":"chooseGrandTichu should complete in < 100ms","duration":1.719600000000355,"failureMessages":[],"meta":{}},{"ancestorTitles":["Bot Performance — REQ-NF-PERF01","Bot decision time"],"fullName":"Bot Performance — REQ-NF-PERF01 Bot decision time chooseRegularTichu should complete in < 100ms","status":"passed","title":"chooseRegularTichu should complete in < 100ms","duration":4.484300000000076,"failureMessages":[],"meta":{}},{"ancestorTitles":["Bot Performance — REQ-NF-PERF01","Bot decision time"],"fullName":"Bot Performance — REQ-NF-PERF01 Bot decision time chooseCardsToPass should complete in < 100ms","status":"passed","title":"chooseCardsToPass should complete in < 100ms","duration":20.376800000000003,"failureMessages":[],"meta":{}},{"ancestorTitles":["Bot Performance — REQ-NF-PERF01","Bot decision time"],"fullName":"Bot Performance — REQ-NF-PERF01 Bot decision time chooseMahjongWish should complete in < 100ms","status":"passed","title":"chooseMahjongWish should complete in < 100ms","duration":0.7842000000000553,"failureMessages":[],"meta":{}},{"ancestorTitles":["Bot Performance — REQ-NF-PERF01","choosePlay decision time in real game context"],"fullName":"Bot Performance — REQ-NF-PERF01 choosePlay decision time in real game context Bot choosePlay should complete in < 100ms","status":"passed","title":"Bot choosePlay should complete in < 100ms","duration":16.262800000000425,"failureMessages":[],"meta":{}}],"startTime":1776898855762,"endTime":1776898860337.2627,"status":"passed","message":"","name":"C:/MATLAB/Claude/Tichu/code/packages/server/tests/bot/bot-integration.test.ts"},{"assertionResults":[{"ancestorTitles":["BotRunner serialization"],"fullName":"BotRunner serialization serializes all bot states keyed by seat","status":"passed","title":"serializes all bot states keyed by seat","duration":4.490700000000061,"failureMessages":[],"meta":{}},{"ancestorTitles":["BotRunner serialization"],"fullName":"BotRunner serialization round-trips via static restore","status":"passed","title":"round-trips via static restore","duration":2.022399999999948,"failureMessages":[],"meta":{}},{"ancestorTitles":["BotRunner serialization"],"fullName":"BotRunner serialization serialize returns one entry per added bot","status":"passed","title":"serialize returns one entry per added bot","duration":1.0419999999999163,"failureMessages":[],"meta":{}},{"ancestorTitles":["BotRunner serialization"],"fullName":"BotRunner serialization restore creates runner with all bot seats","status":"passed","title":"restore creates runner with all bot seats","duration":0.9021000000000186,"failureMessages":[],"meta":{}}],"startTime":1776898862191,"endTime":1776898862198.902,"status":"passed","message":"","name":"C:/MATLAB/Claude/Tichu/code/packages/server/tests/bot/bot-runner-serialize.test.ts"},{"assertionResults":[{"ancestorTitles":["BotRunner","bot management"],"fullName":"BotRunner bot management should add and track bots","status":"passed","title":"should add and track bots","duration":9.750900000000001,"failureMessages":[],"meta":{}},{"ancestorTitles":["BotRunner","bot management"],"fullName":"BotRunner bot management should return bot seats","status":"passed","title":"should return bot seats","duration":18.664500000000317,"failureMessages":[],"meta":{}},{"ancestorTitles":["BotRunner","bot management"],"fullName":"BotRunner bot management should remove bots","status":"passed","title":"should remove bots","duration":1.0502000000001317,"failureMessages":[],"meta":{}},{"ancestorTitles":["BotRunner","Grand Tichu phase"],"fullName":"BotRunner Grand Tichu phase should make Grand Tichu decisions for all bots","status":"passed","title":"should make Grand Tichu decisions for all bots","duration":10.505300000000261,"failureMessages":[],"meta":{}},{"ancestorTitles":["BotRunner","Grand Tichu phase"],"fullName":"BotRunner Grand Tichu phase should fire Grand Tichu decision at exactly 1000 ms (not random)","status":"passed","title":"should fire Grand Tichu decision at exactly 1000 ms (not random)","duration":11.908500000000004,"failureMessages":[],"meta":{}},{"ancestorTitles":["BotRunner","Grand Tichu phase"],"fullName":"BotRunner Grand Tichu phase should not schedule a second timer if onStateChange is called again before timer fires","status":"passed","title":"should not schedule a second timer if onStateChange is called again before timer fires","duration":19.692799999999806,"failureMessages":[],"meta":{}},{"ancestorTitles":["BotRunner","Regular Tichu phase"],"fullName":"BotRunner Regular Tichu phase should make Regular Tichu decisions for all bots","status":"passed","title":"should make Regular Tichu decisions for all bots","duration":9.115499999999884,"failureMessages":[],"meta":{}},{"ancestorTitles":["BotRunner","Card passing phase"],"fullName":"BotRunner Card passing phase should pass cards for all bots","status":"passed","title":"should pass cards for all bots","duration":5.479899999999816,"failureMessages":[],"meta":{}},{"ancestorTitles":["BotRunner","Playing phase"],"fullName":"BotRunner Playing phase should play when it is a bot's turn","status":"passed","title":"should play when it is a bot's turn","duration":33.16650000000027,"failureMessages":[],"meta":{}},{"ancestorTitles":["BotRunner","Playing phase"],"fullName":"BotRunner Playing phase should not act for human seats","status":"passed","title":"should not act for human seats","duration":4.63149999999996,"failureMessages":[],"meta":{}},{"ancestorTitles":["BotRunner","artificial delay"],"fullName":"BotRunner artificial delay should delay bot actions with default config","status":"passed","title":"should delay bot actions with default config","duration":1.391399999999976,"failureMessages":[],"meta":{}},{"ancestorTitles":["BotRunner","artificial delay"],"fullName":"BotRunner artificial delay should use instant timing with INSTANT_CONFIG","status":"passed","title":"should use instant timing with INSTANT_CONFIG","duration":1.3915000000001783,"failureMessages":[],"meta":{}},{"ancestorTitles":["BotRunner","dispose"],"fullName":"BotRunner dispose should cancel pending timers on dispose","status":"passed","title":"should cancel pending timers on dispose","duration":1.215599999999995,"failureMessages":[],"meta":{}},{"ancestorTitles":["BotRunner","dispose"],"fullName":"BotRunner dispose should not act after dispose","status":"passed","title":"should not act after dispose","duration":1.1191000000003442,"failureMessages":[],"meta":{}},{"ancestorTitles":["BotRunner","custom strategy"],"fullName":"BotRunner custom strategy should invoke custom strategy methods","status":"passed","title":"should invoke custom strategy methods","duration":5.195300000000316,"failureMessages":[],"meta":{}},{"ancestorTitles":["partner tichu call safeguard"],"fullName":"partner tichu call safeguard should send GT pass when bot GT call is rejected due to partner call","status":"passed","title":"should send GT pass when bot GT call is rejected due to partner call","duration":3.442800000000261,"failureMessages":[],"meta":{}},{"ancestorTitles":["partner tichu call safeguard"],"fullName":"partner tichu call safeguard should silently drop regular Tichu call when rejected due to partner call","status":"passed","title":"should silently drop regular Tichu call when rejected due to partner call","duration":19.23550000000023,"failureMessages":[],"meta":{}},{"ancestorTitles":["BotRunner full game smoke test"],"fullName":"BotRunner full game smoke test should complete a full 4-bot game without errors","status":"passed","title":"should complete a full 4-bot game without errors","duration":1736.1688000000004,"failureMessages":[],"meta":{}}],"startTime":1776898855865,"endTime":1776898857759.1687,"status":"passed","message":"","name":"C:/MATLAB/Claude/Tichu/code/packages/server/tests/bot/bot-runner.test.ts"},{"assertionResults":[{"ancestorTitles":["Bot serialization"],"fullName":"Bot serialization round-trips a fresh bot","status":"passed","title":"round-trips a fresh bot","duration":3.648400000000038,"failureMessages":[],"meta":{}},{"ancestorTitles":["Bot serialization"],"fullName":"Bot serialization preserves seat and strategic state","status":"passed","title":"preserves seat and strategic state","duration":0.8573000000000093,"failureMessages":[],"meta":{}},{"ancestorTitles":["Bot serialization"],"fullName":"Bot serialization preserves card tracker state through bot","status":"passed","title":"preserves card tracker state through bot","duration":0.19669999999996435,"failureMessages":[],"meta":{}}],"startTime":1776898864510,"endTime":1776898864515.1968,"status":"passed","message":"","name":"C:/MATLAB/Claude/Tichu/code/packages/server/tests/bot/bot-serialize.test.ts"},{"assertionResults":[{"ancestorTitles":["Hand Evaluation","countTopCards"],"fullName":"Hand Evaluation countTopCards counts Dragon, Phoenix, Aces, and Kings","status":"passed","title":"counts Dragon, Phoenix, Aces, and Kings","duration":2.245100000000093,"failureMessages":[],"meta":{}},{"ancestorTitles":["Hand Evaluation","countTopCards"],"fullName":"Hand Evaluation countTopCards counts Mahjong and Dog when option enabled","status":"passed","title":"counts Mahjong and Dog when option enabled","duration":0.4154999999999518,"failureMessages":[],"meta":{}},{"ancestorTitles":["Hand Evaluation","countTopCards"],"fullName":"Hand Evaluation countTopCards returns 0 for hand with no top cards","status":"passed","title":"returns 0 for hand with no top cards","duration":0.32330000000001746,"failureMessages":[],"meta":{}},{"ancestorTitles":["Hand Evaluation","countLeadGetters"],"fullName":"Hand Evaluation countLeadGetters counts Aces, Dragon, Dog, and bombs","status":"passed","title":"counts Aces, Dragon, Dog, and bombs","duration":0.8451000000000022,"failureMessages":[],"meta":{}},{"ancestorTitles":["Hand Evaluation","evaluateHandStrength"],"fullName":"Hand Evaluation evaluateHandStrength returns higher score for stronger hands","status":"passed","title":"returns higher score for stronger hands","duration":0.6951999999999998,"failureMessages":[],"meta":{}},{"ancestorTitles":["Hand Evaluation","findBombs"],"fullName":"Hand Evaluation findBombs finds four-of-a-kind bombs","status":"passed","title":"finds four-of-a-kind bombs","duration":0.4635000000000673,"failureMessages":[],"meta":{}},{"ancestorTitles":["Hand Evaluation","findBombs"],"fullName":"Hand Evaluation findBombs returns empty for no bombs","status":"passed","title":"returns empty for no bombs","duration":1.4335999999999558,"failureMessages":[],"meta":{}},{"ancestorTitles":["Hand Evaluation","findBombs"],"fullName":"Hand Evaluation findBombs detects straight-flush bombs (5+ consecutive same suit)","status":"passed","title":"detects straight-flush bombs (5+ consecutive same suit)","duration":0.772899999999936,"failureMessages":[],"meta":{}},{"ancestorTitles":["Hand Evaluation","findBombs"],"fullName":"Hand Evaluation findBombs does not detect straight of different suits as straight-flush bomb","status":"passed","title":"does not detect straight of different suits as straight-flush bomb","duration":0.4535000000000764,"failureMessages":[],"meta":{}},{"ancestorTitles":["Hand Evaluation","findBombs"],"fullName":"Hand Evaluation findBombs finds both bomb types when both exist","status":"passed","title":"finds both bomb types when both exist","duration":0.579599999999914,"failureMessages":[],"meta":{}},{"ancestorTitles":["Hand Evaluation","findSingletons"],"fullName":"Hand Evaluation findSingletons finds cards with no pair partner","status":"passed","title":"finds cards with no pair partner","duration":0.2417000000000371,"failureMessages":[],"meta":{}},{"ancestorTitles":["Card Sorting & Ranking","getCardStrength"],"fullName":"Card Sorting & Ranking getCardStrength assigns correct strengths","status":"passed","title":"assigns correct strengths","duration":0.5558999999999514,"failureMessages":[],"meta":{}},{"ancestorTitles":["Card Sorting & Ranking","sortByStrength"],"fullName":"Card Sorting & Ranking sortByStrength sorts weakest first","status":"passed","title":"sorts weakest first","duration":0.35149999999998727,"failureMessages":[],"meta":{}},{"ancestorTitles":["Card Sorting & Ranking","rankCombinationsForLead"],"fullName":"Card Sorting & Ranking rankCombinationsForLead puts Dog first, then low rank, bombs last","status":"passed","title":"puts Dog first, then low rank, bombs last","duration":0.7526000000000295,"failureMessages":[],"meta":{}},{"ancestorTitles":["Card Sorting & Ranking","rankCombinationsForFollow"],"fullName":"Card Sorting & Ranking rankCombinationsForFollow puts non-bombs before bombs, sorted by rank","status":"passed","title":"puts non-bombs before bombs, sorted by rank","duration":0.3934000000000424,"failureMessages":[],"meta":{}},{"ancestorTitles":["Strategic Passing","identifyWeakCards"],"fullName":"Strategic Passing identifyWeakCards returns low singletons (rank <= 8)","status":"passed","title":"returns low singletons (rank <= 8)","duration":0.43679999999994834,"failureMessages":[],"meta":{}},{"ancestorTitles":["Strategic Passing","selectPassCards"],"fullName":"Strategic Passing selectPassCards returns 3 distinct cards for 3 other seats","status":"passed","title":"returns 3 distinct cards for 3 other seats","duration":0.6523999999999432,"failureMessages":[],"meta":{}},{"ancestorTitles":["Play Selection","isPartnerWinning"],"fullName":"Play Selection isPartnerWinning returns true when partner holds the trick","status":"passed","title":"returns true when partner holds the trick","duration":0.27159999999992124,"failureMessages":[],"meta":{}},{"ancestorTitles":["Play Selection","isPartnerWinning"],"fullName":"Play Selection isPartnerWinning returns false when no trick","status":"passed","title":"returns false when no trick","duration":0.12190000000009604,"failureMessages":[],"meta":{}},{"ancestorTitles":["Play Selection","canGoOut"],"fullName":"Play Selection canGoOut returns true when hand size equals play size","status":"passed","title":"returns true when hand size equals play size","duration":0.22509999999999764,"failureMessages":[],"meta":{}},{"ancestorTitles":["Play Selection","canGoOut"],"fullName":"Play Selection canGoOut returns false when hand has more cards","status":"passed","title":"returns false when hand has more cards","duration":0.15850000000000364,"failureMessages":[],"meta":{}},{"ancestorTitles":["Play Selection","isAllWinners"],"fullName":"Play Selection isAllWinners returns true for all Aces/Dragon/Phoenix","status":"passed","title":"returns true for all Aces/Dragon/Phoenix","duration":0.2013000000000602,"failureMessages":[],"meta":{}},{"ancestorTitles":["Play Selection","isAllWinners"],"fullName":"Play Selection isAllWinners returns false with low cards","status":"passed","title":"returns false with low cards","duration":0.1593000000000302,"failureMessages":[],"meta":{}},{"ancestorTitles":["State Analysis","selectMahjongWish"],"fullName":"State Analysis selectMahjongWish wishes for a mid-rank not in hand","status":"passed","title":"wishes for a mid-rank not in hand","duration":0.28150000000005093,"failureMessages":[],"meta":{}},{"ancestorTitles":["State Analysis","selectMahjongWish"],"fullName":"State Analysis selectMahjongWish returns null when all mid-ranks are in hand","status":"passed","title":"returns null when all mid-ranks are in hand","duration":0.18990000000007967,"failureMessages":[],"meta":{}},{"ancestorTitles":["State Analysis","selectDragonRecipient"],"fullName":"State Analysis selectDragonRecipient gives to opponent with most cards","status":"passed","title":"gives to opponent with most cards","duration":0.25909999999998945,"failureMessages":[],"meta":{}},{"ancestorTitles":["State Analysis","getOpponentTichuCallers"],"fullName":"State Analysis getOpponentTichuCallers finds opponents who called Tichu","status":"passed","title":"finds opponents who called Tichu","duration":1.1245000000000118,"failureMessages":[],"meta":{}},{"ancestorTitles":["State Analysis","isEndgame"],"fullName":"State Analysis isEndgame returns true when 2 or fewer active","status":"passed","title":"returns true when 2 or fewer active","duration":0.27700000000004366,"failureMessages":[],"meta":{}},{"ancestorTitles":["State Analysis","isEndgame"],"fullName":"State Analysis isEndgame returns false when 3+ active","status":"passed","title":"returns false when 3+ active","duration":0.14430000000004384,"failureMessages":[],"meta":{}},{"ancestorTitles":["State Analysis","getHandSizes"],"fullName":"State Analysis getHandSizes returns card count per seat","status":"passed","title":"returns card count per seat","duration":0.2699000000000069,"failureMessages":[],"meta":{}},{"ancestorTitles":["Stanford Index Computations","computeGrandTichuIndex"],"fullName":"Stanford Index Computations computeGrandTichuIndex returns 0 for hand with no power cards","status":"passed","title":"returns 0 for hand with no power cards","duration":0.2419999999999618,"failureMessages":[],"meta":{}},{"ancestorTitles":["Stanford Index Computations","computeGrandTichuIndex"],"fullName":"Stanford Index Computations computeGrandTichuIndex counts Dragon as 3","status":"passed","title":"counts Dragon as 3","duration":0.20040000000005875,"failureMessages":[],"meta":{}},{"ancestorTitles":["Stanford Index Computations","computeGrandTichuIndex"],"fullName":"Stanford Index Computations computeGrandTichuIndex counts Phoenix as 3","status":"passed","title":"counts Phoenix as 3","duration":0.29980000000000473,"failureMessages":[],"meta":{}},{"ancestorTitles":["Stanford Index Computations","computeGrandTichuIndex"],"fullName":"Stanford Index Computations computeGrandTichuIndex counts each Ace as 1","status":"passed","title":"counts each Ace as 1","duration":0.17989999999997508,"failureMessages":[],"meta":{}},{"ancestorTitles":["Stanford Index Computations","computeGrandTichuIndex"],"fullName":"Stanford Index Computations computeGrandTichuIndex counts Dragon + Phoenix + Ace correctly","status":"passed","title":"counts Dragon + Phoenix + Ace correctly","duration":0.16300000000001091,"failureMessages":[],"meta":{}},{"ancestorTitles":["Stanford Index Computations","computeGrandTichuIndex"],"fullName":"Stanford Index Computations computeGrandTichuIndex counts four-of-a-kind bomb as 3","status":"passed","title":"counts four-of-a-kind bomb as 3","duration":0.18619999999998527,"failureMessages":[],"meta":{}},{"ancestorTitles":["Stanford Index Computations","computeGrandTichuIndex"],"fullName":"Stanford Index Computations computeGrandTichuIndex does not count Kings, Dog, or Mahjong","status":"passed","title":"does not count Kings, Dog, or Mahjong","duration":0.1959999999999127,"failureMessages":[],"meta":{}},{"ancestorTitles":["Stanford Index Computations","computeTichuIndex"],"fullName":"Stanford Index Computations computeTichuIndex returns 0 for a hand of all low non-consecutive pairs","status":"passed","title":"returns 0 for a hand of all low non-consecutive pairs","duration":0.6297000000000708,"failureMessages":[],"meta":{}},{"ancestorTitles":["Stanford Index Computations","computeTichuIndex"],"fullName":"Stanford Index Computations computeTichuIndex weights Dragon at 6","status":"passed","title":"weights Dragon at 6","duration":0.4479999999999791,"failureMessages":[],"meta":{}},{"ancestorTitles":["Stanford Index Computations","computeTichuIndex"],"fullName":"Stanford Index Computations computeTichuIndex weights Dog at -2","status":"passed","title":"weights Dog at -2","duration":0.2533000000000811,"failureMessages":[],"meta":{}},{"ancestorTitles":["Stanford Index Computations","computeTichuIndex"],"fullName":"Stanford Index Computations computeTichuIndex includes straight bonus (+1 per straight of 5+)","status":"passed","title":"includes straight bonus (+1 per straight of 5+)","duration":0.19659999999998945,"failureMessages":[],"meta":{}},{"ancestorTitles":["Stanford Index Computations","computeTichuIndex"],"fullName":"Stanford Index Computations computeTichuIndex penalizes small singletons not in straights (-1 each)","status":"passed","title":"penalizes small singletons not in straights (-1 each)","duration":0.20280000000002474,"failureMessages":[],"meta":{}},{"ancestorTitles":["Stanford Index Computations","computeTichuIndex"],"fullName":"Stanford Index Computations computeTichuIndex computes full index: Dragon + Ace + bomb + straight - Dog - singletons","status":"passed","title":"computes full index: Dragon + Ace + bomb + straight - Dog - singletons","duration":0.252399999999966,"failureMessages":[],"meta":{}},{"ancestorTitles":["Stanford Index Computations","countStraights"],"fullName":"Stanford Index Computations countStraights returns 0 when no 5+ consecutive ranks","status":"passed","title":"returns 0 when no 5+ consecutive ranks","duration":0.1875999999999749,"failureMessages":[],"meta":{}},{"ancestorTitles":["Stanford Index Computations","countStraights"],"fullName":"Stanford Index Computations countStraights returns 1 for a run of exactly 5","status":"passed","title":"returns 1 for a run of exactly 5","duration":0.15480000000002292,"failureMessages":[],"meta":{}},{"ancestorTitles":["Stanford Index Computations","countStraights"],"fullName":"Stanford Index Computations countStraights counts Mahjong as rank 1","status":"passed","title":"counts Mahjong as rank 1","duration":0.16450000000008913,"failureMessages":[],"meta":{}},{"ancestorTitles":["Stanford Index Computations","countStraights"],"fullName":"Stanford Index Computations countStraights Phoenix fills one gap in a run","status":"passed","title":"Phoenix fills one gap in a run","duration":0.1452000000000453,"failureMessages":[],"meta":{}},{"ancestorTitles":["Stanford Index Computations","countStraights"],"fullName":"Stanford Index Computations countStraights returns 0 when run of 4 with no Phoenix","status":"passed","title":"returns 0 when run of 4 with no Phoenix","duration":0.1856999999999971,"failureMessages":[],"meta":{}},{"ancestorTitles":["Stanford Index Computations","countSmallSingletons"],"fullName":"Stanford Index Computations countSmallSingletons returns 0 when all cards are paired","status":"passed","title":"returns 0 when all cards are paired","duration":0.16489999999998872,"failureMessages":[],"meta":{}},{"ancestorTitles":["Stanford Index Computations","countSmallSingletons"],"fullName":"Stanford Index Computations countSmallSingletons counts singletons below rank 12","status":"passed","title":"counts singletons below rank 12","duration":0.14459999999996853,"failureMessages":[],"meta":{}},{"ancestorTitles":["Stanford Index Computations","countSmallSingletons"],"fullName":"Stanford Index Computations countSmallSingletons excludes singletons that are in a 5+ straight","status":"passed","title":"excludes singletons that are in a 5+ straight","duration":0.1590999999999667,"failureMessages":[],"meta":{}},{"ancestorTitles":["Stanford Index Computations","getEndgamePhase"],"fullName":"Stanford Index Computations getEndgamePhase returns 3p-partner-out when partner already went out","status":"passed","title":"returns 3p-partner-out when partner already went out","duration":0.4440999999999349,"failureMessages":[],"meta":{}},{"ancestorTitles":["Stanford Index Computations","getEndgamePhase"],"fullName":"Stanford Index Computations getEndgamePhase returns 3p-partner-in when partner still playing","status":"passed","title":"returns 3p-partner-in when partner still playing","duration":0.23450000000002547,"failureMessages":[],"meta":{}},{"ancestorTitles":["Stanford Index Computations","getEndgamePhase"],"fullName":"Stanford Index Computations getEndgamePhase returns 2p when only 2 players remain","status":"passed","title":"returns 2p when only 2 players remain","duration":0.21029999999996107,"failureMessages":[],"meta":{}},{"ancestorTitles":["Stanford Index Computations","getEndgamePhase"],"fullName":"Stanford Index Computations getEndgamePhase returns normal when all 4 players active","status":"passed","title":"returns normal when all 4 players active","duration":0.15389999999990778,"failureMessages":[],"meta":{}},{"ancestorTitles":["Stanford Index Computations","hasStrength"],"fullName":"Stanford Index Computations hasStrength returns true with 2+ power cards (Dragon + Ace)","status":"passed","title":"returns true with 2+ power cards (Dragon + Ace)","duration":0.21670000000005984,"failureMessages":[],"meta":{}},{"ancestorTitles":["Stanford Index Computations","hasStrength"],"fullName":"Stanford Index Computations hasStrength returns true with 2 Aces","status":"passed","title":"returns true with 2 Aces","duration":0.17790000000002237,"failureMessages":[],"meta":{}},{"ancestorTitles":["Stanford Index Computations","hasStrength"],"fullName":"Stanford Index Computations hasStrength returns true with Phoenix + Dragon","status":"passed","title":"returns true with Phoenix + Dragon","duration":0.314200000000028,"failureMessages":[],"meta":{}},{"ancestorTitles":["Stanford Index Computations","hasStrength"],"fullName":"Stanford Index Computations hasStrength returns false with only 1 power card","status":"passed","title":"returns false with only 1 power card","duration":0.18849999999997635,"failureMessages":[],"meta":{}},{"ancestorTitles":["Stanford Index Computations","hasStrength"],"fullName":"Stanford Index Computations hasStrength returns false with no power cards","status":"passed","title":"returns false with no power cards","duration":0.2137000000000171,"failureMessages":[],"meta":{}},{"ancestorTitles":["Stanford Index Computations","hasStrength"],"fullName":"Stanford Index Computations hasStrength counts Kings as non-power cards","status":"passed","title":"counts Kings as non-power cards","duration":0.16980000000000928,"failureMessages":[],"meta":{}},{"ancestorTitles":["Stanford Index Computations","isCardInMultiCardCombo"],"fullName":"Stanford Index Computations isCardInMultiCardCombo returns true for a card in a pair","status":"passed","title":"returns true for a card in a pair","duration":0.22069999999996526,"failureMessages":[],"meta":{}},{"ancestorTitles":["Stanford Index Computations","isCardInMultiCardCombo"],"fullName":"Stanford Index Computations isCardInMultiCardCombo returns false for a singleton","status":"passed","title":"returns false for a singleton","duration":0.15570000000002437,"failureMessages":[],"meta":{}},{"ancestorTitles":["Stanford Index Computations","isCardInMultiCardCombo"],"fullName":"Stanford Index Computations isCardInMultiCardCombo returns true for a card in a triple","status":"passed","title":"returns true for a card in a triple","duration":0.18630000000007385,"failureMessages":[],"meta":{}},{"ancestorTitles":["Stanford Index Computations","isCardInMultiCardCombo"],"fullName":"Stanford Index Computations isCardInMultiCardCombo returns false for special cards","status":"passed","title":"returns false for special cards","duration":0.15850000000000364,"failureMessages":[],"meta":{}},{"ancestorTitles":["Stanford Index Computations","getThirdWorstNonBreaking"],"fullName":"Stanford Index Computations getThirdWorstNonBreaking returns 3rd weakest singleton when enough singletons exist","status":"passed","title":"returns 3rd weakest singleton when enough singletons exist","duration":0.3993999999999005,"failureMessages":[],"meta":{}},{"ancestorTitles":["Stanford Index Computations","getThirdWorstNonBreaking"],"fullName":"Stanford Index Computations getThirdWorstNonBreaking skips cards in pairs","status":"passed","title":"skips cards in pairs","duration":0.30299999999999727,"failureMessages":[],"meta":{}},{"ancestorTitles":["Stanford Index Computations","getThirdWorstNonBreaking"],"fullName":"Stanford Index Computations getThirdWorstNonBreaking falls back to 3rd weakest overall when fewer than 3 singletons","status":"passed","title":"falls back to 3rd weakest overall when fewer than 3 singletons","duration":0.2747999999999138,"failureMessages":[],"meta":{}},{"ancestorTitles":["Stanford Index Computations","getThirdWorstNonBreaking"],"fullName":"Stanford Index Computations getThirdWorstNonBreaking returns null for empty hand","status":"passed","title":"returns null for empty hand","duration":0.13610000000005584,"failureMessages":[],"meta":{}},{"ancestorTitles":["Stanford Index Computations","getRightOpponent"],"fullName":"Stanford Index Computations getRightOpponent returns west for north (counter-clockwise)","status":"passed","title":"returns west for north (counter-clockwise)","duration":0.17070000000001073,"failureMessages":[],"meta":{}},{"ancestorTitles":["Stanford Index Computations","getRightOpponent"],"fullName":"Stanford Index Computations getRightOpponent returns north for east","status":"passed","title":"returns north for east","duration":0.16899999999998272,"failureMessages":[],"meta":{}},{"ancestorTitles":["Stanford Index Computations","getRightOpponent"],"fullName":"Stanford Index Computations getRightOpponent returns east for south","status":"passed","title":"returns east for south","duration":0.13569999999992888,"failureMessages":[],"meta":{}},{"ancestorTitles":["Stanford Index Computations","getRightOpponent"],"fullName":"Stanford Index Computations getRightOpponent returns south for west","status":"passed","title":"returns south for west","duration":0.16160000000002128,"failureMessages":[],"meta":{}},{"ancestorTitles":["Stanford Index Computations","hasStrongMultiCardHand"],"fullName":"Stanford Index Computations hasStrongMultiCardHand returns true for pair of Jacks (rank 11)","status":"passed","title":"returns true for pair of Jacks (rank 11)","duration":0.27969999999993433,"failureMessages":[],"meta":{}},{"ancestorTitles":["Stanford Index Computations","hasStrongMultiCardHand"],"fullName":"Stanford Index Computations hasStrongMultiCardHand returns true for pair of Kings","status":"passed","title":"returns true for pair of Kings","duration":0.13220000000001164,"failureMessages":[],"meta":{}},{"ancestorTitles":["Stanford Index Computations","hasStrongMultiCardHand"],"fullName":"Stanford Index Computations hasStrongMultiCardHand returns false for pair of 10s (rank = 10, not > 10)","status":"passed","title":"returns false for pair of 10s (rank = 10, not > 10)","duration":0.16409999999996217,"failureMessages":[],"meta":{}},{"ancestorTitles":["Stanford Index Computations","hasStrongMultiCardHand"],"fullName":"Stanford Index Computations hasStrongMultiCardHand returns false when all cards are singletons","status":"passed","title":"returns false when all cards are singletons","duration":0.12549999999998818,"failureMessages":[],"meta":{}},{"ancestorTitles":["Stanford Index Computations","hasStrongMultiCardHand"],"fullName":"Stanford Index Computations hasStrongMultiCardHand returns true for a straight containing high ranks","status":"passed","title":"returns true for a straight containing high ranks","duration":0.17629999999996926,"failureMessages":[],"meta":{}},{"ancestorTitles":["Stanford Index Computations","hasStrongMultiCardHand"],"fullName":"Stanford Index Computations hasStrongMultiCardHand returns false for low straight (5-9)","status":"passed","title":"returns false for low straight (5-9)","duration":0.3350000000000364,"failureMessages":[],"meta":{}}],"startTime":1776898861679,"endTime":1776898861707.335,"status":"passed","message":"","name":"C:/MATLAB/Claude/Tichu/code/packages/server/tests/bot/bot-strategy-utils.test.ts"},{"assertionResults":[{"ancestorTitles":["Bot","chooseGrandTichu"],"fullName":"Bot chooseGrandTichu calls with 3 power cards and a bomb","status":"passed","title":"calls with 3 power cards and a bomb","duration":4.3922000000000025,"failureMessages":[],"meta":{}},{"ancestorTitles":["Bot","chooseGrandTichu"],"fullName":"Bot chooseGrandTichu calls with 3 power cards and a strong pair (rank > 10)","status":"passed","title":"calls with 3 power cards and a strong pair (rank > 10)","duration":0.5229000000001633,"failureMessages":[],"meta":{}},{"ancestorTitles":["Bot","chooseGrandTichu"],"fullName":"Bot chooseGrandTichu does not call with only 2 power cards and no strong multi (normal game)","status":"passed","title":"does not call with only 2 power cards and no strong multi (normal game)","duration":0.6747000000000298,"failureMessages":[],"meta":{}},{"ancestorTitles":["Bot","chooseGrandTichu"],"fullName":"Bot chooseGrandTichu never calls with no power cards","status":"passed","title":"never calls with no power cards","duration":0.5618999999999232,"failureMessages":[],"meta":{}},{"ancestorTitles":["Bot","chooseGrandTichu"],"fullName":"Bot chooseGrandTichu does not call with 2 Aces only (no bomb, no strong multi)","status":"passed","title":"does not call with 2 Aces only (no bomb, no strong multi)","duration":0.47910000000001673,"failureMessages":[],"meta":{}},{"ancestorTitles":["Bot","chooseGrandTichu"],"fullName":"Bot chooseGrandTichu calls with 2 power cards + strong multi when opponents near winning","status":"passed","title":"calls with 2 power cards + strong multi when opponents near winning","duration":0.6055999999998676,"failureMessages":[],"meta":{}},{"ancestorTitles":["Bot","chooseGrandTichu"],"fullName":"Bot chooseGrandTichu does not call with 2 power + strong multi when opponents not near winning","status":"passed","title":"does not call with 2 power + strong multi when opponents not near winning","duration":0.2761000000000422,"failureMessages":[],"meta":{}},{"ancestorTitles":["Bot","chooseRegularTichu"],"fullName":"Bot chooseRegularTichu calls Tichu with very strong hand (high It)","status":"passed","title":"calls Tichu with very strong hand (high It)","duration":1.0726000000001932,"failureMessages":[],"meta":{}},{"ancestorTitles":["Bot","chooseRegularTichu"],"fullName":"Bot chooseRegularTichu does not call Tichu with weak hand (low It)","status":"passed","title":"does not call Tichu with weak hand (low It)","duration":0.6962000000000899,"failureMessages":[],"meta":{}},{"ancestorTitles":["Bot","chooseRegularTichu"],"fullName":"Bot chooseRegularTichu suppresses Tichu call when team leads by 200+ (threshold 9)","status":"passed","title":"suppresses Tichu call when team leads by 200+ (threshold 9)","duration":0.5203000000001339,"failureMessages":[],"meta":{}},{"ancestorTitles":["Bot","chooseRegularTichu"],"fullName":"Bot chooseRegularTichu is more aggressive when behind by 200+ (threshold 5)","status":"passed","title":"is more aggressive when behind by 200+ (threshold 5)","duration":0.4191000000000713,"failureMessages":[],"meta":{}},{"ancestorTitles":["Bot","chooseRegularTichu"],"fullName":"Bot chooseRegularTichu accounts for straights and small singletons in It index","status":"passed","title":"accounts for straights and small singletons in It index","duration":0.22659999999996217,"failureMessages":[],"meta":{}},{"ancestorTitles":["Bot","chooseCardsToPass"],"fullName":"Bot chooseCardsToPass splits a low pair when no singles below 8 available","status":"passed","title":"splits a low pair when no singles below 8 available","duration":1.3544999999999163,"failureMessages":[],"meta":{}},{"ancestorTitles":["Bot","chooseCardsToPass"],"fullName":"Bot chooseCardsToPass returns cards for all three other seats","status":"passed","title":"returns cards for all three other seats","duration":0.8465000000001055,"failureMessages":[],"meta":{}},{"ancestorTitles":["Bot","chooseCardsToPass"],"fullName":"Bot chooseCardsToPass passes best card to partner from weak hand (strength concentration)","status":"passed","title":"passes best card to partner from weak hand (strength concentration)","duration":0.3342999999999847,"failureMessages":[],"meta":{}},{"ancestorTitles":["Bot","chooseCardsToPass"],"fullName":"Bot chooseCardsToPass passes 3rd-worst to partner from strong hand","status":"passed","title":"passes 3rd-worst to partner from strong hand","duration":0.33310000000005857,"failureMessages":[],"meta":{}},{"ancestorTitles":["Bot","chooseCardsToPass"],"fullName":"Bot chooseCardsToPass applies parity convention: odd to left (east), even to right (west)","status":"passed","title":"applies parity convention: odd to left (east), even to right (west)","duration":0.27070000000003347,"failureMessages":[],"meta":{}},{"ancestorTitles":["Bot","chooseCardsToPass"],"fullName":"Bot chooseCardsToPass never passes Dragon or Phoenix to opponents","status":"passed","title":"never passes Dragon or Phoenix to opponents","duration":1.230600000000095,"failureMessages":[],"meta":{}},{"ancestorTitles":["Bot","chooseCardsToPass"],"fullName":"Bot chooseCardsToPass passes Dog to partner from strong hand","status":"passed","title":"passes Dog to partner from strong hand","duration":0.46899999999982356,"failureMessages":[],"meta":{}},{"ancestorTitles":["Bot","chooseCardsToPass"],"fullName":"Bot chooseCardsToPass passes Dog to right opponent when strong hand has 3+ lead-getters","status":"passed","title":"passes Dog to right opponent when strong hand has 3+ lead-getters","duration":0.49080000000003565,"failureMessages":[],"meta":{}},{"ancestorTitles":["Bot","chooseCardsToPass"],"fullName":"Bot chooseCardsToPass tracks passedToRight for Mahjong wish","status":"passed","title":"tracks passedToRight for Mahjong wish","duration":0.3606999999999516,"failureMessages":[],"meta":{}},{"ancestorTitles":["Bot","choosePlay"],"fullName":"Bot choosePlay always plays optimally — leads with lowest combination","status":"passed","title":"always plays optimally — leads with lowest combination","duration":2.3181999999999334,"failureMessages":[],"meta":{}},{"ancestorTitles":["Bot","choosePlay"],"fullName":"Bot choosePlay produces deterministic results (no randomness)","status":"passed","title":"produces deterministic results (no randomness)","duration":1.342200000000048,"failureMessages":[],"meta":{}},{"ancestorTitles":["Bot","choosePlay"],"fullName":"Bot choosePlay passes when partner is winning the trick","status":"passed","title":"passes when partner is winning the trick","duration":1.0363999999999578,"failureMessages":[],"meta":{}},{"ancestorTitles":["Bot","choosePlay"],"fullName":"Bot choosePlay plays to go out even when partner is winning","status":"passed","title":"plays to go out even when partner is winning","duration":0.30359999999996035,"failureMessages":[],"meta":{}},{"ancestorTitles":["Bot","choosePlay"],"fullName":"Bot choosePlay passes when no valid plays available","status":"passed","title":"passes when no valid plays available","duration":0.18200000000001637,"failureMessages":[],"meta":{}},{"ancestorTitles":["Bot","choosePlay"],"fullName":"Bot choosePlay plays bomb when opponent has 1-2 cards","status":"passed","title":"plays bomb when opponent has 1-2 cards","duration":0.6652000000001408,"failureMessages":[],"meta":{}},{"ancestorTitles":["Bot","choosePlay"],"fullName":"Bot choosePlay leads with Dog when available","status":"passed","title":"leads with Dog when available","duration":0.8663000000001375,"failureMessages":[],"meta":{}},{"ancestorTitles":["Bot","choosePlay"],"fullName":"Bot choosePlay includes phoenixAs when playing Phoenix combination","status":"passed","title":"includes phoenixAs when playing Phoenix combination","duration":1.0801000000001295,"failureMessages":[],"meta":{}},{"ancestorTitles":["Bot","choosePlay"],"fullName":"Bot choosePlay bombs when Tichu caller has few cards","status":"passed","title":"bombs when Tichu caller has few cards","duration":0.6063999999998941,"failureMessages":[],"meta":{}},{"ancestorTitles":["Bot","context-dependent Dog play"],"fullName":"Bot context-dependent Dog play plays Dog early when no special conditions (default)","status":"passed","title":"plays Dog early when no special conditions (default)","duration":0.5966000000000804,"failureMessages":[],"meta":{}},{"ancestorTitles":["Bot","context-dependent Dog play"],"fullName":"Bot context-dependent Dog play plays Dog when partner called Tichu (PTS01 overrides DOG01)","status":"passed","title":"plays Dog when partner called Tichu (PTS01 overrides DOG01)","duration":0.5075999999999112,"failureMessages":[],"meta":{}},{"ancestorTitles":["Bot","context-dependent Dog play"],"fullName":"Bot context-dependent Dog play saves Dog when holding Dragon (guaranteed lead recovery)","status":"passed","title":"saves Dog when holding Dragon (guaranteed lead recovery)","duration":0.42099999999982174,"failureMessages":[],"meta":{}},{"ancestorTitles":["Bot","context-dependent Dog play"],"fullName":"Bot context-dependent Dog play saves Dog when opponent called Tichu","status":"passed","title":"saves Dog when opponent called Tichu","duration":0.3403000000000702,"failureMessages":[],"meta":{}},{"ancestorTitles":["Bot","context-dependent Dog play"],"fullName":"Bot context-dependent Dog play saves Dog when significantly behind on score","status":"passed","title":"saves Dog when significantly behind on score","duration":0.3590999999998985,"failureMessages":[],"meta":{}},{"ancestorTitles":["Bot","one-two prevention"],"fullName":"Bot one-two prevention plays highest when opponent teammate already went out first","status":"passed","title":"plays highest when opponent teammate already went out first","duration":0.6947999999999865,"failureMessages":[],"meta":{}},{"ancestorTitles":["Bot","one-two prevention"],"fullName":"Bot one-two prevention does not activate one-two prevention when own team went out first","status":"passed","title":"does not activate one-two prevention when own team went out first","duration":0.4128000000000611,"failureMessages":[],"meta":{}},{"ancestorTitles":["Bot","one-two prevention"],"fullName":"Bot one-two prevention plays to go out in one-two prevention mode","status":"passed","title":"plays to go out in one-two prevention mode","duration":0.28520000000003165,"failureMessages":[],"meta":{}},{"ancestorTitles":["Bot","hand planning"],"fullName":"Bot hand planning creates a hand plan on first play of round","status":"passed","title":"creates a hand plan on first play of round","duration":0.3768000000000029,"failureMessages":[],"meta":{}},{"ancestorTitles":["Bot","hand planning"],"fullName":"Bot hand planning categorizes low combos as losers and high combos as winners","status":"passed","title":"categorizes low combos as losers and high combos as winners","duration":0.5081000000000131,"failureMessages":[],"meta":{}},{"ancestorTitles":["Bot","hand planning"],"fullName":"Bot hand planning uses hand plan to guide lead selection","status":"passed","title":"uses hand plan to guide lead selection","duration":1.3807999999999083,"failureMessages":[],"meta":{}},{"ancestorTitles":["Bot","hand planning"],"fullName":"Bot hand planning decides Phoenix role based on hand composition","status":"passed","title":"decides Phoenix role based on hand composition","duration":0.47280000000000655,"failureMessages":[],"meta":{}},{"ancestorTitles":["Bot","Phoenix strategy"],"fullName":"Bot Phoenix strategy avoids leading Phoenix as singleton (only +0.5)","status":"passed","title":"avoids leading Phoenix as singleton (only +0.5)","duration":0.371599999999944,"failureMessages":[],"meta":{}},{"ancestorTitles":["Bot","Phoenix strategy"],"fullName":"Bot Phoenix strategy prefers Phoenix in combinations of 3+ cards (eliminates losers)","status":"passed","title":"prefers Phoenix in combinations of 3+ cards (eliminates losers)","duration":0.3604000000000269,"failureMessages":[],"meta":{}},{"ancestorTitles":["Bot","card tracking integration"],"fullName":"Bot card tracking integration updates card tracker during play","status":"passed","title":"updates card tracker during play","duration":0.3849999999999909,"failureMessages":[],"meta":{}},{"ancestorTitles":["Bot","card tracking integration"],"fullName":"Bot card tracking integration resets card tracker on new round","status":"passed","title":"resets card tracker on new round","duration":0.39239999999995234,"failureMessages":[],"meta":{}},{"ancestorTitles":["Bot","chooseDragonGiftRecipient"],"fullName":"Bot chooseDragonGiftRecipient gives Dragon to opponent with most cards","status":"passed","title":"gives Dragon to opponent with most cards","duration":0.3217000000001917,"failureMessages":[],"meta":{}},{"ancestorTitles":["Bot","chooseMahjongWish"],"fullName":"Bot chooseMahjongWish returns null when Mah Jong was played in a straight","status":"passed","title":"returns null when Mah Jong was played in a straight","duration":0.536600000000135,"failureMessages":[],"meta":{}},{"ancestorTitles":["Bot","chooseMahjongWish"],"fullName":"Bot chooseMahjongWish wishes for Ace when right opponent called Tichu","status":"passed","title":"wishes for Ace when right opponent called Tichu","duration":0.3187000000000353,"failureMessages":[],"meta":{}},{"ancestorTitles":["Bot","chooseMahjongWish"],"fullName":"Bot chooseMahjongWish wishes for Ace when opponent called Grand Tichu","status":"passed","title":"wishes for Ace when opponent called Grand Tichu","duration":0.3223000000000411,"failureMessages":[],"meta":{}},{"ancestorTitles":["Bot","chooseMahjongWish"],"fullName":"Bot chooseMahjongWish does not wish for Ace when holding Ace even if opponent called Tichu","status":"passed","title":"does not wish for Ace when holding Ace even if opponent called Tichu","duration":0.31910000000016225,"failureMessages":[],"meta":{}},{"ancestorTitles":["Bot","chooseMahjongWish"],"fullName":"Bot chooseMahjongWish wishes for card passed to left opponent when no Tichu caller","status":"passed","title":"wishes for card passed to left opponent when no Tichu caller","duration":0.6217000000001462,"failureMessages":[],"meta":{}},{"ancestorTitles":["Bot","chooseMahjongWish"],"fullName":"Bot chooseMahjongWish falls back to wishing for 5 or 6 when no context available","status":"passed","title":"falls back to wishing for 5 or 6 when no context available","duration":0.45039999999994507,"failureMessages":[],"meta":{}},{"ancestorTitles":["Bot","chooseMahjongWish"],"fullName":"Bot chooseMahjongWish returns null when all fallback candidate ranks are held","status":"passed","title":"returns null when all fallback candidate ranks are held","duration":0.17300000000000182,"failureMessages":[],"meta":{}},{"ancestorTitles":["Bot","bomb strategy"],"fullName":"Bot bomb strategy does not bomb when partner has 1-2 cards left","status":"passed","title":"does not bomb when partner has 1-2 cards left","duration":0.4393000000000029,"failureMessages":[],"meta":{}},{"ancestorTitles":["Bot","bomb strategy"],"fullName":"Bot bomb strategy bombs when opponent could complete 1-2 finish","status":"passed","title":"bombs when opponent could complete 1-2 finish","duration":0.422800000000052,"failureMessages":[],"meta":{}},{"ancestorTitles":["Bot","bomb strategy"],"fullName":"Bot bomb strategy bombs when opponent Tichu caller has 1-5 cards","status":"passed","title":"bombs when opponent Tichu caller has 1-5 cards","duration":0.3842000000001917,"failureMessages":[],"meta":{}},{"ancestorTitles":["Bot","bomb strategy"],"fullName":"Bot bomb strategy leads low card instead of Dragon when 2 cards left and bomb risk","status":"passed","title":"leads low card instead of Dragon when 2 cards left and bomb risk","duration":1.6783000000000357,"failureMessages":[],"meta":{}},{"ancestorTitles":["Bot","bomb strategy"],"fullName":"Bot bomb strategy allows Dragon lead when 2 cards left but no bomb risk","status":"passed","title":"allows Dragon lead when 2 cards left but no bomb risk","duration":0.7719999999999345,"failureMessages":[],"meta":{}},{"ancestorTitles":["Bot","information model"],"fullName":"Bot information model never accesses opponent hand contents directly","status":"passed","title":"never accesses opponent hand contents directly","duration":0.2966999999998734,"failureMessages":[],"meta":{}},{"ancestorTitles":["Bot","endgame strategy"],"fullName":"Bot endgame strategy plays highest when partner already went out (3-player)","status":"passed","title":"plays highest when partner already went out (3-player)","duration":0.3987999999999374,"failureMessages":[],"meta":{}},{"ancestorTitles":["Bot","endgame strategy"],"fullName":"Bot endgame strategy plays Dog to feed partner when partner has fewer cards (3-player)","status":"passed","title":"plays Dog to feed partner when partner has fewer cards (3-player)","duration":0.4115999999999076,"failureMessages":[],"meta":{}},{"ancestorTitles":["Bot","endgame strategy"],"fullName":"Bot endgame strategy plays multi-card groups first when opponent has 1 card (2-player)","status":"passed","title":"plays multi-card groups first when opponent has 1 card (2-player)","duration":0.7611000000001695,"failureMessages":[],"meta":{}},{"ancestorTitles":["Bot","endgame strategy"],"fullName":"Bot endgame strategy plays highest single when opponent has 1 card and only singles available (2-player)","status":"passed","title":"plays highest single when opponent has 1 card and only singles available (2-player)","duration":0.3569999999999709,"failureMessages":[],"meta":{}},{"ancestorTitles":["Bot","endgame strategy"],"fullName":"Bot endgame strategy leads low when opponent has many cards (2-player)","status":"passed","title":"leads low when opponent has many cards (2-player)","duration":0.41069999999990614,"failureMessages":[],"meta":{}},{"ancestorTitles":["Bot","endgame strategy"],"fullName":"Bot endgame strategy goes out when possible in endgame","status":"passed","title":"goes out when possible in endgame","duration":0.27579999999989013,"failureMessages":[],"meta":{}},{"ancestorTitles":["Bot","Tichu defense"],"fullName":"Bot Tichu defense passes (concedes) when opponent Tichu caller has 1-2 cards and bot is weak","status":"passed","title":"passes (concedes) when opponent Tichu caller has 1-2 cards and bot is weak","duration":0.6644000000001142,"failureMessages":[],"meta":{}},{"ancestorTitles":["Bot","Tichu defense"],"fullName":"Bot Tichu defense plays (fights) when opponent Tichu caller has many cards and bot has winners","status":"passed","title":"plays (fights) when opponent Tichu caller has many cards and bot has winners","duration":0.48440000000005057,"failureMessages":[],"meta":{}},{"ancestorTitles":["Bot","Tichu defense"],"fullName":"Bot Tichu defense fights when partner also called Tichu","status":"passed","title":"fights when partner also called Tichu","duration":0.40249999999991815,"failureMessages":[],"meta":{}},{"ancestorTitles":["Bot","enhanced follow play"],"fullName":"Bot enhanced follow play leads King when all Aces are accounted for","status":"passed","title":"leads King when all Aces are accounted for","duration":0.6340000000000146,"failureMessages":[],"meta":{}},{"ancestorTitles":["Bot","enhanced follow play"],"fullName":"Bot enhanced follow play passes on low trick when cheapest win is King and Aces unaccounted","status":"passed","title":"passes on low trick when cheapest win is King and Aces unaccounted","duration":0.35130000000003747,"failureMessages":[],"meta":{}},{"ancestorTitles":["Bot","enhanced follow play"],"fullName":"Bot enhanced follow play does not lead Ace pair when single Ace leads available","status":"passed","title":"does not lead Ace pair when single Ace leads available","duration":0.5007000000000517,"failureMessages":[],"meta":{}},{"ancestorTitles":["Bot","setContext"],"fullName":"Bot setContext stores score diff from game context","status":"passed","title":"stores score diff from game context","duration":0.21880000000010114,"failureMessages":[],"meta":{}},{"ancestorTitles":["Bot","setContext"],"fullName":"Bot setContext stores target score","status":"passed","title":"stores target score","duration":0.1979999999998654,"failureMessages":[],"meta":{}},{"ancestorTitles":["Bot","setContext"],"fullName":"Bot setContext stores game scores","status":"passed","title":"stores game scores","duration":0.48509999999987485,"failureMessages":[],"meta":{}},{"ancestorTitles":["Bot","partner strength detection"],"fullName":"Bot partner strength detection detects partner strength when partner passed a low card (rank < 10)","status":"passed","title":"detects partner strength when partner passed a low card (rank < 10)","duration":0.47109999999997854,"failureMessages":[],"meta":{}},{"ancestorTitles":["Bot","partner strength detection"],"fullName":"Bot partner strength detection detects partner strength when partner passed Dog","status":"passed","title":"detects partner strength when partner passed Dog","duration":0.3955000000000837,"failureMessages":[],"meta":{}},{"ancestorTitles":["Bot","partner strength detection"],"fullName":"Bot partner strength detection does not detect strength when partner passed high card (rank >= 10)","status":"passed","title":"does not detect strength when partner passed high card (rank >= 10)","duration":0.2880000000000109,"failureMessages":[],"meta":{}},{"ancestorTitles":["Bot","partner strength detection"],"fullName":"Bot partner strength detection handles missing passedCards gracefully","status":"passed","title":"handles missing passedCards gracefully","duration":0.197400000000016,"failureMessages":[],"meta":{}},{"ancestorTitles":["Bot","uncontested singles defense"],"fullName":"Bot uncontested singles defense tracks uncontested single wins per opponent","status":"passed","title":"tracks uncontested single wins per opponent","duration":0.28559999999993124,"failureMessages":[],"meta":{}},{"ancestorTitles":["Bot","uncontested singles defense"],"fullName":"Bot uncontested singles defense resets counter when trick type changes to non-single","status":"passed","title":"resets counter when trick type changes to non-single","duration":0.6335000000001401,"failureMessages":[],"meta":{}},{"ancestorTitles":["Bot","uncontested singles defense"],"fullName":"Bot uncontested singles defense resets counter on new round","status":"passed","title":"resets counter on new round","duration":0.5516999999999825,"failureMessages":[],"meta":{}},{"ancestorTitles":["Bot","uncontested singles defense"],"fullName":"Bot uncontested singles defense does not break combo at only 1 uncontested win without partner call","status":"passed","title":"does not break combo at only 1 uncontested win without partner call","duration":0.4616000000000895,"failureMessages":[],"meta":{}},{"ancestorTitles":["Bot","uncontested singles defense"],"fullName":"Bot uncontested singles defense breaks pair when opponent has 2 uncontested wins with rank < Jack","status":"passed","title":"breaks pair when opponent has 2 uncontested wins with rank < Jack","duration":0.6117999999999029,"failureMessages":[],"meta":{}},{"ancestorTitles":["Bot","uncontested singles defense"],"fullName":"Bot uncontested singles defense does not break combo when opponent uncontested rank >= Jack","status":"passed","title":"does not break combo when opponent uncontested rank >= Jack","duration":0.35940000000005057,"failureMessages":[],"meta":{}},{"ancestorTitles":["Bot","uncontested singles defense"],"fullName":"Bot uncontested singles defense prefers breaking pair over triple","status":"passed","title":"prefers breaking pair over triple","duration":0.5356000000001586,"failureMessages":[],"meta":{}},{"ancestorTitles":["Bot","uncontested singles defense"],"fullName":"Bot uncontested singles defense triggers at 1 uncontested win when partner called Tichu","status":"passed","title":"triggers at 1 uncontested win when partner called Tichu","duration":0.46879999999987376,"failureMessages":[],"meta":{}},{"ancestorTitles":["Bot","uncontested singles defense"],"fullName":"Bot uncontested singles defense triggers for rank < Queen when partner called GT","status":"passed","title":"triggers for rank < Queen when partner called GT","duration":0.6035999999999149,"failureMessages":[],"meta":{}},{"ancestorTitles":["Bot","uncontested singles defense"],"fullName":"Bot uncontested singles defense does not break combo when freed card cannot beat trick rank","status":"passed","title":"does not break combo when freed card cannot beat trick rank","duration":0.3000999999999294,"failureMessages":[],"meta":{}},{"ancestorTitles":["Bot","partner Tichu lead support"],"fullName":"Bot partner Tichu lead support leads Dog when partner called Tichu","status":"passed","title":"leads Dog when partner called Tichu","duration":0.5135000000000218,"failureMessages":[],"meta":{}},{"ancestorTitles":["Bot","partner Tichu lead support"],"fullName":"Bot partner Tichu lead support leads Dog when partner called Grand Tichu","status":"passed","title":"leads Dog when partner called Grand Tichu","duration":0.4939999999999145,"failureMessages":[],"meta":{}},{"ancestorTitles":["Bot","partner Tichu lead support"],"fullName":"Bot partner Tichu lead support leads lowest single when partner called Tichu and no Dog","status":"passed","title":"leads lowest single when partner called Tichu and no Dog","duration":0.7118000000000393,"failureMessages":[],"meta":{}},{"ancestorTitles":["Bot","partner Tichu lead support"],"fullName":"Bot partner Tichu lead support escalates to pair on second consecutive PTS lead","status":"passed","title":"escalates to pair on second consecutive PTS lead","duration":0.7748000000001412,"failureMessages":[],"meta":{}},{"ancestorTitles":["Bot","partner Tichu lead support"],"fullName":"Bot partner Tichu lead support escalates to triple on third consecutive PTS lead","status":"passed","title":"escalates to triple on third consecutive PTS lead","duration":0.9356000000000222,"failureMessages":[],"meta":{}},{"ancestorTitles":["Bot","partner Tichu lead support"],"fullName":"Bot partner Tichu lead support resets PTS escalation on round change","status":"passed","title":"resets PTS escalation on round change","duration":0.5081000000000131,"failureMessages":[],"meta":{}},{"ancestorTitles":["Bot","partner Tichu lead support"],"fullName":"Bot partner Tichu lead support falls through to lowest single if no pair available for escalation","status":"passed","title":"falls through to lowest single if no pair available for escalation","duration":0.43269999999984066,"failureMessages":[],"meta":{}},{"ancestorTitles":["Bot","partner Tichu lead support"],"fullName":"Bot partner Tichu lead support PTS Dog play overrides shouldSaveDog save-for-partner logic","status":"passed","title":"PTS Dog play overrides shouldSaveDog save-for-partner logic","duration":0.2905000000000655,"failureMessages":[],"meta":{}},{"ancestorTitles":["Bot","partner Tichu lead support"],"fullName":"Bot partner Tichu lead support does not activate PTS when partner has no call","status":"passed","title":"does not activate PTS when partner has no call","duration":0.2865999999999076,"failureMessages":[],"meta":{}},{"ancestorTitles":["Bot","partner Tichu follow and go-out suppression"],"fullName":"Bot partner Tichu follow and go-out suppression plays aggressively when following and partner called Tichu","status":"passed","title":"plays aggressively when following and partner called Tichu","duration":0.41200000000003456,"failureMessages":[],"meta":{}},{"ancestorTitles":["Bot","partner Tichu follow and go-out suppression"],"fullName":"Bot partner Tichu follow and go-out suppression does not aggressively follow without partner call","status":"passed","title":"does not aggressively follow without partner call","duration":0.29189999999994143,"failureMessages":[],"meta":{}},{"ancestorTitles":["Bot","partner Tichu follow and go-out suppression"],"fullName":"Bot partner Tichu follow and go-out suppression suppresses go-out when following and partner called Tichu","status":"passed","title":"suppresses go-out when following and partner called Tichu","duration":0.5045999999999822,"failureMessages":[],"meta":{}},{"ancestorTitles":["Bot","partner Tichu follow and go-out suppression"],"fullName":"Bot partner Tichu follow and go-out suppression suppresses go-out when leading and partner called Tichu","status":"passed","title":"suppresses go-out when leading and partner called Tichu","duration":0.5021999999999025,"failureMessages":[],"meta":{}},{"ancestorTitles":["Bot","partner Tichu follow and go-out suppression"],"fullName":"Bot partner Tichu follow and go-out suppression does not suppress go-out when partner already out","status":"passed","title":"does not suppress go-out when partner already out","duration":0.36580000000003565,"failureMessages":[],"meta":{}},{"ancestorTitles":["Bot","partner Tichu follow and go-out suppression"],"fullName":"Bot partner Tichu follow and go-out suppression allows go-out to nullify when bot has 3 winner cards","status":"passed","title":"allows go-out to nullify when bot has 3 winner cards","duration":0.5790999999999258,"failureMessages":[],"meta":{}},{"ancestorTitles":["Bot","partner Tichu follow and go-out suppression"],"fullName":"Bot partner Tichu follow and go-out suppression blocks go-out when partner has fewer than 8 cards","status":"passed","title":"blocks go-out when partner has fewer than 8 cards","duration":0.4943000000000666,"failureMessages":[],"meta":{}},{"ancestorTitles":["Bot","partner Tichu follow and go-out suppression"],"fullName":"Bot partner Tichu follow and go-out suppression blocks go-out when opponent caller has more than 3 cards","status":"passed","title":"blocks go-out when opponent caller has more than 3 cards","duration":0.4397000000001299,"failureMessages":[],"meta":{}},{"ancestorTitles":["Bot","partner Tichu follow and go-out suppression"],"fullName":"Bot partner Tichu follow and go-out suppression plays over partner winning 5 with a 9 (diff 4, rank < 10)","status":"passed","title":"plays over partner winning 5 with a 9 (diff 4, rank < 10)","duration":0.45029999999997017,"failureMessages":[],"meta":{}},{"ancestorTitles":["Bot","partner Tichu follow and go-out suppression"],"fullName":"Bot partner Tichu follow and go-out suppression passes when partner trick rank is 10 or higher","status":"passed","title":"passes when partner trick rank is 10 or higher","duration":0.3251000000000204,"failureMessages":[],"meta":{}},{"ancestorTitles":["Bot","partner Tichu follow and go-out suppression"],"fullName":"Bot partner Tichu follow and go-out suppression passes when rank difference exceeds 4","status":"passed","title":"passes when rank difference exceeds 4","duration":0.39049999999997453,"failureMessages":[],"meta":{}},{"ancestorTitles":["Bot","partner Tichu follow and go-out suppression"],"fullName":"Bot partner Tichu follow and go-out suppression does not overplay partner when partner called Tichu","status":"passed","title":"does not overplay partner when partner called Tichu","duration":0.5082999999999629,"failureMessages":[],"meta":{}},{"ancestorTitles":["Bot","partner Tichu follow and go-out suppression"],"fullName":"Bot partner Tichu follow and go-out suppression passes instead of winning when it would leave 1 card (go-out suppressed)","status":"passed","title":"passes instead of winning when it would leave 1 card (go-out suppressed)","duration":0.3874000000000706,"failureMessages":[],"meta":{}},{"ancestorTitles":["Bot","partner Tichu follow and go-out suppression"],"fullName":"Bot partner Tichu follow and go-out suppre
[...]
s when 4 players","status":"passed","title":"should mark game in progress when 4 players","duration":0.26699999999993906,"failureMessages":[],"meta":{}},{"ancestorTitles":["RoomManager","startGame"],"fullName":"RoomManager startGame should reject start with fewer than 4 players","status":"passed","title":"should reject start with fewer than 4 players","duration":0.29700000000002547,"failureMessages":[],"meta":{}},{"ancestorTitles":["RoomManager","startGame"],"fullName":"RoomManager startGame should reject double start","status":"passed","title":"should reject double start","duration":0.3242999999999938,"failureMessages":[],"meta":{}},{"ancestorTitles":["RoomManager","getPublicRooms"],"fullName":"RoomManager getPublicRooms should return public rooms","status":"passed","title":"should return public rooms","duration":0.6024999999999636,"failureMessages":[],"meta":{}},{"ancestorTitles":["RoomManager","getPublicRooms"],"fullName":"RoomManager getPublicRooms should exclude private rooms","status":"passed","title":"should exclude private rooms","duration":0.38990000000001146,"failureMessages":[],"meta":{}},{"ancestorTitles":["RoomManager","getPublicRooms"],"fullName":"RoomManager getPublicRooms should update in real-time as rooms change","status":"passed","title":"should update in real-time as rooms change","duration":0.425200000000018,"failureMessages":[],"meta":{}},{"ancestorTitles":["RoomManager","user tracking"],"fullName":"RoomManager user tracking should track user room and seat","status":"passed","title":"should track user room and seat","duration":0.26089999999999236,"failureMessages":[],"meta":{}},{"ancestorTitles":["RoomManager","user tracking"],"fullName":"RoomManager user tracking should track userId at seat","status":"passed","title":"should track userId at seat","duration":0.24350000000004002,"failureMessages":[],"meta":{}},{"ancestorTitles":["RoomManager","user tracking"],"fullName":"RoomManager user tracking should identify host","status":"passed","title":"should identify host","duration":0.25710000000003674,"failureMessages":[],"meta":{}},{"ancestorTitles":["RoomManager","user tracking"],"fullName":"RoomManager user tracking should clean up user mappings on leave","status":"passed","title":"should clean up user mappings on leave","duration":0.23080000000004475,"failureMessages":[],"meta":{}},{"ancestorTitles":["RoomManager","markDisconnected / markReconnected"],"fullName":"RoomManager markDisconnected / markReconnected should mark player as disconnected","status":"passed","title":"should mark player as disconnected","duration":0.48899999999991905,"failureMessages":[],"meta":{}},{"ancestorTitles":["RoomManager","markDisconnected / markReconnected"],"fullName":"RoomManager markDisconnected / markReconnected should mark player as reconnected","status":"passed","title":"should mark player as reconnected","duration":0.2685000000000173,"failureMessages":[],"meta":{}},{"ancestorTitles":["RoomManager","markDisconnected / markReconnected"],"fullName":"RoomManager markDisconnected / markReconnected should return undefined for unknown user","status":"passed","title":"should return undefined for unknown user","duration":0.16660000000001673,"failureMessages":[],"meta":{}},{"ancestorTitles":["RoomManager","stale room cleanup"],"fullName":"RoomManager stale room cleanup should clean up rooms with no connected humans after timeout","status":"passed","title":"should clean up rooms with no connected humans after timeout","duration":3.8483999999999696,"failureMessages":[],"meta":{}},{"ancestorTitles":["RoomManager","endGame"],"fullName":"RoomManager endGame should mark game as not in progress","status":"passed","title":"should mark game as not in progress","duration":0.3203999999999496,"failureMessages":[],"meta":{}},{"ancestorTitles":["RoomManager","fixed seat partnerships"],"fullName":"RoomManager fixed seat partnerships should assign seats in N/E/S/W order","status":"passed","title":"should assign seats in N/E/S/W order","duration":0.5407000000000153,"failureMessages":[],"meta":{}},{"ancestorTitles":["RoomManager","swapSeat"],"fullName":"RoomManager swapSeat should move player to an empty seat","status":"passed","title":"should move player to an empty seat","duration":0.6551000000000613,"failureMessages":[],"meta":{}},{"ancestorTitles":["RoomManager","swapSeat"],"fullName":"RoomManager swapSeat should move host designation when host swaps to empty seat","status":"passed","title":"should move host designation when host swaps to empty seat","duration":0.2498000000000502,"failureMessages":[],"meta":{}},{"ancestorTitles":["RoomManager","swapSeat"],"fullName":"RoomManager swapSeat should replace a bot when swapping to bot seat","status":"passed","title":"should replace a bot when swapping to bot seat","duration":0.8697999999999411,"failureMessages":[],"meta":{}},{"ancestorTitles":["RoomManager","swapSeat"],"fullName":"RoomManager swapSeat should swap two human players","status":"passed","title":"should swap two human players","duration":0.9569999999999936,"failureMessages":[],"meta":{}},{"ancestorTitles":["RoomManager","swapSeat"],"fullName":"RoomManager swapSeat should swap host designation when host swaps with another human","status":"passed","title":"should swap host designation when host swaps with another human","duration":1.2047000000000025,"failureMessages":[],"meta":{}},{"ancestorTitles":["RoomManager","swapSeat"],"fullName":"RoomManager swapSeat should reject swap during game in progress","status":"passed","title":"should reject swap during game in progress","duration":0.3509999999999991,"failureMessages":[],"meta":{}},{"ancestorTitles":["RoomManager","swapSeat"],"fullName":"RoomManager swapSeat should reject swap to same seat","status":"passed","title":"should reject swap to same seat","duration":0.32579999999995835,"failureMessages":[],"meta":{}},{"ancestorTitles":["RoomManager","swapSeat"],"fullName":"RoomManager swapSeat should reject swap if not in a room","status":"passed","title":"should reject swap if not in a room","duration":0.3303000000000793,"failureMessages":[],"meta":{}}],"startTime":1776898861310,"endTime":1776898861342.3303,"status":"passed","message":"","name":"C:/MATLAB/Claude/Tichu/code/packages/server/tests/room/room-manager.test.ts"},{"assertionResults":[{"ancestorTitles":["validateClaim (REQ-F-SJ01–SJ06)"],"fullName":"validateClaim (REQ-F-SJ01–SJ06) allows any claim when user has no prior seat (pre-deal / fresh join)","status":"passed","title":"allows any claim when user has no prior seat (pre-deal / fresh join)","duration":2.9954999999999927,"failureMessages":[],"meta":{}},{"ancestorTitles":["validateClaim (REQ-F-SJ01–SJ06)"],"fullName":"validateClaim (REQ-F-SJ01–SJ06) allows reclaim of original seat when empty","status":"passed","title":"allows reclaim of original seat when empty","duration":0.42029999999999745,"failureMessages":[],"meta":{}},{"ancestorTitles":["validateClaim (REQ-F-SJ01–SJ06)"],"fullName":"validateClaim (REQ-F-SJ01–SJ06) allows reclaim of original seat when held by a bot","status":"passed","title":"allows reclaim of original seat when held by a bot","duration":0.2823999999999387,"failureMessages":[],"meta":{}},{"ancestorTitles":["validateClaim (REQ-F-SJ01–SJ06)"],"fullName":"validateClaim (REQ-F-SJ01–SJ06) rejects reclaim when original seat is held by another human","status":"passed","title":"rejects reclaim when original seat is held by another human","duration":1.0088000000000648,"failureMessages":[],"meta":{}},{"ancestorTitles":["validateClaim (REQ-F-SJ01–SJ06)"],"fullName":"validateClaim (REQ-F-SJ01–SJ06) falls back to \"another player\" when human occupant has no display name","status":"passed","title":"falls back to \"another player\" when human occupant has no display name","duration":0.5281999999999698,"failureMessages":[],"meta":{}},{"ancestorTitles":["validateClaim (REQ-F-SJ01–SJ06)"],"fullName":"validateClaim (REQ-F-SJ01–SJ06) rejects cross-seat claim and offers reclaim when original seat is empty (SJ06a)","status":"passed","title":"rejects cross-seat claim and offers reclaim when original seat is empty (SJ06a)","duration":0.5216000000000349,"failureMessages":[],"meta":{}},{"ancestorTitles":["validateClaim (REQ-F-SJ01–SJ06)"],"fullName":"validateClaim (REQ-F-SJ01–SJ06) rejects cross-seat claim and names human occupant when original seat is held (SJ06b)","status":"passed","title":"rejects cross-seat claim and names human occupant when original seat is held (SJ06b)","duration":0.44229999999993197,"failureMessages":[],"meta":{}},{"ancestorTitles":["validateClaim (REQ-F-SJ01–SJ06)"],"fullName":"validateClaim (REQ-F-SJ01–SJ06) rejects cross-seat claim and offers reclaim when original seat is bot-held (SJ06c)","status":"passed","title":"rejects cross-seat claim and offers reclaim when original seat is bot-held (SJ06c)","duration":0.3465999999999667,"failureMessages":[],"meta":{}},{"ancestorTitles":["validateClaim (REQ-F-SJ01–SJ06)"],"fullName":"validateClaim (REQ-F-SJ01–SJ06) cross-seat rejection offers reclaim when original is empty","status":"passed","title":"cross-seat rejection offers reclaim when original is empty","duration":0.45019999999999527,"failureMessages":[],"meta":{}},{"ancestorTitles":["validateClaim (REQ-F-SJ01–SJ06)"],"fullName":"validateClaim (REQ-F-SJ01–SJ06) cross-seat rejection offers reclaim when original is bot","status":"passed","title":"cross-seat rejection offers reclaim when original is bot","duration":0.24680000000000746,"failureMessages":[],"meta":{}},{"ancestorTitles":["isClaimValidationActive (REQ-F-SJ01)"],"fullName":"isClaimValidationActive (REQ-F-SJ01) returns false when no game is in progress","status":"passed","title":"returns false when no game is in progress","duration":0.23419999999998709,"failureMessages":[],"meta":{}},{"ancestorTitles":["isClaimValidationActive (REQ-F-SJ01)"],"fullName":"isClaimValidationActive (REQ-F-SJ01) returns false when game is in progress but no round dealt","status":"passed","title":"returns false when game is in progress but no round dealt","duration":0.2819999999999254,"failureMessages":[],"meta":{}},{"ancestorTitles":["isClaimValidationActive (REQ-F-SJ01)"],"fullName":"isClaimValidationActive (REQ-F-SJ01) returns true once the first round is dealt","status":"passed","title":"returns true once the first round is dealt","duration":0.16840000000001965,"failureMessages":[],"meta":{}},{"ancestorTitles":["isClaimValidationActive (REQ-F-SJ01)"],"fullName":"isClaimValidationActive (REQ-F-SJ01) returns true after some rounds have finished","status":"passed","title":"returns true after some rounds have finished","duration":0.42450000000008004,"failureMessages":[],"meta":{}},{"ancestorTitles":["isClaimValidationActive (REQ-F-SJ01)"],"fullName":"isClaimValidationActive (REQ-F-SJ01) returns true when between rounds (currentRoundNumber null but finished > 0)","status":"passed","title":"returns true when between rounds (currentRoundNumber null but finished > 0)","duration":0.22019999999997708,"failureMessages":[],"meta":{}}],"startTime":1776898864002,"endTime":1776898864011.2202,"status":"passed","message":"","name":"C:/MATLAB/Claude/Tichu/code/packages/server/tests/room/seat-eligibility.test.ts"},{"assertionResults":[{"ancestorTitles":["SeatQueue","initial state"],"fullName":"SeatQueue initial state should start idle","status":"passed","title":"should start idle","duration":5.511600000000044,"failureMessages":[],"meta":{}},{"ancestorTitles":["SeatQueue","startQueue"],"fullName":"SeatQueue startQueue should offer seat to first spectator in FIFO order","status":"passed","title":"should offer seat to first spectator in FIFO order","duration":4.169399999999996,"failureMessages":[],"meta":{}},{"ancestorTitles":["SeatQueue","startQueue"],"fullName":"SeatQueue startQueue should offer all available seats in multi-vacancy","status":"passed","title":"should offer all available seats in multi-vacancy","duration":1.1182999999999765,"failureMessages":[],"meta":{}},{"ancestorTitles":["SeatQueue","startQueue"],"fullName":"SeatQueue startQueue should send individual queue status to each waiting spectator","status":"passed","title":"should send individual queue status to each waiting spectator","duration":1.1041000000000167,"failureMessages":[],"meta":{}},{"ancestorTitles":["SeatQueue","startQueue"],"fullName":"SeatQueue startQueue should do nothing with empty seats","status":"passed","title":"should do nothing with empty seats","duration":0.5964000000000169,"failureMessages":[],"meta":{}},{"ancestorTitles":["SeatQueue","startQueue"],"fullName":"SeatQueue startQueue should do nothing with no spectators","status":"passed","title":"should do nothing with no spectators","duration":0.6897999999999911,"failureMessages":[],"meta":{}},{"ancestorTitles":["SeatQueue","handleClaim"],"fullName":"SeatQueue handleClaim should assign first available seat when no seat specified","status":"passed","title":"should assign first available seat when no seat specified","duration":1.2614000000000942,"failureMessages":[],"meta":{}},{"ancestorTitles":["SeatQueue","handleClaim"],"fullName":"SeatQueue handleClaim should assign specific seat when provided (multi-vacancy)","status":"passed","title":"should assign specific seat when provided (multi-vacancy)","duration":0.7012999999999465,"failureMessages":[],"meta":{}},{"ancestorTitles":["SeatQueue","handleClaim"],"fullName":"SeatQueue handleClaim should fall back to first available if requested seat not available","status":"passed","title":"should fall back to first available if requested seat not available","duration":0.9011999999999034,"failureMessages":[],"meta":{}},{"ancestorTitles":["SeatQueue","handleClaim"],"fullName":"SeatQueue handleClaim should finish queue when last seat is filled","status":"passed","title":"should finish queue when last seat is filled","duration":0.7981000000000904,"failureMessages":[],"meta":{}},{"ancestorTitles":["SeatQueue","handleClaim"],"fullName":"SeatQueue handleClaim should offer next seat to next spectator when more seats available","status":"passed","title":"should offer next seat to next spectator when more seats available","duration":1.1358999999999924,"failureMessages":[],"meta":{}},{"ancestorTitles":["SeatQueue","handleClaim"],"fullName":"SeatQueue handleClaim should reject claim from wrong user","status":"passed","title":"should reject claim from wrong user","duration":0.8068999999999278,"failureMessages":[],"meta":{}},{"ancestorTitles":["SeatQueue","handleClaim"],"fullName":"SeatQueue handleClaim should reject claim when idle","status":"passed","title":"should reject claim when idle","duration":0.4237999999999147,"failureMessages":[],"meta":{}},{"ancestorTitles":["SeatQueue","handleDecline (pass)"],"fullName":"SeatQueue handleDecline (pass) should advance to next spectator on decline","status":"passed","title":"should advance to next spectator on decline","duration":1.3202999999999747,"failureMessages":[],"meta":{}},{"ancestorTitles":["SeatQueue","handleDecline (pass)"],"fullName":"SeatQueue handleDecline (pass) should reject decline from wrong user","status":"passed","title":"should reject decline from wrong user","duration":0.7702000000000453,"failureMessages":[],"meta":{}},{"ancestorTitles":["SeatQueue","handleDecline (pass)"],"fullName":"SeatQueue handleDecline (pass) should remove declined user from queue entirely","status":"passed","title":"should remove declined user from queue entirely","duration":0.7636999999999716,"failureMessages":[],"meta":{}},{"ancestorTitles":["SeatQueue","handleDecline (pass)"],"fullName":"SeatQueue handleDecline (pass) should transition to up-for-grabs when all queue spectators pass","status":"passed","title":"should transition to up-for-grabs when all queue spectators pass","duration":0.8147000000000162,"failureMessages":[],"meta":{}},{"ancestorTitles":["SeatQueue","timeout"],"fullName":"SeatQueue timeout should treat timeout as pass and advance","status":"passed","title":"should treat timeout as pass and advance","duration":1.268799999999942,"failureMessages":[],"meta":{}},{"ancestorTitles":["SeatQueue","timeout"],"fullName":"SeatQueue timeout should transition to up-for-grabs when all timeout","status":"passed","title":"should transition to up-for-grabs when all timeout","duration":0.5263999999999669,"failureMessages":[],"meta":{}},{"ancestorTitles":["SeatQueue","timeout"],"fullName":"SeatQueue timeout should remove timed-out user from queue (not recycled)","status":"passed","title":"should remove timed-out user from queue (not recycled)","duration":0.4662999999999329,"failureMessages":[],"meta":{}},{"ancestorTitles":["SeatQueue","up-for-grabs phase"],"fullName":"SeatQueue up-for-grabs phase should allow any spectator to claim during up-for-grabs","status":"passed","title":"should allow any spectator to claim during up-for-grabs","duration":1.0336999999999534,"failureMessages":[],"meta":{}},{"ancestorTitles":["SeatQueue","up-for-grabs phase"],"fullName":"SeatQueue up-for-grabs phase should auto-assign first available seat (no choice in up-for-grabs)","status":"passed","title":"should auto-assign first available seat (no choice in up-for-grabs)","duration":0.9161000000000286,"failureMessages":[],"meta":{}},{"ancestorTitles":["SeatQueue","up-for-grabs phase"],"fullName":"SeatQueue up-for-grabs phase should broadcast SEATS_AVAILABLE to all current spectators (not just declined)","status":"passed","title":"should broadcast SEATS_AVAILABLE to all current spectators (not just declined)","duration":1.2386000000000195,"failureMessages":[],"meta":{}},{"ancestorTitles":["SeatQueue","handleLeave"],"fullName":"SeatQueue handleLeave should remove spectator from queue and advance if they were deciding","status":"passed","title":"should remove spectator from queue and advance if they were deciding","duration":0.6123000000000047,"failureMessages":[],"meta":{}},{"ancestorTitles":["SeatQueue","handleLeave"],"fullName":"SeatQueue handleLeave should finish queue if all spectators leave","status":"passed","title":"should finish queue if all spectators leave","duration":0.4981000000000222,"failureMessages":[],"meta":{}},{"ancestorTitles":["SeatQueue","addToQueue (late joiners)"],"fullName":"SeatQueue addToQueue (late joiners) should include late joiners in the offering round","status":"passed","title":"should include late joiners in the offering round","duration":0.7028000000000247,"failureMessages":[],"meta":{}},{"ancestorTitles":["SeatQueue","addToQueue (late joiners)"],"fullName":"SeatQueue addToQueue (late joiners) should send SEATS_AVAILABLE immediately to late joiner during up-for-grabs","status":"passed","title":"should send SEATS_AVAILABLE immediately to late joiner during up-for-grabs","duration":0.6908999999999423,"failureMessages":[],"meta":{}},{"ancestorTitles":["SeatQueue","addToQueue (late joiners)"],"fullName":"SeatQueue addToQueue (late joiners) should add late joiner to end of offering queue","status":"passed","title":"should add late joiner to end of offering queue","duration":0.5666999999999689,"failureMessages":[],"meta":{}},{"ancestorTitles":["SeatQueue","multiple seats"],"fullName":"SeatQueue multiple seats should offer seats sequentially as they are claimed","status":"passed","title":"should offer seats sequentially as they are claimed","duration":0.7391000000000076,"failureMessages":[],"meta":{}},{"ancestorTitles":["SeatQueue","multiple seats"],"fullName":"SeatQueue multiple seats should update positions as queue advances","status":"passed","title":"should update positions as queue advances","duration":0.5748999999999569,"failureMessages":[],"meta":{}},{"ancestorTitles":["SeatQueue","cleanup"],"fullName":"SeatQueue cleanup should reset all state","status":"passed","title":"should reset all state","duration":0.47050000000001546,"failureMessages":[],"meta":{}}],"startTime":1776898861785,"endTime":1776898861819.4705,"status":"passed","message":"","name":"C:/MATLAB/Claude/Tichu/code/packages/server/tests/room/seat-queue.test.ts"}]}