{"numTotalTestSuites":2,"numPassedTestSuites":2,"numFailedTestSuites":0,"numPendingTestSuites":0,"numTotalTests":4,"numPassedTests":4,"numFailedTests":0,"numPendingTests":0,"numTodoTests":0,"snapshot":{"added":0,"failure":false,"filesAdded":0,"filesRemoved":0,"filesRemovedList":[],"filesUnmatched":0,"filesUpdated":0,"matched":0,"total":0,"unchecked":0,"uncheckedKeysByFile":[],"unmatched":0,"updated":0,"didUpdate":false},"startTime":1776928033945,"success":true,"testResults":[{"assertionResults":[{"ancestorTitles":["wipe-stats-history (REQ-F-SA14)"],"fullName":"wipe-stats-history (REQ-F-SA14) wipes all 13 targeted tables and preserves users, active_games, active_rooms","status":"passed","title":"wipes all 13 targeted tables and preserves users, active_games, active_rooms","duration":120.5293999999999,"failureMessages":[],"meta":{}},{"ancestorTitles":["wipe-stats-history (REQ-F-SA14)"],"fullName":"wipe-stats-history (REQ-F-SA14) is idempotent: running twice leaves wipe tables empty with no error","status":"passed","title":"is idempotent: running twice leaves wipe tables empty with no error","duration":74.0292999999997,"failureMessages":[],"meta":{}},{"ancestorTitles":["wipe-stats-history (REQ-F-SA14)"],"fullName":"wipe-stats-history (REQ-F-SA14) runs in a single transaction (no partial wipe if a later delete fails)","status":"passed","title":"runs in a single transaction (no partial wipe if a later delete fails)","duration":69.94599999999991,"failureMessages":[],"meta":{}},{"ancestorTitles":["wipe-stats-history (REQ-F-SA14)"],"fullName":"wipe-stats-history (REQ-F-SA14) counts exactly the 13 wipe tables and 3 preserve tables (REQ-F-SA14 list integrity)","status":"passed","title":"counts exactly the 13 wipe tables and 3 preserve tables (REQ-F-SA14 list integrity)","duration":71.85539999999992,"failureMessages":[],"meta":{}}],"startTime":1776928036501,"endTime":1776928036837.8555,"status":"passed","message":"","name":"C:/MATLAB/Claude/Tichu/code/packages/server/tests/scripts/wipe-stats-history.test.ts"}]}